<?xml version="1.0" encoding="utf-8"?>
<TestRun id="c8ba4572-afe7-4c8e-9ceb-717e8e291b6e" name="gsl940@GSL940A 2026-07-07 12:39:11" runUser="CONST\gsl940" xmlns="http://microsoft.com/schemas/VisualStudio/TeamTest/2010">
  <Times creation="2026-07-07T12:39:11.0489130+08:00" queuing="2026-07-07T12:39:11.0489134+08:00" start="2026-07-07T12:39:09.2839453+08:00" finish="2026-07-07T12:51:18.8273357+08:00" />
  <TestSettings name="default" id="83c5f495-8850-4587-bb71-63bf04a9a3e3">
    <Deployment runDeploymentRoot="gsl940_GSL940A_2026-07-07_12_39_11" />
  </TestSettings>
  <Results>
    <UnitTestResult executionId="355627ad-bc35-4065-84a6-8bc8bc0569f5" testId="dc5acd7d-3d00-a3ea-5bd9-f9fabda15901" testName="DeviceLink.Tests.PS02.PS02SerialTests.Serial_GetPrecision_ShouldReturnValue" computerName="GSL940A" duration="00:00:46.9364724" startTime="2026-07-07T12:47:48.3079818+08:00" endTime="2026-07-07T12:47:48.3079823+08:00" testType="13cdc9d9-ddb5-4fa4-a97d-d965ccfc6d4b" outcome="Failed" testListId="8c84fa94-04c1-424b-9868-57a2d4851a1d" relativeResultsDirectory="355627ad-bc35-4065-84a6-8bc8bc0569f5">
      <Output>
        <StdOut>串口配置: COM101, 9600bps, 从站地址: 1&#xD;
设备已成功打开&#xD;
设备已关闭</StdOut>
        <ErrorInfo>
          <Message>DeviceLink.Session.SessionException : 请求失败: 接收超时或未收到有效数据&#xD;
---- DeviceLink.DataLink.FrameTimeoutException : 接收超时或未收到有效数据</Message>
          <StackTrace>   at DeviceLink.Session.DirectSession.SendAndReceiveAsync(Byte[] request, CancellationToken ct) in g:\DeviceLink\core\DeviceLink.Session\Implementations\DirectSession.cs:line 98&#xD;
   at DeviceLink.Device.PS02.PS02Base.SendAsync(Command command, CancellationToken ct) in g:\DeviceLink\devices\DeviceLink.Device.PS02\PS02Base.cs:line 154&#xD;
   at DeviceLink.DeviceBase.DeviceBase.SendForResultAsync[T](Command command, Func`2 decoder, CancellationToken ct) in g:\DeviceLink\core\DeviceLink.DeviceBase\DeviceBase.cs:line 431&#xD;
   at DeviceLink.Device.PS02.PS02Base.GetPrecisionAsync(CancellationToken ct) in g:\DeviceLink\devices\DeviceLink.Device.PS02\PS02Base.cs:line 342&#xD;
   at DeviceLink.Tests.PS02.PS02SerialTests.Serial_GetPrecision_ShouldReturnValue() in g:\DeviceLink\tests\DeviceLink.Tests.PS02\PS02SerialTests.cs:line 529&#xD;
   at DeviceLink.Tests.PS02.PS02SerialTests.Serial_GetPrecision_ShouldReturnValue() in g:\DeviceLink\tests\DeviceLink.Tests.PS02\PS02SerialTests.cs:line 537&#xD;
--- End of stack trace from previous location ---&#xD;
----- Inner Stack Trace -----&#xD;
   at DeviceLink.DataLink.DirectDataLink.SendAndReceiveFrameAsync(Byte[] frameData, CancellationToken ct) in g:\DeviceLink\core\DeviceLink.DataLink\Implementations\DirectDataLink.cs:line 141&#xD;
   at DeviceLink.Session.DirectSession.SendAndReceiveAsync(Byte[] request, CancellationToken ct) in g:\DeviceLink\core\DeviceLink.Session\Implementations\DirectSession.cs:line 83</StackTrace>
        </ErrorInfo>
      </Output>
    </UnitTestResult>
    <UnitTestResult executionId="2d5ff814-f96d-420d-9a83-30e4aa49fcd1" testId="56820444-5393-16ed-26e0-504f8866be18" testName="DeviceLink.Tests.PS02.CpplV3FrameStrategyTests.BuildFrame_ShouldContainTargetAddress" computerName="GSL940A" duration="00:00:00.0001088" startTime="2026-07-07T12:39:10.9681064+08:00" endTime="2026-07-07T12:39:10.9681064+08:00" testType="13cdc9d9-ddb5-4fa4-a97d-d965ccfc6d4b" outcome="Passed" testListId="8c84fa94-04c1-424b-9868-57a2d4851a1d" relativeResultsDirectory="2d5ff814-f96d-420d-9a83-30e4aa49fcd1" />
    <UnitTestResult executionId="fce05e87-219e-4ecc-9895-249c88253ef3" testId="435ff7a0-a30b-b4c9-64fd-b0b839e73459" testName="DeviceLink.Tests.PS02.CpplV3FrameStrategyTests.TryParseFrame_InvalidCrc8_ShouldReturnFalse" computerName="GSL940A" duration="00:00:00.0000980" startTime="2026-07-07T12:39:10.9667399+08:00" endTime="2026-07-07T12:39:10.9667400+08:00" testType="13cdc9d9-ddb5-4fa4-a97d-d965ccfc6d4b" outcome="Passed" testListId="8c84fa94-04c1-424b-9868-57a2d4851a1d" relativeResultsDirectory="fce05e87-219e-4ecc-9895-249c88253ef3" />
    <UnitTestResult executionId="b4511222-d383-421f-8dc2-66694566d91e" testId="276a1477-d794-8484-1d2b-4d9795a64b18" testName="DeviceLink.Tests.PS02.PS02Tests.GetModuleTypeAsync_ShouldReturnType" computerName="GSL940A" duration="00:00:00.0415102" startTime="2026-07-07T12:39:16.2600197+08:00" endTime="2026-07-07T12:39:16.2600202+08:00" testType="13cdc9d9-ddb5-4fa4-a97d-d965ccfc6d4b" outcome="Passed" testListId="8c84fa94-04c1-424b-9868-57a2d4851a1d" relativeResultsDirectory="b4511222-d383-421f-8dc2-66694566d91e" />
    <UnitTestResult executionId="99c54f18-e86a-443d-bbae-b2f83ac05d01" testId="b518883d-c17f-dfde-4636-43ef1c4ab6dd" testName="DeviceLink.Tests.PS02.ConverterSerialTests.Converter_DisableAllOutput_ShouldSucceed" computerName="GSL940A" duration="00:00:00.0024895" startTime="2026-07-07T12:39:10.9720662+08:00" endTime="2026-07-07T12:39:10.9720662+08:00" testType="13cdc9d9-ddb5-4fa4-a97d-d965ccfc6d4b" outcome="Passed" testListId="8c84fa94-04c1-424b-9868-57a2d4851a1d" relativeResultsDirectory="99c54f18-e86a-443d-bbae-b2f83ac05d01">
      <Output>
        <StdOut>串口配置: COM101, 9600bps, 从站地址: 1&#xD;
串口 COM101 不可用: Access to the path 'COM101' is denied.&#xD;
跳过测试: 串口不可用</StdOut>
      </Output>
    </UnitTestResult>
    <UnitTestResult executionId="2fb16271-fb89-4ccf-9d6e-86cd466c14ca" testId="f14213ef-efe7-3412-4a98-c05fe11aa3ee" testName="DeviceLink.Tests.PS02.ConverterSerialTests.Converter_EnableOwiViaConverter_ShouldSucceed" computerName="GSL940A" duration="00:00:00.0059016" startTime="2026-07-07T12:39:10.9701273+08:00" endTime="2026-07-07T12:39:10.9701274+08:00" testType="13cdc9d9-ddb5-4fa4-a97d-d965ccfc6d4b" outcome="Passed" testListId="8c84fa94-04c1-424b-9868-57a2d4851a1d" relativeResultsDirectory="2fb16271-fb89-4ccf-9d6e-86cd466c14ca">
      <Output>
        <StdOut>串口配置: COM101, 9600bps, 从站地址: 1&#xD;
串口 COM101 不可用: Access to the path 'COM101' is denied.&#xD;
跳过测试: 串口不可用</StdOut>
      </Output>
    </UnitTestResult>
    <UnitTestResult executionId="5a019638-a848-4262-8a9f-2736be192aba" testId="cfb9c40d-4c07-9351-926c-6cb214345f4f" testName="DeviceLink.Tests.PS02.PS02Tests.GetConverterModelAsync_ShouldReturnModel" computerName="GSL940A" duration="00:00:00.1186311" startTime="2026-07-07T12:39:10.9959024+08:00" endTime="2026-07-07T12:39:10.9959028+08:00" testType="13cdc9d9-ddb5-4fa4-a97d-d965ccfc6d4b" outcome="Passed" testListId="8c84fa94-04c1-424b-9868-57a2d4851a1d" relativeResultsDirectory="5a019638-a848-4262-8a9f-2736be192aba" />
    <UnitTestResult executionId="b6200de1-c1ab-4cf5-b3bc-e5e91bc458ef" testId="bd650601-60c3-b196-2791-679b7a280d74" testName="DeviceLink.Tests.PS02.ConverterCommandTests.BuildRawFrame_ReadParameter_ShouldMatchDocumentSample" computerName="GSL940A" duration="00:00:00.0001849" startTime="2026-07-07T12:39:10.9703026+08:00" endTime="2026-07-07T12:39:10.9703027+08:00" testType="13cdc9d9-ddb5-4fa4-a97d-d965ccfc6d4b" outcome="Passed" testListId="8c84fa94-04c1-424b-9868-57a2d4851a1d" relativeResultsDirectory="b6200de1-c1ab-4cf5-b3bc-e5e91bc458ef">
      <Output>
        <StdOut>期望: 55 03 23 01 00 36 22 11 01 03 07 00 00 DB FF FF&#xD;
实际: 55 03 23 01 00 36 22 11 01 03 07 00 00 DB FF FF</StdOut>
      </Output>
    </UnitTestResult>
    <UnitTestResult executionId="50e5ec2e-481e-4e8c-9cdd-24697ee93223" testId="f18b8abc-4315-6112-fa31-2efa8c00dc56" testName="DeviceLink.Tests.PS02.CpplV3FrameStrategyTests.BuildFrame_ControlField_ShouldBe0x03" computerName="GSL940A" duration="00:00:00.0000824" startTime="2026-07-07T12:39:10.9667655+08:00" endTime="2026-07-07T12:39:10.9667655+08:00" testType="13cdc9d9-ddb5-4fa4-a97d-d965ccfc6d4b" outcome="Passed" testListId="8c84fa94-04c1-424b-9868-57a2d4851a1d" relativeResultsDirectory="50e5ec2e-481e-4e8c-9cdd-24697ee93223" />
    <UnitTestResult executionId="9040fdbd-0b26-450c-8a7c-62e88a3bd3bc" testId="18b4847f-c4ab-a116-e291-693d520341ec" testName="DeviceLink.Tests.PS02.PS02SerialTests.Serial_ReadRegisters_ShouldReturnMultipleValues" computerName="GSL940A" duration="00:00:46.8790282" startTime="2026-07-07T12:44:40.3855640+08:00" endTime="2026-07-07T12:44:40.3855642+08:00" testType="13cdc9d9-ddb5-4fa4-a97d-d965ccfc6d4b" outcome="Failed" testListId="8c84fa94-04c1-424b-9868-57a2d4851a1d" relativeResultsDirectory="9040fdbd-0b26-450c-8a7c-62e88a3bd3bc">
      <Output>
        <StdOut>串口配置: COM101, 9600bps, 从站地址: 1&#xD;
设备已成功打开&#xD;
设备已关闭</StdOut>
        <ErrorInfo>
          <Message>DeviceLink.Session.SessionException : 请求失败: 接收超时或未收到有效数据&#xD;
---- DeviceLink.DataLink.FrameTimeoutException : 接收超时或未收到有效数据</Message>
          <StackTrace>   at DeviceLink.Session.DirectSession.SendAndReceiveAsync(Byte[] request, CancellationToken ct) in g:\DeviceLink\core\DeviceLink.Session\Implementations\DirectSession.cs:line 98&#xD;
   at DeviceLink.Device.PS02.PS02Base.SendAsync(Command command, CancellationToken ct) in g:\DeviceLink\devices\DeviceLink.Device.PS02\PS02Base.cs:line 154&#xD;
   at DeviceLink.DeviceBase.DeviceBase.SendForResultAsync[T](Command command, Func`2 decoder, CancellationToken ct) in g:\DeviceLink\core\DeviceLink.DeviceBase\DeviceBase.cs:line 431&#xD;
   at DeviceLink.Device.PS02.PS02Base.ReadRegistersAsync(UInt16 startAddress, UInt16 count, CancellationToken ct) in g:\DeviceLink\devices\DeviceLink.Device.PS02\PS02Base.cs:line 248&#xD;
   at DeviceLink.Tests.PS02.PS02SerialTests.Serial_ReadRegisters_ShouldReturnMultipleValues() in g:\DeviceLink\tests\DeviceLink.Tests.PS02\PS02SerialTests.cs:line 716&#xD;
   at DeviceLink.Tests.PS02.PS02SerialTests.Serial_ReadRegisters_ShouldReturnMultipleValues() in g:\DeviceLink\tests\DeviceLink.Tests.PS02\PS02SerialTests.cs:line 729&#xD;
--- End of stack trace from previous location ---&#xD;
----- Inner Stack Trace -----&#xD;
   at DeviceLink.DataLink.DirectDataLink.SendAndReceiveFrameAsync(Byte[] frameData, CancellationToken ct) in g:\DeviceLink\core\DeviceLink.DataLink\Implementations\DirectDataLink.cs:line 141&#xD;
   at DeviceLink.Session.DirectSession.SendAndReceiveAsync(Byte[] request, CancellationToken ct) in g:\DeviceLink\core\DeviceLink.Session\Implementations\DirectSession.cs:line 83</StackTrace>
        </ErrorInfo>
      </Output>
    </UnitTestResult>
    <UnitTestResult executionId="f2142c66-ec54-45ac-b6a2-6032dc2a5ff8" testId="67be8751-ba94-3b34-a1ae-b44d2578591c" testName="DeviceLink.Tests.PS02.PS02SerialTests.Serial_GetModuleType_ShouldReturnValue" computerName="GSL940A" duration="00:00:46.9506947" startTime="2026-07-07T12:50:31.8340006+08:00" endTime="2026-07-07T12:50:31.8340008+08:00" testType="13cdc9d9-ddb5-4fa4-a97d-d965ccfc6d4b" outcome="Failed" testListId="8c84fa94-04c1-424b-9868-57a2d4851a1d" relativeResultsDirectory="f2142c66-ec54-45ac-b6a2-6032dc2a5ff8">
      <Output>
        <StdOut>串口配置: COM101, 9600bps, 从站地址: 1&#xD;
设备已成功打开&#xD;
设备已关闭</StdOut>
        <ErrorInfo>
          <Message>DeviceLink.Session.SessionException : 请求失败: 接收超时或未收到有效数据&#xD;
---- DeviceLink.DataLink.FrameTimeoutException : 接收超时或未收到有效数据</Message>
          <StackTrace>   at DeviceLink.Session.DirectSession.SendAndReceiveAsync(Byte[] request, CancellationToken ct) in g:\DeviceLink\core\DeviceLink.Session\Implementations\DirectSession.cs:line 98&#xD;
   at DeviceLink.Device.PS02.PS02Base.SendAsync(Command command, CancellationToken ct) in g:\DeviceLink\devices\DeviceLink.Device.PS02\PS02Base.cs:line 154&#xD;
   at DeviceLink.DeviceBase.DeviceBase.SendForResultAsync[T](Command command, Func`2 decoder, CancellationToken ct) in g:\DeviceLink\core\DeviceLink.DeviceBase\DeviceBase.cs:line 431&#xD;
   at DeviceLink.Device.PS02.PS02Base.GetModuleTypeAsync(CancellationToken ct) in g:\DeviceLink\devices\DeviceLink.Device.PS02\PS02Base.cs:line 438&#xD;
   at DeviceLink.Tests.PS02.PS02SerialTests.Serial_GetModuleType_ShouldReturnValue() in g:\DeviceLink\tests\DeviceLink.Tests.PS02\PS02SerialTests.cs:line 581&#xD;
   at DeviceLink.Tests.PS02.PS02SerialTests.Serial_GetModuleType_ShouldReturnValue() in g:\DeviceLink\tests\DeviceLink.Tests.PS02\PS02SerialTests.cs:line 589&#xD;
--- End of stack trace from previous location ---&#xD;
----- Inner Stack Trace -----&#xD;
   at DeviceLink.DataLink.DirectDataLink.SendAndReceiveFrameAsync(Byte[] frameData, CancellationToken ct) in g:\DeviceLink\core\DeviceLink.DataLink\Implementations\DirectDataLink.cs:line 141&#xD;
   at DeviceLink.Session.DirectSession.SendAndReceiveAsync(Byte[] request, CancellationToken ct) in g:\DeviceLink\core\DeviceLink.Session\Implementations\DirectSession.cs:line 83</StackTrace>
        </ErrorInfo>
      </Output>
    </UnitTestResult>
    <UnitTestResult executionId="6d365ff0-68f8-4654-a108-6a588099d2ba" testId="2680a955-c917-3012-cd93-92d3bc73ff56" testName="DeviceLink.Tests.PS02.PS02SerialTests.Serial_SetMigrationRange_ShouldSucceed" computerName="GSL940A" duration="00:00:47.1016438" startTime="2026-07-07T12:48:35.4066901+08:00" endTime="2026-07-07T12:48:35.4066904+08:00" testType="13cdc9d9-ddb5-4fa4-a97d-d965ccfc6d4b" outcome="Failed" testListId="8c84fa94-04c1-424b-9868-57a2d4851a1d" relativeResultsDirectory="6d365ff0-68f8-4654-a108-6a588099d2ba">
      <Output>
        <StdOut>串口配置: COM101, 9600bps, 从站地址: 1&#xD;
设备已成功打开&#xD;
设备已关闭</StdOut>
        <ErrorInfo>
          <Message>DeviceLink.Session.SessionException : 请求失败: 接收超时或未收到有效数据&#xD;
---- DeviceLink.DataLink.FrameTimeoutException : 接收超时或未收到有效数据</Message>
          <StackTrace>   at DeviceLink.Session.DirectSession.SendAndReceiveAsync(Byte[] request, CancellationToken ct) in g:\DeviceLink\core\DeviceLink.Session\Implementations\DirectSession.cs:line 98&#xD;
   at DeviceLink.Device.PS02.PS02Base.SendAsync(Command command, CancellationToken ct) in g:\DeviceLink\devices\DeviceLink.Device.PS02\PS02Base.cs:line 154&#xD;
   at DeviceLink.DeviceBase.DeviceBase.SendForResultAsync[T](Command command, Func`2 decoder, CancellationToken ct) in g:\DeviceLink\core\DeviceLink.DeviceBase\DeviceBase.cs:line 431&#xD;
   at DeviceLink.Device.PS02.PS02Base.GetMigrationRangeAsync(CancellationToken ct) in g:\DeviceLink\devices\DeviceLink.Device.PS02\PS02Base.cs:line 382&#xD;
   at DeviceLink.Tests.PS02.PS02SerialTests.Serial_SetMigrationRange_ShouldSucceed() in g:\DeviceLink\tests\DeviceLink.Tests.PS02\PS02SerialTests.cs:line 637&#xD;
   at DeviceLink.Tests.PS02.PS02SerialTests.Serial_SetMigrationRange_ShouldSucceed() in g:\DeviceLink\tests\DeviceLink.Tests.PS02\PS02SerialTests.cs:line 668&#xD;
--- End of stack trace from previous location ---&#xD;
----- Inner Stack Trace -----&#xD;
   at DeviceLink.DataLink.DirectDataLink.SendAndReceiveFrameAsync(Byte[] frameData, CancellationToken ct) in g:\DeviceLink\core\DeviceLink.DataLink\Implementations\DirectDataLink.cs:line 141&#xD;
   at DeviceLink.Session.DirectSession.SendAndReceiveAsync(Byte[] request, CancellationToken ct) in g:\DeviceLink\core\DeviceLink.Session\Implementations\DirectSession.cs:line 83</StackTrace>
        </ErrorInfo>
      </Output>
    </UnitTestResult>
    <UnitTestResult executionId="ca7c22a7-c329-4190-9912-9241d8626c60" testId="5a3ef1c6-28dc-95ca-5415-abfa886d97d0" testName="DeviceLink.Tests.PS02.PS02SerialTests.Serial_GetPressureType_ShouldReturnValidType" computerName="GSL940A" duration="00:00:46.9396827" startTime="2026-07-07T12:40:44.8368519+08:00" endTime="2026-07-07T12:40:44.8368521+08:00" testType="13cdc9d9-ddb5-4fa4-a97d-d965ccfc6d4b" outcome="Failed" testListId="8c84fa94-04c1-424b-9868-57a2d4851a1d" relativeResultsDirectory="ca7c22a7-c329-4190-9912-9241d8626c60">
      <Output>
        <StdOut>串口配置: COM101, 9600bps, 从站地址: 1&#xD;
设备已成功打开&#xD;
设备已关闭</StdOut>
        <ErrorInfo>
          <Message>DeviceLink.Session.SessionException : 请求失败: 接收超时或未收到有效数据&#xD;
---- DeviceLink.DataLink.FrameTimeoutException : 接收超时或未收到有效数据</Message>
          <StackTrace>   at DeviceLink.Session.DirectSession.SendAndReceiveAsync(Byte[] request, CancellationToken ct) in g:\DeviceLink\core\DeviceLink.Session\Implementations\DirectSession.cs:line 98&#xD;
   at DeviceLink.Device.PS02.PS02Base.SendAsync(Command command, CancellationToken ct) in g:\DeviceLink\devices\DeviceLink.Device.PS02\PS02Base.cs:line 154&#xD;
   at DeviceLink.DeviceBase.DeviceBase.SendForResultAsync[T](Command command, Func`2 decoder, CancellationToken ct) in g:\DeviceLink\core\DeviceLink.DeviceBase\DeviceBase.cs:line 431&#xD;
   at DeviceLink.Device.PS02.PS02Base.GetPressureTypeAsync(CancellationToken ct) in g:\DeviceLink\devices\DeviceLink.Device.PS02\PS02Base.cs:line 361&#xD;
   at DeviceLink.Tests.PS02.PS02SerialTests.Serial_GetPressureType_ShouldReturnValidType() in g:\DeviceLink\tests\DeviceLink.Tests.PS02\PS02SerialTests.cs:line 554&#xD;
   at DeviceLink.Tests.PS02.PS02SerialTests.Serial_GetPressureType_ShouldReturnValidType() in g:\DeviceLink\tests\DeviceLink.Tests.PS02\PS02SerialTests.cs:line 564&#xD;
--- End of stack trace from previous location ---&#xD;
----- Inner Stack Trace -----&#xD;
   at DeviceLink.DataLink.DirectDataLink.SendAndReceiveFrameAsync(Byte[] frameData, CancellationToken ct) in g:\DeviceLink\core\DeviceLink.DataLink\Implementations\DirectDataLink.cs:line 141&#xD;
   at DeviceLink.Session.DirectSession.SendAndReceiveAsync(Byte[] request, CancellationToken ct) in g:\DeviceLink\core\DeviceLink.Session\Implementations\DirectSession.cs:line 83</StackTrace>
        </ErrorInfo>
      </Output>
    </UnitTestResult>
    <UnitTestResult executionId="0d34f318-6302-4bf8-9efb-71e2bbcb8134" testId="5b7f78f9-dfd1-541a-429b-70cfb5ac774f" testName="DeviceLink.Tests.PS02.PS02Tests.ConverterError_ShouldThrowDeviceException" computerName="GSL940A" duration="00:00:00.0305617" startTime="2026-07-07T12:39:16.2905088+08:00" endTime="2026-07-07T12:39:16.2905089+08:00" testType="13cdc9d9-ddb5-4fa4-a97d-d965ccfc6d4b" outcome="Passed" testListId="8c84fa94-04c1-424b-9868-57a2d4851a1d" relativeResultsDirectory="0d34f318-6302-4bf8-9efb-71e2bbcb8134" />
    <UnitTestResult executionId="d83e0c02-c1be-420d-adba-a156c4c0aa37" testId="c23e3320-ca14-6a67-fc78-059a5cbde885" testName="DeviceLink.Tests.PS02.PS02Tests.GetPressureAsync_TransportTimeout_ShouldThrow" computerName="GSL940A" duration="00:00:01.0357447" startTime="2026-07-07T12:39:17.5842410+08:00" endTime="2026-07-07T12:39:17.5842411+08:00" testType="13cdc9d9-ddb5-4fa4-a97d-d965ccfc6d4b" outcome="Passed" testListId="8c84fa94-04c1-424b-9868-57a2d4851a1d" relativeResultsDirectory="d83e0c02-c1be-420d-adba-a156c4c0aa37" />
    <UnitTestResult executionId="06021fc8-dc5f-4914-9978-2fa4c5b95a89" testId="3a451865-51c8-f282-71d0-3a5a62968de8" testName="DeviceLink.Tests.PS02.PS02SerialTests.Serial_GetSerialNumber_ShouldReturnNonEmpty" computerName="GSL940A" duration="00:00:46.9177498" startTime="2026-07-07T12:43:53.5081991+08:00" endTime="2026-07-07T12:43:53.5081994+08:00" testType="13cdc9d9-ddb5-4fa4-a97d-d965ccfc6d4b" outcome="Failed" testListId="8c84fa94-04c1-424b-9868-57a2d4851a1d" relativeResultsDirectory="06021fc8-dc5f-4914-9978-2fa4c5b95a89">
      <Output>
        <StdOut>串口配置: COM101, 9600bps, 从站地址: 1&#xD;
设备已成功打开&#xD;
设备已关闭</StdOut>
        <ErrorInfo>
          <Message>DeviceLink.Session.SessionException : 请求失败: 接收超时或未收到有效数据&#xD;
---- DeviceLink.DataLink.FrameTimeoutException : 接收超时或未收到有效数据</Message>
          <StackTrace>   at DeviceLink.Session.DirectSession.SendAndReceiveAsync(Byte[] request, CancellationToken ct) in g:\DeviceLink\core\DeviceLink.Session\Implementations\DirectSession.cs:line 98&#xD;
   at DeviceLink.Device.PS02.PS02Base.SendAsync(Command command, CancellationToken ct) in g:\DeviceLink\devices\DeviceLink.Device.PS02\PS02Base.cs:line 154&#xD;
   at DeviceLink.DeviceBase.DeviceBase.SendForResultAsync[T](Command command, Func`2 decoder, CancellationToken ct) in g:\DeviceLink\core\DeviceLink.DeviceBase\DeviceBase.cs:line 431&#xD;
   at DeviceLink.Device.PS02.PS02Base.GetSerialNumberAsync(CancellationToken ct) in g:\DeviceLink\devices\DeviceLink.Device.PS02\PS02Base.cs:line 328&#xD;
   at DeviceLink.Tests.PS02.PS02SerialTests.Serial_GetSerialNumber_ShouldReturnNonEmpty() in g:\DeviceLink\tests\DeviceLink.Tests.PS02\PS02SerialTests.cs:line 214&#xD;
   at DeviceLink.Tests.PS02.PS02SerialTests.Serial_GetSerialNumber_ShouldReturnNonEmpty() in g:\DeviceLink\tests\DeviceLink.Tests.PS02\PS02SerialTests.cs:line 223&#xD;
--- End of stack trace from previous location ---&#xD;
----- Inner Stack Trace -----&#xD;
   at DeviceLink.DataLink.DirectDataLink.SendAndReceiveFrameAsync(Byte[] frameData, CancellationToken ct) in g:\DeviceLink\core\DeviceLink.DataLink\Implementations\DirectDataLink.cs:line 141&#xD;
   at DeviceLink.Session.DirectSession.SendAndReceiveAsync(Byte[] request, CancellationToken ct) in g:\DeviceLink\core\DeviceLink.Session\Implementations\DirectSession.cs:line 83</StackTrace>
        </ErrorInfo>
      </Output>
    </UnitTestResult>
    <UnitTestResult executionId="e3823575-be5c-4233-b5f2-f258c6a4a05f" testId="cf5257af-73d6-787f-8ae5-0fa5357f2a0b" testName="DeviceLink.Tests.PS02.ConverterSerialTests.Converter_GetFirmwareVersion_ShouldReturnNonEmpty" computerName="GSL940A" duration="00:00:00.0012806" startTime="2026-07-07T12:39:10.9700834+08:00" endTime="2026-07-07T12:39:10.9700835+08:00" testType="13cdc9d9-ddb5-4fa4-a97d-d965ccfc6d4b" outcome="Passed" testListId="8c84fa94-04c1-424b-9868-57a2d4851a1d" relativeResultsDirectory="e3823575-be5c-4233-b5f2-f258c6a4a05f">
      <Output>
        <StdOut>串口配置: COM101, 9600bps, 从站地址: 1&#xD;
串口 COM101 不可用: Access to the path 'COM101' is denied.&#xD;
跳过测试: 串口不可用</StdOut>
      </Output>
    </UnitTestResult>
    <UnitTestResult executionId="2ff2f5ec-71b7-43c5-9c25-f7960240f623" testId="3704c466-a18c-fc63-e597-cc9c8f24da57" testName="DeviceLink.Tests.PS02.CpplV3FrameStrategyTests.TryParseFrame_ValidFrame_ShouldReturnTrue" computerName="GSL940A" duration="00:00:00.0001521" startTime="2026-07-07T12:39:10.9681700+08:00" endTime="2026-07-07T12:39:10.9681700+08:00" testType="13cdc9d9-ddb5-4fa4-a97d-d965ccfc6d4b" outcome="Passed" testListId="8c84fa94-04c1-424b-9868-57a2d4851a1d" relativeResultsDirectory="2ff2f5ec-71b7-43c5-9c25-f7960240f623" />
    <UnitTestResult executionId="a2bf41d8-c2f7-45d5-8285-93218ae33979" testId="a16ca6a4-69fd-df95-1393-1ed88b477e36" testName="DeviceLink.Tests.PS02.PS02Tests.GetCalibrationCountAsync_ShouldReturnCount" computerName="GSL940A" duration="00:00:00.0291608" startTime="2026-07-07T12:39:17.6359555+08:00" endTime="2026-07-07T12:39:17.6359558+08:00" testType="13cdc9d9-ddb5-4fa4-a97d-d965ccfc6d4b" outcome="Passed" testListId="8c84fa94-04c1-424b-9868-57a2d4851a1d" relativeResultsDirectory="a2bf41d8-c2f7-45d5-8285-93218ae33979" />
    <UnitTestResult executionId="1d67bd8e-effa-4f60-ac08-7977bbaedcc2" testId="b8a35d9e-8dbe-2eff-b86f-a4ea993922a5" testName="DeviceLink.Tests.PS02.PS02SerialTests.Serial_GetPressureF40_ShouldReturnValue" computerName="GSL940A" duration="00:00:47.0300132" startTime="2026-07-07T12:43:05.9539645+08:00" endTime="2026-07-07T12:43:05.9539649+08:00" testType="13cdc9d9-ddb5-4fa4-a97d-d965ccfc6d4b" outcome="Failed" testListId="8c84fa94-04c1-424b-9868-57a2d4851a1d" relativeResultsDirectory="1d67bd8e-effa-4f60-ac08-7977bbaedcc2">
      <Output>
        <StdOut>串口配置: COM101, 9600bps, 从站地址: 1&#xD;
设备已成功打开&#xD;
设备已关闭</StdOut>
        <ErrorInfo>
          <Message>DeviceLink.Session.SessionException : 请求失败: 接收超时或未收到有效数据&#xD;
---- DeviceLink.DataLink.FrameTimeoutException : 接收超时或未收到有效数据</Message>
          <StackTrace>   at DeviceLink.Session.DirectSession.SendAndReceiveAsync(Byte[] request, CancellationToken ct) in g:\DeviceLink\core\DeviceLink.Session\Implementations\DirectSession.cs:line 98&#xD;
   at DeviceLink.Device.PS02.PS02Base.SendAsync(Command command, CancellationToken ct) in g:\DeviceLink\devices\DeviceLink.Device.PS02\PS02Base.cs:line 154&#xD;
   at DeviceLink.DeviceBase.DeviceBase.SendForResultAsync[T](Command command, Func`2 decoder, CancellationToken ct) in g:\DeviceLink\core\DeviceLink.DeviceBase\DeviceBase.cs:line 431&#xD;
   at DeviceLink.Device.PS02.PS02Base.GetPressureF40Async(CancellationToken ct) in g:\DeviceLink\devices\DeviceLink.Device.PS02\PS02Base.cs:line 310&#xD;
   at DeviceLink.Tests.PS02.PS02SerialTests.Serial_GetPressureF40_ShouldReturnValue() in g:\DeviceLink\tests\DeviceLink.Tests.PS02\PS02SerialTests.cs:line 492&#xD;
   at DeviceLink.Tests.PS02.PS02SerialTests.Serial_GetPressureF40_ShouldReturnValue() in g:\DeviceLink\tests\DeviceLink.Tests.PS02\PS02SerialTests.cs:line 508&#xD;
--- End of stack trace from previous location ---&#xD;
----- Inner Stack Trace -----&#xD;
   at DeviceLink.DataLink.DirectDataLink.SendAndReceiveFrameAsync(Byte[] frameData, CancellationToken ct) in g:\DeviceLink\core\DeviceLink.DataLink\Implementations\DirectDataLink.cs:line 141&#xD;
   at DeviceLink.Session.DirectSession.SendAndReceiveAsync(Byte[] request, CancellationToken ct) in g:\DeviceLink\core\DeviceLink.Session\Implementations\DirectSession.cs:line 83</StackTrace>
        </ErrorInfo>
      </Output>
    </UnitTestResult>
    <UnitTestResult executionId="d37a6300-61aa-4116-9182-88dc8d9dfc71" testId="b5fbbab8-5d80-ffce-98e4-7ffd381c8f3f" testName="DeviceLink.Tests.PS02.PS02Tests.GetIdentificationAsync_ShouldReturnAllInfo" computerName="GSL940A" duration="00:00:00.0932040" startTime="2026-07-07T12:39:16.3844246+08:00" endTime="2026-07-07T12:39:16.3844248+08:00" testType="13cdc9d9-ddb5-4fa4-a97d-d965ccfc6d4b" outcome="Passed" testListId="8c84fa94-04c1-424b-9868-57a2d4851a1d" relativeResultsDirectory="d37a6300-61aa-4116-9182-88dc8d9dfc71" />
    <UnitTestResult executionId="610065e2-c155-463a-9297-af40fd0b2e28" testId="2017317d-25e6-785e-689b-f5f4945a57a3" testName="DeviceLink.Tests.PS02.ConverterCommandTests.BuildRawFrame_ReadFirmwareVersion_ShouldMatchDocumentSample" computerName="GSL940A" duration="00:00:00.0168140" startTime="2026-07-07T12:39:10.9685688+08:00" endTime="2026-07-07T12:39:10.9685689+08:00" testType="13cdc9d9-ddb5-4fa4-a97d-d965ccfc6d4b" outcome="Passed" testListId="8c84fa94-04c1-424b-9868-57a2d4851a1d" relativeResultsDirectory="610065e2-c155-463a-9297-af40fd0b2e28">
      <Output>
        <StdOut>期望: 55 03 23 01 00 36 22 11 06 01 02 00 00 1E FF FF&#xD;
实际: 55 03 23 01 00 36 22 11 06 01 02 00 00 1E FF FF</StdOut>
      </Output>
    </UnitTestResult>
    <UnitTestResult executionId="14c053a6-82d2-43be-9d87-36d27cf3f9c9" testId="63b8e137-cc10-a089-3dc6-8caf422a913c" testName="DeviceLink.Tests.PS02.CpplV3FrameStrategyTests.TryParseFrame_InvalidCrc16_ShouldReturnFalse" computerName="GSL940A" duration="00:00:00.0001015" startTime="2026-07-07T12:39:10.9681403+08:00" endTime="2026-07-07T12:39:10.9681403+08:00" testType="13cdc9d9-ddb5-4fa4-a97d-d965ccfc6d4b" outcome="Passed" testListId="8c84fa94-04c1-424b-9868-57a2d4851a1d" relativeResultsDirectory="14c053a6-82d2-43be-9d87-36d27cf3f9c9" />
    <UnitTestResult executionId="f1643a12-ac27-4823-8bb2-add6f157832f" testId="24bf28f0-8127-6254-37e6-4ccccd73c498" testName="DeviceLink.Tests.PS02.PS02SerialTests.Serial_MultipleReads_ShouldBeConsistent" computerName="GSL940A" duration="00:00:46.8546180" startTime="2026-07-07T12:51:18.6844127+08:00" endTime="2026-07-07T12:51:18.6844129+08:00" testType="13cdc9d9-ddb5-4fa4-a97d-d965ccfc6d4b" outcome="Failed" testListId="8c84fa94-04c1-424b-9868-57a2d4851a1d" relativeResultsDirectory="f1643a12-ac27-4823-8bb2-add6f157832f">
      <Output>
        <StdOut>串口配置: COM101, 9600bps, 从站地址: 1&#xD;
设备已成功打开&#xD;
设备已关闭</StdOut>
        <ErrorInfo>
          <Message>DeviceLink.Session.SessionException : 请求失败: 接收超时或未收到有效数据&#xD;
---- DeviceLink.DataLink.FrameTimeoutException : 接收超时或未收到有效数据</Message>
          <StackTrace>   at DeviceLink.Session.DirectSession.SendAndReceiveAsync(Byte[] request, CancellationToken ct) in g:\DeviceLink\core\DeviceLink.Session\Implementations\DirectSession.cs:line 98&#xD;
   at DeviceLink.Device.PS02.PS02Base.SendAsync(Command command, CancellationToken ct) in g:\DeviceLink\devices\DeviceLink.Device.PS02\PS02Base.cs:line 154&#xD;
   at DeviceLink.DeviceBase.DeviceBase.SendForResultAsync[T](Command command, Func`2 decoder, CancellationToken ct) in g:\DeviceLink\core\DeviceLink.DeviceBase\DeviceBase.cs:line 431&#xD;
   at DeviceLink.Device.PS02.PS02Base.GetModuleTypeAsync(CancellationToken ct) in g:\DeviceLink\devices\DeviceLink.Device.PS02\PS02Base.cs:line 438&#xD;
   at DeviceLink.Tests.PS02.PS02SerialTests.Serial_MultipleReads_ShouldBeConsistent() in g:\DeviceLink\tests\DeviceLink.Tests.PS02\PS02SerialTests.cs:line 797&#xD;
   at DeviceLink.Tests.PS02.PS02SerialTests.Serial_MultipleReads_ShouldBeConsistent() in g:\DeviceLink\tests\DeviceLink.Tests.PS02\PS02SerialTests.cs:line 815&#xD;
--- End of stack trace from previous location ---&#xD;
----- Inner Stack Trace -----&#xD;
   at DeviceLink.DataLink.DirectDataLink.SendAndReceiveFrameAsync(Byte[] frameData, CancellationToken ct) in g:\DeviceLink\core\DeviceLink.DataLink\Implementations\DirectDataLink.cs:line 141&#xD;
   at DeviceLink.Session.DirectSession.SendAndReceiveAsync(Byte[] request, CancellationToken ct) in g:\DeviceLink\core\DeviceLink.Session\Implementations\DirectSession.cs:line 83</StackTrace>
        </ErrorInfo>
      </Output>
    </UnitTestResult>
    <UnitTestResult executionId="3ee82159-3555-4664-a9d7-fdf129210282" testId="af7b95ec-b402-e784-9cba-0954382af784" testName="DeviceLink.Tests.PS02.PS02SerialTests.Serial_ReadRegister_ShouldReturnValue" computerName="GSL940A" duration="00:00:47.0083936" startTime="2026-07-07T12:42:18.9226322+08:00" endTime="2026-07-07T12:42:18.9226324+08:00" testType="13cdc9d9-ddb5-4fa4-a97d-d965ccfc6d4b" outcome="Failed" testListId="8c84fa94-04c1-424b-9868-57a2d4851a1d" relativeResultsDirectory="3ee82159-3555-4664-a9d7-fdf129210282">
      <Output>
        <StdOut>串口配置: COM101, 9600bps, 从站地址: 1&#xD;
设备已成功打开&#xD;
设备已关闭</StdOut>
        <ErrorInfo>
          <Message>DeviceLink.Session.SessionException : 请求失败: 接收超时或未收到有效数据&#xD;
---- DeviceLink.DataLink.FrameTimeoutException : 接收超时或未收到有效数据</Message>
          <StackTrace>   at DeviceLink.Session.DirectSession.SendAndReceiveAsync(Byte[] request, CancellationToken ct) in g:\DeviceLink\core\DeviceLink.Session\Implementations\DirectSession.cs:line 98&#xD;
   at DeviceLink.Device.PS02.PS02Base.SendAsync(Command command, CancellationToken ct) in g:\DeviceLink\devices\DeviceLink.Device.PS02\PS02Base.cs:line 154&#xD;
   at DeviceLink.DeviceBase.DeviceBase.SendForResultAsync[T](Command command, Func`2 decoder, CancellationToken ct) in g:\DeviceLink\core\DeviceLink.DeviceBase\DeviceBase.cs:line 431&#xD;
   at DeviceLink.Device.PS02.PS02Base.ReadRegisterAsync(UInt16 registerAddress, CancellationToken ct) in g:\DeviceLink\devices\DeviceLink.Device.PS02\PS02Base.cs:line 229&#xD;
   at DeviceLink.Tests.PS02.PS02SerialTests.Serial_ReadRegister_ShouldReturnValue() in g:\DeviceLink\tests\DeviceLink.Tests.PS02\PS02SerialTests.cs:line 690&#xD;
   at DeviceLink.Tests.PS02.PS02SerialTests.Serial_ReadRegister_ShouldReturnValue() in g:\DeviceLink\tests\DeviceLink.Tests.PS02\PS02SerialTests.cs:line 698&#xD;
--- End of stack trace from previous location ---&#xD;
----- Inner Stack Trace -----&#xD;
   at DeviceLink.DataLink.DirectDataLink.SendAndReceiveFrameAsync(Byte[] frameData, CancellationToken ct) in g:\DeviceLink\core\DeviceLink.DataLink\Implementations\DirectDataLink.cs:line 141&#xD;
   at DeviceLink.Session.DirectSession.SendAndReceiveAsync(Byte[] request, CancellationToken ct) in g:\DeviceLink\core\DeviceLink.Session\Implementations\DirectSession.cs:line 83</StackTrace>
        </ErrorInfo>
      </Output>
    </UnitTestResult>
    <UnitTestResult executionId="dc3da493-7d26-4781-9782-2d43c5c21c25" testId="ae12722d-dc57-59b1-7c18-0e44459d04de" testName="DeviceLink.Tests.PS02.CpplV3FrameStrategyTests.BuildFrame_ShouldHaveCorrectTotalLength" computerName="GSL940A" duration="00:00:00.0000857" startTime="2026-07-07T12:39:10.9666882+08:00" endTime="2026-07-07T12:39:10.9666882+08:00" testType="13cdc9d9-ddb5-4fa4-a97d-d965ccfc6d4b" outcome="Passed" testListId="8c84fa94-04c1-424b-9868-57a2d4851a1d" relativeResultsDirectory="dc3da493-7d26-4781-9782-2d43c5c21c25" />
    <UnitTestResult executionId="7bf83690-798c-4d50-aca1-b277d5e7807d" testId="eed795b9-6cf5-7e43-71ef-e655efbbd5f3" testName="DeviceLink.Tests.PS02.PS02SerialTests.Serial_ConnectAndDisconnect_ShouldSucceed" computerName="GSL940A" duration="00:00:00.0451989" startTime="2026-07-07T12:43:06.5882193+08:00" endTime="2026-07-07T12:43:06.5882197+08:00" testType="13cdc9d9-ddb5-4fa4-a97d-d965ccfc6d4b" outcome="Passed" testListId="8c84fa94-04c1-424b-9868-57a2d4851a1d" relativeResultsDirectory="7bf83690-798c-4d50-aca1-b277d5e7807d">
      <Output>
        <StdOut>串口配置: COM101, 9600bps, 从站地址: 1&#xD;
设备已成功打开&#xD;
连接测试通过&#xD;
设备已关闭</StdOut>
      </Output>
    </UnitTestResult>
    <UnitTestResult executionId="bd0d130a-0a67-4053-aeb0-4484034a6f34" testId="3d77574c-37e8-cd7f-bc0a-920038effd72" testName="DeviceLink.Tests.PS02.PS02SerialTests.Serial_GetFirmwareVersion_ShouldReturnNonEmpty" computerName="GSL940A" duration="00:00:46.9004049" startTime="2026-07-07T12:45:27.2859451+08:00" endTime="2026-07-07T12:45:27.2859454+08:00" testType="13cdc9d9-ddb5-4fa4-a97d-d965ccfc6d4b" outcome="Failed" testListId="8c84fa94-04c1-424b-9868-57a2d4851a1d" relativeResultsDirectory="bd0d130a-0a67-4053-aeb0-4484034a6f34">
      <Output>
        <StdOut>串口配置: COM101, 9600bps, 从站地址: 1&#xD;
设备已成功打开&#xD;
设备已关闭</StdOut>
        <ErrorInfo>
          <Message>DeviceLink.Session.SessionException : 请求失败: 接收超时或未收到有效数据&#xD;
---- DeviceLink.DataLink.FrameTimeoutException : 接收超时或未收到有效数据</Message>
          <StackTrace>   at DeviceLink.Session.DirectSession.SendAndReceiveAsync(Byte[] request, CancellationToken ct) in g:\DeviceLink\core\DeviceLink.Session\Implementations\DirectSession.cs:line 98&#xD;
   at DeviceLink.Device.PS02.PS02Base.SendAsync(Command command, CancellationToken ct) in g:\DeviceLink\devices\DeviceLink.Device.PS02\PS02Base.cs:line 154&#xD;
   at DeviceLink.DeviceBase.DeviceBase.SendForResultAsync[T](Command command, Func`2 decoder, CancellationToken ct) in g:\DeviceLink\core\DeviceLink.DeviceBase\DeviceBase.cs:line 431&#xD;
   at DeviceLink.Device.PS02.PS02Base.GetFirmwareVersionAsync(CancellationToken ct) in g:\DeviceLink\devices\DeviceLink.Device.PS02\PS02Base.cs:line 411&#xD;
   at DeviceLink.Tests.PS02.PS02SerialTests.Serial_GetFirmwareVersion_ShouldReturnNonEmpty() in g:\DeviceLink\tests\DeviceLink.Tests.PS02\PS02SerialTests.cs:line 262&#xD;
   at DeviceLink.Tests.PS02.PS02SerialTests.Serial_GetFirmwareVersion_ShouldReturnNonEmpty() in g:\DeviceLink\tests\DeviceLink.Tests.PS02\PS02SerialTests.cs:line 270&#xD;
--- End of stack trace from previous location ---&#xD;
----- Inner Stack Trace -----&#xD;
   at DeviceLink.DataLink.DirectDataLink.SendAndReceiveFrameAsync(Byte[] frameData, CancellationToken ct) in g:\DeviceLink\core\DeviceLink.DataLink\Implementations\DirectDataLink.cs:line 141&#xD;
   at DeviceLink.Session.DirectSession.SendAndReceiveAsync(Byte[] request, CancellationToken ct) in g:\DeviceLink\core\DeviceLink.Session\Implementations\DirectSession.cs:line 83</StackTrace>
        </ErrorInfo>
      </Output>
    </UnitTestResult>
    <UnitTestResult executionId="d8d37598-a5b1-4a3c-9ecb-fb6845324a05" testId="2b9d1fa9-c26d-5654-7674-b26d98339a59" testName="DeviceLink.Tests.PS02.CpplV3FrameStrategyTests.TryParseFrame_NoHeader_ShouldReturnFalse" computerName="GSL940A" duration="00:00:00.0000866" startTime="2026-07-07T12:39:10.9666572+08:00" endTime="2026-07-07T12:39:10.9666572+08:00" testType="13cdc9d9-ddb5-4fa4-a97d-d965ccfc6d4b" outcome="Passed" testListId="8c84fa94-04c1-424b-9868-57a2d4851a1d" relativeResultsDirectory="d8d37598-a5b1-4a3c-9ecb-fb6845324a05" />
    <UnitTestResult executionId="461fcdb7-ebc5-4fce-9a55-2669b67cc063" testId="098016dc-c895-7cde-221a-00a993166906" testName="DeviceLink.Tests.PS02.ConverterCommandTests.BuildRawFrame_SequenceNumber_ShouldIncrement" computerName="GSL940A" duration="00:00:00.0001476" startTime="2026-07-07T12:39:10.8899959+08:00" endTime="2026-07-07T12:39:10.8899959+08:00" testType="13cdc9d9-ddb5-4fa4-a97d-d965ccfc6d4b" outcome="Passed" testListId="8c84fa94-04c1-424b-9868-57a2d4851a1d" relativeResultsDirectory="461fcdb7-ebc5-4fce-9a55-2669b67cc063" />
    <UnitTestResult executionId="6e54284c-eb8e-4bd1-909c-d904ec3fdd8e" testId="b8fc77e0-c481-8d12-b1ce-31ffa6848b11" testName="DeviceLink.Tests.PS02.CpplV3FrameStrategyTests.BuildFrame_DataLength_ShouldMatchModbusWithCRC" computerName="GSL940A" duration="00:00:00.0000904" startTime="2026-07-07T12:39:10.9680583+08:00" endTime="2026-07-07T12:39:10.9680583+08:00" testType="13cdc9d9-ddb5-4fa4-a97d-d965ccfc6d4b" outcome="Passed" testListId="8c84fa94-04c1-424b-9868-57a2d4851a1d" relativeResultsDirectory="6e54284c-eb8e-4bd1-909c-d904ec3fdd8e" />
    <UnitTestResult executionId="16a666dd-72f0-47ad-bc6d-6416ad6e9aff" testId="6e9b3d5e-cc9a-d336-9f60-e1696dd73504" testName="DeviceLink.Tests.PS02.PS02Tests.GetMeasurementProjectAsync_ShouldReturnResult" computerName="GSL940A" duration="00:00:00.0339183" startTime="2026-07-07T12:39:11.0737554+08:00" endTime="2026-07-07T12:39:11.0737557+08:00" testType="13cdc9d9-ddb5-4fa4-a97d-d965ccfc6d4b" outcome="Passed" testListId="8c84fa94-04c1-424b-9868-57a2d4851a1d" relativeResultsDirectory="16a666dd-72f0-47ad-bc6d-6416ad6e9aff" />
    <UnitTestResult executionId="fd370b73-c8ab-401c-9062-6cf5eb0deda1" testId="89a7c726-ca6d-d7b4-43d4-8056c070d198" testName="DeviceLink.Tests.PS02.PS02Tests.SendHeartbeatAsync_ShouldSucceed" computerName="GSL940A" duration="00:00:00.0236870" startTime="2026-07-07T12:39:16.4788012+08:00" endTime="2026-07-07T12:39:16.4788015+08:00" testType="13cdc9d9-ddb5-4fa4-a97d-d965ccfc6d4b" outcome="Passed" testListId="8c84fa94-04c1-424b-9868-57a2d4851a1d" relativeResultsDirectory="fd370b73-c8ab-401c-9062-6cf5eb0deda1" />
    <UnitTestResult executionId="f97106f6-9710-46f3-bb42-d0742b4624b5" testId="f9e4f1d4-6dc5-e50f-993b-abeafc4e6046" testName="DeviceLink.Tests.PS02.PS02SerialTests.Serial_TestConnection_ShouldReturnTrue" computerName="GSL940A" duration="00:00:46.9294995" startTime="2026-07-07T12:46:14.3228581+08:00" endTime="2026-07-07T12:46:14.3228584+08:00" testType="13cdc9d9-ddb5-4fa4-a97d-d965ccfc6d4b" outcome="Failed" testListId="8c84fa94-04c1-424b-9868-57a2d4851a1d" relativeResultsDirectory="f97106f6-9710-46f3-bb42-d0742b4624b5">
      <Output>
        <StdOut>串口配置: COM101, 9600bps, 从站地址: 1&#xD;
设备已成功打开&#xD;
设备已关闭</StdOut>
        <ErrorInfo>
          <Message>DeviceLink.Session.SessionException : 请求失败: 接收超时或未收到有效数据&#xD;
---- DeviceLink.DataLink.FrameTimeoutException : 接收超时或未收到有效数据</Message>
          <StackTrace>   at DeviceLink.Session.DirectSession.SendAndReceiveAsync(Byte[] request, CancellationToken ct) in g:\DeviceLink\core\DeviceLink.Session\Implementations\DirectSession.cs:line 98&#xD;
   at DeviceLink.Device.PS02.PS02Base.SendAsync(Command command, CancellationToken ct) in g:\DeviceLink\devices\DeviceLink.Device.PS02\PS02Base.cs:line 154&#xD;
   at DeviceLink.DeviceBase.DeviceBase.SendForResultAsync[T](Command command, Func`2 decoder, CancellationToken ct) in g:\DeviceLink\core\DeviceLink.DeviceBase\DeviceBase.cs:line 431&#xD;
   at DeviceLink.Device.PS02.PS02Base.GetModuleTypeAsync(CancellationToken ct) in g:\DeviceLink\devices\DeviceLink.Device.PS02\PS02Base.cs:line 438&#xD;
   at DeviceLink.Tests.PS02.PS02SerialTests.Serial_TestConnection_ShouldReturnTrue() in g:\DeviceLink\tests\DeviceLink.Tests.PS02\PS02SerialTests.cs:line 184&#xD;
   at DeviceLink.Tests.PS02.PS02SerialTests.Serial_TestConnection_ShouldReturnTrue() in g:\DeviceLink\tests\DeviceLink.Tests.PS02\PS02SerialTests.cs:line 193&#xD;
--- End of stack trace from previous location ---&#xD;
----- Inner Stack Trace -----&#xD;
   at DeviceLink.DataLink.DirectDataLink.SendAndReceiveFrameAsync(Byte[] frameData, CancellationToken ct) in g:\DeviceLink\core\DeviceLink.DataLink\Implementations\DirectDataLink.cs:line 141&#xD;
   at DeviceLink.Session.DirectSession.SendAndReceiveAsync(Byte[] request, CancellationToken ct) in g:\DeviceLink\core\DeviceLink.Session\Implementations\DirectSession.cs:line 83</StackTrace>
        </ErrorInfo>
      </Output>
    </UnitTestResult>
    <UnitTestResult executionId="d07c77f1-8c7c-40a0-b917-a7383fd5f0ae" testId="0b12c56d-4b90-9d1c-a294-534af722033c" testName="DeviceLink.Tests.PS02.PS02SerialTests.Serial_SetSerialNumber_ShouldReturnNonEmpty" computerName="GSL940A" duration="00:00:00.1066641" startTime="2026-07-07T12:45:27.3898562+08:00" endTime="2026-07-07T12:45:27.3898566+08:00" testType="13cdc9d9-ddb5-4fa4-a97d-d965ccfc6d4b" outcome="Passed" testListId="8c84fa94-04c1-424b-9868-57a2d4851a1d" relativeResultsDirectory="d07c77f1-8c7c-40a0-b917-a7383fd5f0ae">
      <Output>
        <StdOut>串口配置: COM101, 9600bps, 从站地址: 1&#xD;
设备已成功打开&#xD;
设备已关闭</StdOut>
      </Output>
    </UnitTestResult>
    <UnitTestResult executionId="7247d575-72cc-4802-948b-4d8ee29530cd" testId="cfcdd11a-f5d8-aeb3-d003-afc89975e5ca" testName="DeviceLink.Tests.PS02.CpplV3FrameStrategyTests.BuildFrame_ShouldContainHeader0x55" computerName="GSL940A" duration="00:00:00.0000843" startTime="2026-07-07T12:39:10.9667136+08:00" endTime="2026-07-07T12:39:10.9667137+08:00" testType="13cdc9d9-ddb5-4fa4-a97d-d965ccfc6d4b" outcome="Passed" testListId="8c84fa94-04c1-424b-9868-57a2d4851a1d" relativeResultsDirectory="7247d575-72cc-4802-948b-4d8ee29530cd" />
    <UnitTestResult executionId="b223015e-aa69-4638-8f48-01d30d4efdae" testId="6df1f0fe-beed-ca59-b1c4-2eb1ebeae7ed" testName="DeviceLink.Tests.PS02.CpplV3FrameStrategyTests.BuildFrame_NullData_ShouldThrowArgumentNullException" computerName="GSL940A" duration="00:00:00.0005048" startTime="2026-07-07T12:39:10.9666036+08:00" endTime="2026-07-07T12:39:10.9666037+08:00" testType="13cdc9d9-ddb5-4fa4-a97d-d965ccfc6d4b" outcome="Passed" testListId="8c84fa94-04c1-424b-9868-57a2d4851a1d" relativeResultsDirectory="b223015e-aa69-4638-8f48-01d30d4efdae" />
    <UnitTestResult executionId="a3dee9db-d013-45f3-87de-0e61b1534a75" testId="780bae86-4665-bc62-c90e-f330fe78055c" testName="DeviceLink.Tests.PS02.PS02Tests.Constructor_WithSettings_ShouldSucceed" computerName="GSL940A" duration="00:00:00.0001758" startTime="2026-07-07T12:39:16.4528748+08:00" endTime="2026-07-07T12:39:16.4528750+08:00" testType="13cdc9d9-ddb5-4fa4-a97d-d965ccfc6d4b" outcome="Passed" testListId="8c84fa94-04c1-424b-9868-57a2d4851a1d" relativeResultsDirectory="a3dee9db-d013-45f3-87de-0e61b1534a75" />
    <UnitTestResult executionId="e360e642-c2e1-4246-a7b1-7ff9e74fbcd6" testId="dc5c49aa-01ff-f60d-cca1-e8677fe37801" testName="DeviceLink.Tests.PS02.PS02Tests.GetPressureAsync_ShouldReturnPressure" computerName="GSL940A" duration="00:00:05.0506126" startTime="2026-07-07T12:39:16.1679128+08:00" endTime="2026-07-07T12:39:16.1679133+08:00" testType="13cdc9d9-ddb5-4fa4-a97d-d965ccfc6d4b" outcome="Failed" testListId="8c84fa94-04c1-424b-9868-57a2d4851a1d" relativeResultsDirectory="e360e642-c2e1-4246-a7b1-7ff9e74fbcd6">
      <Output>
        <ErrorInfo>
          <Message>DeviceLink.Session.SessionException : 请求失败: 接收超时或未收到有效数据&#xD;
---- DeviceLink.DataLink.FrameTimeoutException : 接收超时或未收到有效数据</Message>
          <StackTrace>   at DeviceLink.Session.DirectSession.SendAndReceiveAsync(Byte[] request, CancellationToken ct) in g:\DeviceLink\core\DeviceLink.Session\Implementations\DirectSession.cs:line 98&#xD;
   at DeviceLink.Device.PS02.PS02Base.SendAsync(Command command, CancellationToken ct) in g:\DeviceLink\devices\DeviceLink.Device.PS02\PS02Base.cs:line 154&#xD;
   at DeviceLink.DeviceBase.DeviceBase.SendForResultAsync[T](Command command, Func`2 decoder, CancellationToken ct) in g:\DeviceLink\core\DeviceLink.DeviceBase\DeviceBase.cs:line 431&#xD;
   at DeviceLink.Device.PS02.PS02Base.GetPressureAsync(CancellationToken ct) in g:\DeviceLink\devices\DeviceLink.Device.PS02\PS02Base.cs:line 297&#xD;
   at DeviceLink.Tests.PS02.PS02Tests.GetPressureAsync_ShouldReturnPressure() in g:\DeviceLink\tests\DeviceLink.Tests.PS02\PS02Tests.cs:line 148&#xD;
--- End of stack trace from previous location ---&#xD;
----- Inner Stack Trace -----&#xD;
   at DeviceLink.DataLink.DirectDataLink.SendAndReceiveFrameAsync(Byte[] frameData, CancellationToken ct) in g:\DeviceLink\core\DeviceLink.DataLink\Implementations\DirectDataLink.cs:line 141&#xD;
   at DeviceLink.Session.DirectSession.SendAndReceiveAsync(Byte[] request, CancellationToken ct) in g:\DeviceLink\core\DeviceLink.Session\Implementations\DirectSession.cs:line 83</StackTrace>
        </ErrorInfo>
      </Output>
    </UnitTestResult>
    <UnitTestResult executionId="d4fbaab6-5764-4367-aae2-76d68d9a5823" testId="73745b59-f8cf-b348-0793-4bf5b35cb029" testName="DeviceLink.Tests.PS02.ConverterSerialTests.Converter_SetOutputProject_MaOut_ShouldSucceed" computerName="GSL940A" duration="00:00:00.0011106" startTime="2026-07-07T12:39:10.9720208+08:00" endTime="2026-07-07T12:39:10.9720209+08:00" testType="13cdc9d9-ddb5-4fa4-a97d-d965ccfc6d4b" outcome="Passed" testListId="8c84fa94-04c1-424b-9868-57a2d4851a1d" relativeResultsDirectory="d4fbaab6-5764-4367-aae2-76d68d9a5823">
      <Output>
        <StdOut>串口配置: COM101, 9600bps, 从站地址: 1&#xD;
串口 COM101 不可用: Access to the path 'COM101' is denied.&#xD;
跳过测试: 串口不可用</StdOut>
      </Output>
    </UnitTestResult>
    <UnitTestResult executionId="df5d6465-abec-40a5-a576-cc697ae547ab" testId="b75b211e-37b3-d17b-2ffc-f81e26a7f64e" testName="DeviceLink.Tests.PS02.ConverterSerialTests.Converter_ReadParameter_ShouldReturnValidValue" computerName="GSL940A" duration="00:00:00.0013052" startTime="2026-07-07T12:39:10.9702016+08:00" endTime="2026-07-07T12:39:10.9702016+08:00" testType="13cdc9d9-ddb5-4fa4-a97d-d965ccfc6d4b" outcome="Passed" testListId="8c84fa94-04c1-424b-9868-57a2d4851a1d" relativeResultsDirectory="df5d6465-abec-40a5-a576-cc697ae547ab">
      <Output>
        <StdOut>串口配置: COM101, 9600bps, 从站地址: 1&#xD;
串口 COM101 不可用: Access to the path 'COM101' is denied.&#xD;
跳过测试: 串口不可用</StdOut>
      </Output>
    </UnitTestResult>
    <UnitTestResult executionId="01ae177d-d6e7-4f46-abb9-b145946d9d0d" testId="fa46a425-b4a7-1855-0b62-07b247f07e8a" testName="DeviceLink.Tests.PS02.ConverterCommandTests.TryParseFrame_ScanDeviceResponse_ShouldParseCorrectly" computerName="GSL940A" duration="00:00:00.0007173" startTime="2026-07-07T12:39:10.9701610+08:00" endTime="2026-07-07T12:39:10.9701611+08:00" testType="13cdc9d9-ddb5-4fa4-a97d-d965ccfc6d4b" outcome="Passed" testListId="8c84fa94-04c1-424b-9868-57a2d4851a1d" relativeResultsDirectory="01ae177d-d6e7-4f46-abb9-b145946d9d0d" />
    <UnitTestResult executionId="954f25fd-c64f-48ef-8754-aad6f33ed658" testId="e0d5205f-eadf-dcfd-60d3-00d437f9c6f4" testName="DeviceLink.Tests.PS02.CpplV3FrameStrategyTests.BuildFrame_ShouldContainSourceAddress" computerName="GSL940A" duration="00:00:00.0001175" startTime="2026-07-07T12:39:10.9666302+08:00" endTime="2026-07-07T12:39:10.9666302+08:00" testType="13cdc9d9-ddb5-4fa4-a97d-d965ccfc6d4b" outcome="Passed" testListId="8c84fa94-04c1-424b-9868-57a2d4851a1d" relativeResultsDirectory="954f25fd-c64f-48ef-8754-aad6f33ed658" />
    <UnitTestResult executionId="fb635575-b682-4fbd-8be7-95be5be7d30f" testId="2fb004e2-650c-f116-f61c-487f59911977" testName="DeviceLink.Tests.PS02.PS02Tests.Constructor_WithDefaultConfig_ShouldSucceed" computerName="GSL940A" duration="00:00:00.0016366" startTime="2026-07-07T12:39:16.4793782+08:00" endTime="2026-07-07T12:39:16.4793783+08:00" testType="13cdc9d9-ddb5-4fa4-a97d-d965ccfc6d4b" outcome="Passed" testListId="8c84fa94-04c1-424b-9868-57a2d4851a1d" relativeResultsDirectory="fb635575-b682-4fbd-8be7-95be5be7d30f" />
    <UnitTestResult executionId="4e05bdf5-c7c1-4a57-bc56-1fd4e0719818" testId="419a3a8b-e13d-d7ab-2d97-2ead9a054259" testName="DeviceLink.Tests.PS02.ConverterCommandTests.BuildRawFrame_ScanDevice_ShouldMatchDocumentSample" computerName="GSL940A" duration="00:00:00.0001979" startTime="2026-07-07T12:39:10.9719051+08:00" endTime="2026-07-07T12:39:10.9719052+08:00" testType="13cdc9d9-ddb5-4fa4-a97d-d965ccfc6d4b" outcome="Passed" testListId="8c84fa94-04c1-424b-9868-57a2d4851a1d" relativeResultsDirectory="4e05bdf5-c7c1-4a57-bc56-1fd4e0719818">
      <Output>
        <StdOut>期望: 55 03 23 01 00 36 22 11 00 03 01 01 00 D1 01 D1 F1&#xD;
实际: 55 03 23 01 00 36 22 11 00 03 01 01 00 D1 01 D1 F1</StdOut>
      </Output>
    </UnitTestResult>
    <UnitTestResult executionId="ae80f09c-e317-40e8-b09a-cf83e974068e" testId="3dc3b122-9aea-fc22-3b65-f3100692f8b6" testName="DeviceLink.Tests.PS02.PS02SerialTests.Serial_GetPressure_ShouldReturnValue" computerName="GSL940A" duration="00:00:47.0390587" startTime="2026-07-07T12:41:31.9145166+08:00" endTime="2026-07-07T12:41:31.9145167+08:00" testType="13cdc9d9-ddb5-4fa4-a97d-d965ccfc6d4b" outcome="Failed" testListId="8c84fa94-04c1-424b-9868-57a2d4851a1d" relativeResultsDirectory="ae80f09c-e317-40e8-b09a-cf83e974068e">
      <Output>
        <StdOut>串口配置: COM101, 9600bps, 从站地址: 1&#xD;
设备已成功打开&#xD;
设备已关闭</StdOut>
        <ErrorInfo>
          <Message>DeviceLink.Session.SessionException : 请求失败: 接收超时或未收到有效数据&#xD;
---- DeviceLink.DataLink.FrameTimeoutException : 接收超时或未收到有效数据</Message>
          <StackTrace>   at DeviceLink.Session.DirectSession.SendAndReceiveAsync(Byte[] request, CancellationToken ct) in g:\DeviceLink\core\DeviceLink.Session\Implementations\DirectSession.cs:line 98&#xD;
   at DeviceLink.Device.PS02.PS02Base.SendAsync(Command command, CancellationToken ct) in g:\DeviceLink\devices\DeviceLink.Device.PS02\PS02Base.cs:line 154&#xD;
   at DeviceLink.DeviceBase.DeviceBase.SendForResultAsync[T](Command command, Func`2 decoder, CancellationToken ct) in g:\DeviceLink\core\DeviceLink.DeviceBase\DeviceBase.cs:line 431&#xD;
   at DeviceLink.Device.PS02.PS02Base.GetPressureAsync(CancellationToken ct) in g:\DeviceLink\devices\DeviceLink.Device.PS02\PS02Base.cs:line 297&#xD;
   at DeviceLink.Tests.PS02.PS02SerialTests.Serial_GetPressure_ShouldReturnValue() in g:\DeviceLink\tests\DeviceLink.Tests.PS02\PS02SerialTests.cs:line 458&#xD;
   at DeviceLink.Tests.PS02.PS02SerialTests.Serial_GetPressure_ShouldReturnValue() in g:\DeviceLink\tests\DeviceLink.Tests.PS02\PS02SerialTests.cs:line 475&#xD;
--- End of stack trace from previous location ---&#xD;
----- Inner Stack Trace -----&#xD;
   at DeviceLink.DataLink.DirectDataLink.SendAndReceiveFrameAsync(Byte[] frameData, CancellationToken ct) in g:\DeviceLink\core\DeviceLink.DataLink\Implementations\DirectDataLink.cs:line 141&#xD;
   at DeviceLink.Session.DirectSession.SendAndReceiveAsync(Byte[] request, CancellationToken ct) in g:\DeviceLink\core\DeviceLink.Session\Implementations\DirectSession.cs:line 83</StackTrace>
        </ErrorInfo>
      </Output>
    </UnitTestResult>
    <UnitTestResult executionId="3845def8-cf61-4c82-8455-773625dd92c1" testId="652362d7-b167-b7fc-5275-116135052a82" testName="DeviceLink.Tests.PS02.ConverterCommandTests.BuildRawFrame_NoData_ShouldHaveCorrectCrc16" computerName="GSL940A" duration="00:00:00.0001281" startTime="2026-07-07T12:39:10.9702654+08:00" endTime="2026-07-07T12:39:10.9702654+08:00" testType="13cdc9d9-ddb5-4fa4-a97d-d965ccfc6d4b" outcome="Passed" testListId="8c84fa94-04c1-424b-9868-57a2d4851a1d" relativeResultsDirectory="3845def8-cf61-4c82-8455-773625dd92c1" />
    <UnitTestResult executionId="1894f458-2229-447d-9661-91f279e7c69c" testId="6c396934-44a9-e72b-0949-fc79583c128a" testName="DeviceLink.Tests.PS02.ConverterCommandTests.TryParseFrame_ValidResponse_ShouldParseCorrectly" computerName="GSL940A" duration="00:00:00.0002179" startTime="2026-07-07T12:39:10.9702315+08:00" endTime="2026-07-07T12:39:10.9702315+08:00" testType="13cdc9d9-ddb5-4fa4-a97d-d965ccfc6d4b" outcome="Passed" testListId="8c84fa94-04c1-424b-9868-57a2d4851a1d" relativeResultsDirectory="1894f458-2229-447d-9661-91f279e7c69c" />
    <UnitTestResult executionId="d394c0ff-4127-40ee-a8bf-79f69fddd8ab" testId="2a2cad3b-353e-0f0b-675d-108f46f17001" testName="DeviceLink.Tests.PS02.ConverterCommandTests.BuildRawFrame_ReadHardwareVersion_ShouldMatchDocumentSample" computerName="GSL940A" duration="00:00:00.0002651" startTime="2026-07-07T12:39:10.9688262+08:00" endTime="2026-07-07T12:39:10.9688262+08:00" testType="13cdc9d9-ddb5-4fa4-a97d-d965ccfc6d4b" outcome="Passed" testListId="8c84fa94-04c1-424b-9868-57a2d4851a1d" relativeResultsDirectory="d394c0ff-4127-40ee-a8bf-79f69fddd8ab">
      <Output>
        <StdOut>期望: 55 03 23 01 00 36 22 11 08 01 04 00 00 31 FF FF&#xD;
实际: 55 03 23 01 00 36 22 11 08 01 04 00 00 31 FF FF</StdOut>
      </Output>
    </UnitTestResult>
    <UnitTestResult executionId="d0ab6a73-81f1-4b7f-a5fb-77db246a46d0" testId="01d947d2-4434-ca97-44e9-b792118db024" testName="DeviceLink.Tests.PS02.PS02Tests.GetConverterDeviceNumberAsync_ShouldReturnDeviceNumber" computerName="GSL940A" duration="00:00:00.0325666" startTime="2026-07-07T12:39:16.2182313+08:00" endTime="2026-07-07T12:39:16.2182316+08:00" testType="13cdc9d9-ddb5-4fa4-a97d-d965ccfc6d4b" outcome="Passed" testListId="8c84fa94-04c1-424b-9868-57a2d4851a1d" relativeResultsDirectory="d0ab6a73-81f1-4b7f-a5fb-77db246a46d0" />
    <UnitTestResult executionId="71cbe5cb-1079-42ec-b658-a00d2f525371" testId="c0b04036-8bed-86cd-3088-e84064c19b32" testName="DeviceLink.Tests.PS02.CpplV3FrameStrategyTests.BuildFrame_ShouldContainFunctionCode" computerName="GSL940A" duration="00:00:00.0000922" startTime="2026-07-07T12:39:10.9681997+08:00" endTime="2026-07-07T12:39:10.9681997+08:00" testType="13cdc9d9-ddb5-4fa4-a97d-d965ccfc6d4b" outcome="Passed" testListId="8c84fa94-04c1-424b-9868-57a2d4851a1d" relativeResultsDirectory="71cbe5cb-1079-42ec-b658-a00d2f525371" />
    <UnitTestResult executionId="c268ee65-bf92-4253-8441-729ac92e044a" testId="68cf545e-de0e-e29e-9f6f-de53a5d6ffce" testName="DeviceLink.Tests.PS02.ConverterCommandTests.BuildRawFrame_WithData_ShouldHaveCorrectCrc16" computerName="GSL940A" duration="00:00:00.0019440" startTime="2026-07-07T12:39:10.8899605+08:00" endTime="2026-07-07T12:39:10.8899605+08:00" testType="13cdc9d9-ddb5-4fa4-a97d-d965ccfc6d4b" outcome="Passed" testListId="8c84fa94-04c1-424b-9868-57a2d4851a1d" relativeResultsDirectory="c268ee65-bf92-4253-8441-729ac92e044a" />
    <UnitTestResult executionId="b614ffa6-1b33-4031-ba44-280a201df80c" testId="3471258e-3ab1-3229-1999-d76cebda10d4" testName="DeviceLink.Tests.PS02.PS02Tests.GetPrecisionAsync_ShouldReturnPrecision" computerName="GSL940A" duration="00:00:00.0339491" startTime="2026-07-07T12:39:16.4181633+08:00" endTime="2026-07-07T12:39:16.4181636+08:00" testType="13cdc9d9-ddb5-4fa4-a97d-d965ccfc6d4b" outcome="Passed" testListId="8c84fa94-04c1-424b-9868-57a2d4851a1d" relativeResultsDirectory="b614ffa6-1b33-4031-ba44-280a201df80c" />
    <UnitTestResult executionId="4052b0b1-979c-4c57-95d5-de6b6e30fe51" testId="2929c0c0-8c1b-6b7e-16e5-5a2108c9e4e2" testName="DeviceLink.Tests.PS02.PS02Tests.CloseMeasurementProjectAsync_ShouldSucceed" computerName="GSL940A" duration="00:00:00.0296334" startTime="2026-07-07T12:39:16.5087064+08:00" endTime="2026-07-07T12:39:16.5087067+08:00" testType="13cdc9d9-ddb5-4fa4-a97d-d965ccfc6d4b" outcome="Passed" testListId="8c84fa94-04c1-424b-9868-57a2d4851a1d" relativeResultsDirectory="4052b0b1-979c-4c57-95d5-de6b6e30fe51" />
    <UnitTestResult executionId="9191e6c1-a018-447e-af78-21f9fec8c44d" testId="ff7ad0aa-a867-a47e-2c7e-bab7c00600c3" testName="DeviceLink.Tests.PS02.ConverterCommandTests.BuildRawFrame_SetOutputProject_ShouldMatchDocumentSample" computerName="GSL940A" duration="00:00:00.0001911" startTime="2026-07-07T12:39:10.9717584+08:00" endTime="2026-07-07T12:39:10.9717585+08:00" testType="13cdc9d9-ddb5-4fa4-a97d-d965ccfc6d4b" outcome="Passed" testListId="8c84fa94-04c1-424b-9868-57a2d4851a1d" relativeResultsDirectory="9191e6c1-a018-447e-af78-21f9fec8c44d">
      <Output>
        <StdOut>期望: 55 03 23 01 00 36 22 11 10 02 05 02 00 61 00 00 0F 1D&#xD;
实际: 55 03 23 01 00 36 22 11 10 02 05 02 00 61 00 00 0F 1D</StdOut>
      </Output>
    </UnitTestResult>
    <UnitTestResult executionId="dadae18f-8b7f-46c9-9b2c-e93dadb9ae46" testId="dd303077-300b-622e-292c-fe4305616808" testName="DeviceLink.Tests.PS02.ConverterSerialTests.Converter_ConnectAndDisconnect_ShouldSucceed" computerName="GSL940A" duration="00:00:00.0031932" startTime="2026-07-07T12:39:10.9688909+08:00" endTime="2026-07-07T12:39:10.9688910+08:00" testType="13cdc9d9-ddb5-4fa4-a97d-d965ccfc6d4b" outcome="Passed" testListId="8c84fa94-04c1-424b-9868-57a2d4851a1d" relativeResultsDirectory="dadae18f-8b7f-46c9-9b2c-e93dadb9ae46">
      <Output>
        <StdOut>串口配置: COM101, 9600bps, 从站地址: 1&#xD;
串口 COM101 不可用: Access to the path 'COM101' is denied.&#xD;
跳过测试: 串口不可用</StdOut>
      </Output>
    </UnitTestResult>
    <UnitTestResult executionId="b7fd6e24-d1c3-4ecf-adee-870018217a52" testId="98df58fa-64e1-a73a-593d-31c83c0d6d1b" testName="DeviceLink.Tests.PS02.PS02SerialTests.Serial_ConverterInitialization_ShouldSucceed" computerName="GSL940A" duration="00:00:22.3728473" startTime="2026-07-07T12:48:57.7773461+08:00" endTime="2026-07-07T12:48:57.7773465+08:00" testType="13cdc9d9-ddb5-4fa4-a97d-d965ccfc6d4b" outcome="Passed" testListId="8c84fa94-04c1-424b-9868-57a2d4851a1d" relativeResultsDirectory="b7fd6e24-d1c3-4ecf-adee-870018217a52">
      <Output>
        <StdOut>串口配置: COM101, 9600bps, 从站地址: 1&#xD;
设备已成功打开&#xD;
=== 开始转接板初始化序列（13步） ===&#xD;
[01/13] 扫描从设备（类型 0x01）...&#xD;
  扫描结果: NotConnected (0)&#xD;
[02/13] 读取转接板固件版本（第一次）...&#xD;
  固件版本: A20-98 V00.00.00.07&#xD;
[03/13] 读取转接板固件版本（第二次，验证）...&#xD;
  固件版本: A20-98 V00.00.00.07&#xD;
[04/13] 读取转接板硬件版本...&#xD;
  硬件版本: A20-98 V00.01&#xD;
[05/13] 关闭所有输出...&#xD;
  输出已关闭&#xD;
[06/13] 扫描从设备（类型 0x00）...&#xD;
  扫描结果: NotConnected (0)&#xD;
[07/13] 读取参数 #0...&#xD;
  参数 #0 = 0x00 (0)&#xD;
[08/13] 读取参数 #1...&#xD;
  参数 #1 = 0x00 (0)&#xD;
[09/13] 读取参数 #2...&#xD;
  参数 #2 = 0x00 (0)&#xD;
[10/13] 读取参数 #3...&#xD;
  参数 #3 = 0x00 (0)&#xD;
[11/13] 读取参数 #4...&#xD;
  参数 #4 = 0x00 (0)&#xD;
[12/13] 扫描从设备（类型 0x01）...&#xD;
  扫描结果: NotConnected (0)&#xD;
[13/13] 启用 OWI 通信模式...&#xD;
  OWI 启用结果: False&#xD;
=== 转接板初始化序列完成 ===&#xD;
  转接板固件: A20-98 V00.00.00.07&#xD;
  转接板硬件: A20-98 V00.01&#xD;
  扫描结果 1: NotConnected&#xD;
  扫描结果 2: NotConnected&#xD;
  扫描结果 3: NotConnected&#xD;
  OWI 启用: False&#xD;
禁用 OWI 通信模式超时（5秒）&#xD;
设备已关闭</StdOut>
      </Output>
    </UnitTestResult>
    <UnitTestResult executionId="5ca601bc-8737-4c8c-b39b-0772da4e9ebd" testId="17f397d6-e99b-1e59-db80-f65bd41aa79b" testName="DeviceLink.Tests.PS02.CpplV3FrameStrategyTests.Name_ShouldReturnCpplV3" computerName="GSL940A" duration="00:00:00.0006062" startTime="2026-07-07T12:39:10.9663646+08:00" endTime="2026-07-07T12:39:10.9663647+08:00" testType="13cdc9d9-ddb5-4fa4-a97d-d965ccfc6d4b" outcome="Passed" testListId="8c84fa94-04c1-424b-9868-57a2d4851a1d" relativeResultsDirectory="5ca601bc-8737-4c8c-b39b-0772da4e9ebd" />
    <UnitTestResult executionId="fe740939-6b97-476f-aa95-3b85cb987fe3" testId="a27545b3-bf9e-5f19-4ce2-1a12f0c72e3d" testName="DeviceLink.Tests.PS02.PS02Tests.SetModulePowerAsync_ShouldSucceed" computerName="GSL940A" duration="00:00:00.0223065" startTime="2026-07-07T12:39:17.6071181+08:00" endTime="2026-07-07T12:39:17.6071188+08:00" testType="13cdc9d9-ddb5-4fa4-a97d-d965ccfc6d4b" outcome="Passed" testListId="8c84fa94-04c1-424b-9868-57a2d4851a1d" relativeResultsDirectory="fe740939-6b97-476f-aa95-3b85cb987fe3" />
    <UnitTestResult executionId="8fb65701-c94e-4b50-8a00-0675f62b26d0" testId="4d4fe33d-9d73-5fff-2118-66e9bcef46c6" testName="DeviceLink.Tests.PS02.ConverterSerialTests.Converter_GetHardwareVersion_ShouldReturnNonEmpty" computerName="GSL940A" duration="00:00:00.0008848" startTime="2026-07-07T12:39:10.9719382+08:00" endTime="2026-07-07T12:39:10.9719382+08:00" testType="13cdc9d9-ddb5-4fa4-a97d-d965ccfc6d4b" outcome="Passed" testListId="8c84fa94-04c1-424b-9868-57a2d4851a1d" relativeResultsDirectory="8fb65701-c94e-4b50-8a00-0675f62b26d0">
      <Output>
        <StdOut>串口配置: COM101, 9600bps, 从站地址: 1&#xD;
串口 COM101 不可用: Access to the path 'COM101' is denied.&#xD;
跳过测试: 串口不可用</StdOut>
      </Output>
    </UnitTestResult>
    <UnitTestResult executionId="9d74909f-ae6e-4b69-9d40-7be07139b4dc" testId="24c50c1e-75cd-63de-07ad-7c5a1d6ff14e" testName="DeviceLink.Tests.PS02.CpplV3FrameStrategyTests.BuildFrame_SequenceNumber_ShouldIncrement" computerName="GSL940A" duration="00:00:00.0001235" startTime="2026-07-07T12:39:10.9665692+08:00" endTime="2026-07-07T12:39:10.9665693+08:00" testType="13cdc9d9-ddb5-4fa4-a97d-d965ccfc6d4b" outcome="Passed" testListId="8c84fa94-04c1-424b-9868-57a2d4851a1d" relativeResultsDirectory="9d74909f-ae6e-4b69-9d40-7be07139b4dc" />
    <UnitTestResult executionId="14e962f0-385b-42c6-8b74-01bb5a8e8ee9" testId="2abf69ae-eee9-bf0f-cb29-b38657879f3c" testName="DeviceLink.Tests.PS02.PS02SerialTests.Serial_GetIdentification_ShouldReturnAllInfo" computerName="GSL940A" duration="00:00:47.0477581" startTime="2026-07-07T12:47:01.3702758+08:00" endTime="2026-07-07T12:47:01.3702761+08:00" testType="13cdc9d9-ddb5-4fa4-a97d-d965ccfc6d4b" outcome="Failed" testListId="8c84fa94-04c1-424b-9868-57a2d4851a1d" relativeResultsDirectory="14e962f0-385b-42c6-8b74-01bb5a8e8ee9">
      <Output>
        <StdOut>串口配置: COM101, 9600bps, 从站地址: 1&#xD;
设备已成功打开&#xD;
设备已关闭</StdOut>
        <ErrorInfo>
          <Message>DeviceLink.Session.SessionException : 请求失败: 接收超时或未收到有效数据&#xD;
---- DeviceLink.DataLink.FrameTimeoutException : 接收超时或未收到有效数据</Message>
          <StackTrace>   at DeviceLink.Session.DirectSession.SendAndReceiveAsync(Byte[] request, CancellationToken ct) in g:\DeviceLink\core\DeviceLink.Session\Implementations\DirectSession.cs:line 98&#xD;
   at DeviceLink.Device.PS02.PS02Base.SendAsync(Command command, CancellationToken ct) in g:\DeviceLink\devices\DeviceLink.Device.PS02\PS02Base.cs:line 154&#xD;
   at DeviceLink.DeviceBase.DeviceBase.SendForResultAsync[T](Command command, Func`2 decoder, CancellationToken ct) in g:\DeviceLink\core\DeviceLink.DeviceBase\DeviceBase.cs:line 431&#xD;
   at DeviceLink.Device.PS02.PS02Base.GetSerialNumberAsync(CancellationToken ct) in g:\DeviceLink\devices\DeviceLink.Device.PS02\PS02Base.cs:line 328&#xD;
   at DeviceLink.Device.PS02.PS02Base.GetIdentificationAsync(CancellationToken ct) in g:\DeviceLink\devices\DeviceLink.Device.PS02\PS02Base.cs:line 456&#xD;
   at DeviceLink.Tests.PS02.PS02SerialTests.Serial_GetIdentification_ShouldReturnAllInfo() in g:\DeviceLink\tests\DeviceLink.Tests.PS02\PS02SerialTests.cs:line 312&#xD;
   at DeviceLink.Tests.PS02.PS02SerialTests.Serial_GetIdentification_ShouldReturnAllInfo() in g:\DeviceLink\tests\DeviceLink.Tests.PS02\PS02SerialTests.cs:line 326&#xD;
--- End of stack trace from previous location ---&#xD;
----- Inner Stack Trace -----&#xD;
   at DeviceLink.DataLink.DirectDataLink.SendAndReceiveFrameAsync(Byte[] frameData, CancellationToken ct) in g:\DeviceLink\core\DeviceLink.DataLink\Implementations\DirectDataLink.cs:line 141&#xD;
   at DeviceLink.Session.DirectSession.SendAndReceiveAsync(Byte[] request, CancellationToken ct) in g:\DeviceLink\core\DeviceLink.Session\Implementations\DirectSession.cs:line 83</StackTrace>
        </ErrorInfo>
      </Output>
    </UnitTestResult>
    <UnitTestResult executionId="b82b9e33-af63-49a9-a79b-6c32a0b23d02" testId="a7c13fd0-267b-f027-5e87-6c2bf8da2f0f" testName="DeviceLink.Tests.PS02.ConverterSerialTests.Converter_ScanDevice_ShouldReturnInterfaceType" computerName="GSL940A" duration="00:00:00.0011114" startTime="2026-07-07T12:39:10.9718285+08:00" endTime="2026-07-07T12:39:10.9718285+08:00" testType="13cdc9d9-ddb5-4fa4-a97d-d965ccfc6d4b" outcome="Passed" testListId="8c84fa94-04c1-424b-9868-57a2d4851a1d" relativeResultsDirectory="b82b9e33-af63-49a9-a79b-6c32a0b23d02">
      <Output>
        <StdOut>串口配置: COM101, 9600bps, 从站地址: 1&#xD;
串口 COM101 不可用: Access to the path 'COM101' is denied.&#xD;
跳过测试: 串口不可用</StdOut>
      </Output>
    </UnitTestResult>
    <UnitTestResult executionId="cf041ccb-be65-4683-b39d-81ad907909b8" testId="ef3cb433-eebc-26b1-1f51-2183838c5828" testName="DeviceLink.Tests.PS02.PS02Tests.GetSerialNumberAsync_ShouldReturnSerialNumber" computerName="GSL940A" duration="00:00:00.0422574" startTime="2026-07-07T12:39:11.0414456+08:00" endTime="2026-07-07T12:39:11.0414459+08:00" testType="13cdc9d9-ddb5-4fa4-a97d-d965ccfc6d4b" outcome="Passed" testListId="8c84fa94-04c1-424b-9868-57a2d4851a1d" relativeResultsDirectory="cf041ccb-be65-4683-b39d-81ad907909b8" />
    <UnitTestResult executionId="36677abc-af70-432a-98bd-7279debc212d" testId="32f36806-1f0d-afed-49b8-63fa7d3d8edc" testName="DeviceLink.Tests.PS02.PS02Tests.SetConverterDeviceNumberAsync_ShouldSucceed" computerName="GSL940A" duration="00:00:00.0399121" startTime="2026-07-07T12:39:16.5482824+08:00" endTime="2026-07-07T12:39:16.5482826+08:00" testType="13cdc9d9-ddb5-4fa4-a97d-d965ccfc6d4b" outcome="Passed" testListId="8c84fa94-04c1-424b-9868-57a2d4851a1d" relativeResultsDirectory="36677abc-af70-432a-98bd-7279debc212d" />
    <UnitTestResult executionId="a396cfd3-38d2-4cd9-bf2e-bdbcd509033f" testId="3e30df0c-96d1-99fa-b2bf-0fdb9da63016" testName="DeviceLink.Tests.PS02.ConverterSerialTests.Converter_FullSequence_ShouldSucceed" computerName="GSL940A" duration="00:00:00.0014601" startTime="2026-07-07T12:39:10.9719793+08:00" endTime="2026-07-07T12:39:10.9719794+08:00" testType="13cdc9d9-ddb5-4fa4-a97d-d965ccfc6d4b" outcome="Passed" testListId="8c84fa94-04c1-424b-9868-57a2d4851a1d" relativeResultsDirectory="a396cfd3-38d2-4cd9-bf2e-bdbcd509033f">
      <Output>
        <StdOut>串口配置: COM101, 9600bps, 从站地址: 1&#xD;
串口 COM101 不可用: Access to the path 'COM101' is denied.&#xD;
跳过测试: 串口不可用</StdOut>
      </Output>
    </UnitTestResult>
    <UnitTestResult executionId="37666159-275c-4ebb-9b1b-e76a3600ac72" testId="428dae2b-682c-88c0-39b8-8e75f3590145" testName="DeviceLink.Tests.PS02.PS02SerialTests.Serial_WithCancellation_ShouldRespectToken" computerName="GSL940A" duration="00:00:00.5925951" startTime="2026-07-07T12:43:06.5428781+08:00" endTime="2026-07-07T12:43:06.5428789+08:00" testType="13cdc9d9-ddb5-4fa4-a97d-d965ccfc6d4b" outcome="Passed" testListId="8c84fa94-04c1-424b-9868-57a2d4851a1d" relativeResultsDirectory="37666159-275c-4ebb-9b1b-e76a3600ac72">
      <Output>
        <StdOut>串口配置: COM101, 9600bps, 从站地址: 1&#xD;
设备已成功打开&#xD;
操作被正确取消&#xD;
设备已关闭</StdOut>
      </Output>
    </UnitTestResult>
    <UnitTestResult executionId="9b8fce42-181a-4cf8-9e3b-8ddaf24d253a" testId="d5601e52-b09f-5005-8a8c-33e5c2ca9815" testName="DeviceLink.Tests.PS02.ConverterCommandTests.TryParseFrame_EnableOwiResponse_ShouldParseCorrectly" computerName="GSL940A" duration="00:00:00.0084975" startTime="2026-07-07T12:39:10.8890819+08:00" endTime="2026-07-07T12:39:10.8890820+08:00" testType="13cdc9d9-ddb5-4fa4-a97d-d965ccfc6d4b" outcome="Passed" testListId="8c84fa94-04c1-424b-9868-57a2d4851a1d" relativeResultsDirectory="9b8fce42-181a-4cf8-9e3b-8ddaf24d253a" />
    <UnitTestResult executionId="199bcf2b-b1c4-4093-887a-88c85731396c" testId="bc520cf3-74e5-7b58-d11a-55cd996c025a" testName="DeviceLink.Tests.PS02.CpplV3FrameStrategyTests.BuildFrame_WithCustomAddresses_ShouldUseProvidedValues" computerName="GSL940A" duration="00:00:00.0089105" startTime="2026-07-07T12:39:10.8859557+08:00" endTime="2026-07-07T12:39:10.8859782+08:00" testType="13cdc9d9-ddb5-4fa4-a97d-d965ccfc6d4b" outcome="Passed" testListId="8c84fa94-04c1-424b-9868-57a2d4851a1d" relativeResultsDirectory="199bcf2b-b1c4-4093-887a-88c85731396c" />
    <UnitTestResult executionId="6b46109c-8dc7-4d1f-bf2c-dcaf0e39500b" testId="1d85191a-ecd6-1e76-be98-43a464d6335f" testName="DeviceLink.Tests.PS02.PS02Tests.GetMigrationRangeAsync_ShouldReturnRange" computerName="GSL940A" duration="00:00:00.0337532" startTime="2026-07-07T12:39:16.1856763+08:00" endTime="2026-07-07T12:39:16.1856764+08:00" testType="13cdc9d9-ddb5-4fa4-a97d-d965ccfc6d4b" outcome="Passed" testListId="8c84fa94-04c1-424b-9868-57a2d4851a1d" relativeResultsDirectory="6b46109c-8dc7-4d1f-bf2c-dcaf0e39500b" />
    <UnitTestResult executionId="1ced6a54-bf66-4c27-a516-fdf7fab3f1f6" testId="88798e95-f743-0f0e-2efd-d1e7df1724ec" testName="DeviceLink.Tests.PS02.PS02Tests.GetPressureTypeAsync_ShouldReturnType" computerName="GSL940A" duration="00:00:00.0343336" startTime="2026-07-07T12:39:16.4527128+08:00" endTime="2026-07-07T12:39:16.4527130+08:00" testType="13cdc9d9-ddb5-4fa4-a97d-d965ccfc6d4b" outcome="Passed" testListId="8c84fa94-04c1-424b-9868-57a2d4851a1d" relativeResultsDirectory="1ced6a54-bf66-4c27-a516-fdf7fab3f1f6" />
    <UnitTestResult executionId="1159c75f-e2d5-4f00-9d1d-e4fc5c2c33d5" testId="fe8300ae-fcf9-7b68-69dd-6215033d1126" testName="DeviceLink.Tests.PS02.PS02SerialTests.Serial_GetMigrationRange_ShouldReturnRange" computerName="GSL940A" duration="00:00:47.1017105" startTime="2026-07-07T12:49:44.8818829+08:00" endTime="2026-07-07T12:49:44.8818832+08:00" testType="13cdc9d9-ddb5-4fa4-a97d-d965ccfc6d4b" outcome="Failed" testListId="8c84fa94-04c1-424b-9868-57a2d4851a1d" relativeResultsDirectory="1159c75f-e2d5-4f00-9d1d-e4fc5c2c33d5">
      <Output>
        <StdOut>串口配置: COM101, 9600bps, 从站地址: 1&#xD;
设备已成功打开&#xD;
设备已关闭</StdOut>
        <ErrorInfo>
          <Message>DeviceLink.Session.SessionException : 请求失败: 接收超时或未收到有效数据&#xD;
---- DeviceLink.DataLink.FrameTimeoutException : 接收超时或未收到有效数据</Message>
          <StackTrace>   at DeviceLink.Session.DirectSession.SendAndReceiveAsync(Byte[] request, CancellationToken ct) in g:\DeviceLink\core\DeviceLink.Session\Implementations\DirectSession.cs:line 98&#xD;
   at DeviceLink.Device.PS02.PS02Base.SendAsync(Command command, CancellationToken ct) in g:\DeviceLink\devices\DeviceLink.Device.PS02\PS02Base.cs:line 154&#xD;
   at DeviceLink.DeviceBase.DeviceBase.SendForResultAsync[T](Command command, Func`2 decoder, CancellationToken ct) in g:\DeviceLink\core\DeviceLink.DeviceBase\DeviceBase.cs:line 431&#xD;
   at DeviceLink.Device.PS02.PS02Base.GetMigrationRangeAsync(CancellationToken ct) in g:\DeviceLink\devices\DeviceLink.Device.PS02\PS02Base.cs:line 382&#xD;
   at DeviceLink.Tests.PS02.PS02SerialTests.Serial_GetMigrationRange_ShouldReturnRange() in g:\DeviceLink\tests\DeviceLink.Tests.PS02\PS02SerialTests.cs:line 610&#xD;
   at DeviceLink.Tests.PS02.PS02SerialTests.Serial_GetMigrationRange_ShouldReturnRange() in g:\DeviceLink\tests\DeviceLink.Tests.PS02\PS02SerialTests.cs:line 619&#xD;
--- End of stack trace from previous location ---&#xD;
----- Inner Stack Trace -----&#xD;
   at DeviceLink.DataLink.DirectDataLink.SendAndReceiveFrameAsync(Byte[] frameData, CancellationToken ct) in g:\DeviceLink\core\DeviceLink.DataLink\Implementations\DirectDataLink.cs:line 141&#xD;
   at DeviceLink.Session.DirectSession.SendAndReceiveAsync(Byte[] request, CancellationToken ct) in g:\DeviceLink\core\DeviceLink.Session\Implementations\DirectSession.cs:line 83</StackTrace>
        </ErrorInfo>
      </Output>
    </UnitTestResult>
    <UnitTestResult executionId="56dba1db-71fd-4e69-8c9c-08c371e3c9f1" testId="b1ea172b-dcce-3431-e9bc-08cd065fdce7" testName="DeviceLink.Tests.PS02.ConverterSerialTests.Converter_SetOutputProject_VOut_ShouldSucceed" computerName="GSL940A" duration="00:00:00.0011222" startTime="2026-07-07T12:39:10.9700261+08:00" endTime="2026-07-07T12:39:10.9700261+08:00" testType="13cdc9d9-ddb5-4fa4-a97d-d965ccfc6d4b" outcome="Passed" testListId="8c84fa94-04c1-424b-9868-57a2d4851a1d" relativeResultsDirectory="56dba1db-71fd-4e69-8c9c-08c371e3c9f1">
      <Output>
        <StdOut>串口配置: COM101, 9600bps, 从站地址: 1&#xD;
串口 COM101 不可用: Access to the path 'COM101' is denied.&#xD;
跳过测试: 串口不可用</StdOut>
      </Output>
    </UnitTestResult>
    <UnitTestResult executionId="836be57d-03db-46e0-8c86-5497d59a8c76" testId="3c873980-36d6-ba19-b1a5-83bea62df9ca" testName="DeviceLink.Tests.PS02.CpplV3FrameStrategyTests.TryParseFrame_TooShort_ShouldReturnFalse" computerName="GSL940A" duration="00:00:00.0001830" startTime="2026-07-07T12:39:10.8900563+08:00" endTime="2026-07-07T12:39:10.8900564+08:00" testType="13cdc9d9-ddb5-4fa4-a97d-d965ccfc6d4b" outcome="Passed" testListId="8c84fa94-04c1-424b-9868-57a2d4851a1d" relativeResultsDirectory="836be57d-03db-46e0-8c86-5497d59a8c76" />
    <UnitTestResult executionId="d1ad638a-268a-4be0-b439-4b8d67f89f1c" testId="f896362a-8d2e-7ff2-bac5-3d765b3d6c9b" testName="DeviceLink.Tests.PS02.PS02SerialTests.Serial_GetHardwareVersion_ShouldReturnNonEmpty" computerName="GSL940A" duration="00:00:47.0214519" startTime="2026-07-07T12:39:57.8975000+08:00" endTime="2026-07-07T12:39:57.8975003+08:00" testType="13cdc9d9-ddb5-4fa4-a97d-d965ccfc6d4b" outcome="Failed" testListId="8c84fa94-04c1-424b-9868-57a2d4851a1d" relativeResultsDirectory="d1ad638a-268a-4be0-b439-4b8d67f89f1c">
      <Output>
        <StdOut>串口配置: COM101, 9600bps, 从站地址: 1&#xD;
设备已成功打开&#xD;
设备已关闭</StdOut>
        <ErrorInfo>
          <Message>DeviceLink.Session.SessionException : 请求失败: 接收超时或未收到有效数据&#xD;
---- DeviceLink.DataLink.FrameTimeoutException : 接收超时或未收到有效数据</Message>
          <StackTrace>   at DeviceLink.Session.DirectSession.SendAndReceiveAsync(Byte[] request, CancellationToken ct) in g:\DeviceLink\core\DeviceLink.Session\Implementations\DirectSession.cs:line 98&#xD;
   at DeviceLink.Device.PS02.PS02Base.SendAsync(Command command, CancellationToken ct) in g:\DeviceLink\devices\DeviceLink.Device.PS02\PS02Base.cs:line 154&#xD;
   at DeviceLink.DeviceBase.DeviceBase.SendForResultAsync[T](Command command, Func`2 decoder, CancellationToken ct) in g:\DeviceLink\core\DeviceLink.DeviceBase\DeviceBase.cs:line 431&#xD;
   at DeviceLink.Device.PS02.PS02Base.GetHardwareVersionAsync(CancellationToken ct) in g:\DeviceLink\devices\DeviceLink.Device.PS02\PS02Base.cs:line 425&#xD;
   at DeviceLink.Tests.PS02.PS02SerialTests.Serial_GetHardwareVersion_ShouldReturnNonEmpty() in g:\DeviceLink\tests\DeviceLink.Tests.PS02\PS02SerialTests.cs:line 287&#xD;
   at DeviceLink.Tests.PS02.PS02SerialTests.Serial_GetHardwareVersion_ShouldReturnNonEmpty() in g:\DeviceLink\tests\DeviceLink.Tests.PS02\PS02SerialTests.cs:line 295&#xD;
--- End of stack trace from previous location ---&#xD;
----- Inner Stack Trace -----&#xD;
   at DeviceLink.DataLink.DirectDataLink.SendAndReceiveFrameAsync(Byte[] frameData, CancellationToken ct) in g:\DeviceLink\core\DeviceLink.DataLink\Implementations\DirectDataLink.cs:line 141&#xD;
   at DeviceLink.Session.DirectSession.SendAndReceiveAsync(Byte[] request, CancellationToken ct) in g:\DeviceLink\core\DeviceLink.Session\Implementations\DirectSession.cs:line 83</StackTrace>
        </ErrorInfo>
      </Output>
    </UnitTestResult>
    <UnitTestResult executionId="62602162-d17f-4c73-b970-4c86a2b2d777" testId="0f3987ae-03b4-4a4c-fbe4-a25908020e32" testName="DeviceLink.Tests.PS02.CpplV3FrameStrategyTests.BuildParse_RoundTrip_ShouldPreserveData" computerName="GSL940A" duration="00:00:00.0023745" startTime="2026-07-07T12:39:10.8900289+08:00" endTime="2026-07-07T12:39:10.8900290+08:00" testType="13cdc9d9-ddb5-4fa4-a97d-d965ccfc6d4b" outcome="Passed" testListId="8c84fa94-04c1-424b-9868-57a2d4851a1d" relativeResultsDirectory="62602162-d17f-4c73-b970-4c86a2b2d777" />
    <UnitTestResult executionId="2af46b63-6411-4a4c-a900-c6a455861d9c" testId="195e9a01-baab-965c-25cc-b921f9d35e39" testName="DeviceLink.Tests.PS02.ConverterCommandTests.BuildRawFrame_EnableOwi_ShouldMatchDocumentSample" computerName="GSL940A" duration="00:00:00.0004459" startTime="2026-07-07T12:39:10.9718613+08:00" endTime="2026-07-07T12:39:10.9718614+08:00" testType="13cdc9d9-ddb5-4fa4-a97d-d965ccfc6d4b" outcome="Passed" testListId="8c84fa94-04c1-424b-9868-57a2d4851a1d" relativeResultsDirectory="2af46b63-6411-4a4c-a900-c6a455861d9c">
      <Output>
        <StdOut>期望: 55 03 26 01 00 36 22 11 00 04 0D 0B 00 A8 01 29 80 00 00 01 02 00 01 25 26 53 24&#xD;
实际: 55 03 26 01 00 36 22 11 00 04 0D 0B 00 A8 01 29 80 00 00 01 02 00 01 25 26 53 24&#xD;
Modbus RTU: 01 29 80 00 00 01 02 00 01 25 26</StdOut>
      </Output>
    </UnitTestResult>
  </Results>
  <TestDefinitions>
    <UnitTest name="DeviceLink.Tests.PS02.PS02SerialTests.Serial_SetSerialNumber_ShouldReturnNonEmpty" storage="g:\devicelink\tests\devicelink.tests.ps02\bin\debug\net6.0\devicelink.tests.ps02.dll" id="0b12c56d-4b90-9d1c-a294-534af722033c">
      <Execution id="d07c77f1-8c7c-40a0-b917-a7383fd5f0ae" />
      <TestMethod codeBase="g:\DeviceLink\tests\DeviceLink.Tests.PS02\bin\Debug\net6.0\DeviceLink.Tests.PS02.dll" adapterTypeName="executor://xunit/VsTestRunner2/netcoreapp" className="DeviceLink.Tests.PS02.PS02SerialTests" name="Serial_SetSerialNumber_ShouldReturnNonEmpty" />
    </UnitTest>
    <UnitTest name="DeviceLink.Tests.PS02.CpplV3FrameStrategyTests.TryParseFrame_NoHeader_ShouldReturnFalse" storage="g:\devicelink\tests\devicelink.tests.ps02\bin\debug\net6.0\devicelink.tests.ps02.dll" id="2b9d1fa9-c26d-5654-7674-b26d98339a59">
      <Execution id="d8d37598-a5b1-4a3c-9ecb-fb6845324a05" />
      <TestMethod codeBase="g:\DeviceLink\tests\DeviceLink.Tests.PS02\bin\Debug\net6.0\DeviceLink.Tests.PS02.dll" adapterTypeName="executor://xunit/VsTestRunner2/netcoreapp" className="DeviceLink.Tests.PS02.CpplV3FrameStrategyTests" name="TryParseFrame_NoHeader_ShouldReturnFalse" />
    </UnitTest>
    <UnitTest name="DeviceLink.Tests.PS02.PS02SerialTests.Serial_ReadRegister_ShouldReturnValue" storage="g:\devicelink\tests\devicelink.tests.ps02\bin\debug\net6.0\devicelink.tests.ps02.dll" id="af7b95ec-b402-e784-9cba-0954382af784">
      <Execution id="3ee82159-3555-4664-a9d7-fdf129210282" />
      <TestMethod codeBase="g:\DeviceLink\tests\DeviceLink.Tests.PS02\bin\Debug\net6.0\DeviceLink.Tests.PS02.dll" adapterTypeName="executor://xunit/VsTestRunner2/netcoreapp" className="DeviceLink.Tests.PS02.PS02SerialTests" name="Serial_ReadRegister_ShouldReturnValue" />
    </UnitTest>
    <UnitTest name="DeviceLink.Tests.PS02.ConverterSerialTests.Converter_DisableAllOutput_ShouldSucceed" storage="g:\devicelink\tests\devicelink.tests.ps02\bin\debug\net6.0\devicelink.tests.ps02.dll" id="b518883d-c17f-dfde-4636-43ef1c4ab6dd">
      <Execution id="99c54f18-e86a-443d-bbae-b2f83ac05d01" />
      <TestMethod codeBase="g:\DeviceLink\tests\DeviceLink.Tests.PS02\bin\Debug\net6.0\DeviceLink.Tests.PS02.dll" adapterTypeName="executor://xunit/VsTestRunner2/netcoreapp" className="DeviceLink.Tests.PS02.ConverterSerialTests" name="Converter_DisableAllOutput_ShouldSucceed" />
    </UnitTest>
    <UnitTest name="DeviceLink.Tests.PS02.PS02Tests.GetMigrationRangeAsync_ShouldReturnRange" storage="g:\devicelink\tests\devicelink.tests.ps02\bin\debug\net6.0\devicelink.tests.ps02.dll" id="1d85191a-ecd6-1e76-be98-43a464d6335f">
      <Execution id="6b46109c-8dc7-4d1f-bf2c-dcaf0e39500b" />
      <TestMethod codeBase="g:\DeviceLink\tests\DeviceLink.Tests.PS02\bin\Debug\net6.0\DeviceLink.Tests.PS02.dll" adapterTypeName="executor://xunit/VsTestRunner2/netcoreapp" className="DeviceLink.Tests.PS02.PS02Tests" name="GetMigrationRangeAsync_ShouldReturnRange" />
    </UnitTest>
    <UnitTest name="DeviceLink.Tests.PS02.CpplV3FrameStrategyTests.BuildFrame_ControlField_ShouldBe0x03" storage="g:\devicelink\tests\devicelink.tests.ps02\bin\debug\net6.0\devicelink.tests.ps02.dll" id="f18b8abc-4315-6112-fa31-2efa8c00dc56">
      <Execution id="50e5ec2e-481e-4e8c-9cdd-24697ee93223" />
      <TestMethod codeBase="g:\DeviceLink\tests\DeviceLink.Tests.PS02\bin\Debug\net6.0\DeviceLink.Tests.PS02.dll" adapterTypeName="executor://xunit/VsTestRunner2/netcoreapp" className="DeviceLink.Tests.PS02.CpplV3FrameStrategyTests" name="BuildFrame_ControlField_ShouldBe0x03" />
    </UnitTest>
    <UnitTest name="DeviceLink.Tests.PS02.ConverterSerialTests.Converter_GetHardwareVersion_ShouldReturnNonEmpty" storage="g:\devicelink\tests\devicelink.tests.ps02\bin\debug\net6.0\devicelink.tests.ps02.dll" id="4d4fe33d-9d73-5fff-2118-66e9bcef46c6">
      <Execution id="8fb65701-c94e-4b50-8a00-0675f62b26d0" />
      <TestMethod codeBase="g:\DeviceLink\tests\DeviceLink.Tests.PS02\bin\Debug\net6.0\DeviceLink.Tests.PS02.dll" adapterTypeName="executor://xunit/VsTestRunner2/netcoreapp" className="DeviceLink.Tests.PS02.ConverterSerialTests" name="Converter_GetHardwareVersion_ShouldReturnNonEmpty" />
[...]
[xUnit.net 00:06:17.15]       Output:&#xD;
[xUnit.net 00:06:17.15]         串口配置: COM101, 9600bps, 从站地址: 1&#xD;
[xUnit.net 00:06:17.15]         设备已成功打开&#xD;
[xUnit.net 00:06:17.15]         设备已关闭&#xD;
[xUnit.net 00:07:04.19]       DeviceLink.Session.SessionException : 请求失败: 接收超时或未收到有效数据&#xD;
[xUnit.net 00:07:04.19]       ---- DeviceLink.DataLink.FrameTimeoutException : 接收超时或未收到有效数据&#xD;
[xUnit.net 00:07:04.19]       Stack Trace:&#xD;
[xUnit.net 00:07:04.19]         g:\DeviceLink\core\DeviceLink.Session\Implementations\DirectSession.cs(98,0): at DeviceLink.Session.DirectSession.SendAndReceiveAsync(Byte[] request, CancellationToken ct)&#xD;
[xUnit.net 00:07:04.19]         g:\DeviceLink\devices\DeviceLink.Device.PS02\PS02Base.cs(154,0): at DeviceLink.Device.PS02.PS02Base.SendAsync(Command command, CancellationToken ct)&#xD;
[xUnit.net 00:07:04.19]         g:\DeviceLink\core\DeviceLink.DeviceBase\DeviceBase.cs(431,0): at DeviceLink.DeviceBase.DeviceBase.SendForResultAsync[T](Command command, Func`2 decoder, CancellationToken ct)&#xD;
[xUnit.net 00:07:04.19]         g:\DeviceLink\devices\DeviceLink.Device.PS02\PS02Base.cs(438,0): at DeviceLink.Device.PS02.PS02Base.GetModuleTypeAsync(CancellationToken ct)&#xD;
[xUnit.net 00:07:04.19]         g:\DeviceLink\tests\DeviceLink.Tests.PS02\PS02SerialTests.cs(184,0): at DeviceLink.Tests.PS02.PS02SerialTests.Serial_TestConnection_ShouldReturnTrue()&#xD;
[xUnit.net 00:07:04.19]         g:\DeviceLink\tests\DeviceLink.Tests.PS02\PS02SerialTests.cs(193,0): at DeviceLink.Tests.PS02.PS02SerialTests.Serial_TestConnection_ShouldReturnTrue()&#xD;
[xUnit.net 00:07:04.19]         --- End of stack trace from previous location ---&#xD;
[xUnit.net 00:07:04.19]         ----- Inner Stack Trace -----&#xD;
[xUnit.net 00:07:04.19]         g:\DeviceLink\core\DeviceLink.DataLink\Implementations\DirectDataLink.cs(141,0): at DeviceLink.DataLink.DirectDataLink.SendAndReceiveFrameAsync(Byte[] frameData, CancellationToken ct)&#xD;
[xUnit.net 00:07:04.19]         g:\DeviceLink\core\DeviceLink.Session\Implementations\DirectSession.cs(83,0): at DeviceLink.Session.DirectSession.SendAndReceiveAsync(Byte[] request, CancellationToken ct)&#xD;
[xUnit.net 00:07:04.19]       Output:&#xD;
[xUnit.net 00:07:04.19]         串口配置: COM101, 9600bps, 从站地址: 1&#xD;
[xUnit.net 00:07:04.19]         设备已成功打开&#xD;
[xUnit.net 00:07:04.19]         设备已关闭&#xD;
[xUnit.net 00:07:51.24]       DeviceLink.Session.SessionException : 请求失败: 接收超时或未收到有效数据&#xD;
[xUnit.net 00:07:51.24]       ---- DeviceLink.DataLink.FrameTimeoutException : 接收超时或未收到有效数据&#xD;
[xUnit.net 00:07:51.24]       Stack Trace:&#xD;
[xUnit.net 00:07:51.24]         g:\DeviceLink\core\DeviceLink.Session\Implementations\DirectSession.cs(98,0): at DeviceLink.Session.DirectSession.SendAndReceiveAsync(Byte[] request, CancellationToken ct)&#xD;
[xUnit.net 00:07:51.24]         g:\DeviceLink\devices\DeviceLink.Device.PS02\PS02Base.cs(154,0): at DeviceLink.Device.PS02.PS02Base.SendAsync(Command command, CancellationToken ct)&#xD;
[xUnit.net 00:07:51.24]         g:\DeviceLink\core\DeviceLink.DeviceBase\DeviceBase.cs(431,0): at DeviceLink.DeviceBase.DeviceBase.SendForResultAsync[T](Command command, Func`2 decoder, CancellationToken ct)&#xD;
[xUnit.net 00:07:51.24]         g:\DeviceLink\devices\DeviceLink.Device.PS02\PS02Base.cs(328,0): at DeviceLink.Device.PS02.PS02Base.GetSerialNumberAsync(CancellationToken ct)&#xD;
[xUnit.net 00:07:51.24]         g:\DeviceLink\devices\DeviceLink.Device.PS02\PS02Base.cs(456,0): at DeviceLink.Device.PS02.PS02Base.GetIdentificationAsync(CancellationToken ct)&#xD;
[xUnit.net 00:07:51.24]         g:\DeviceLink\tests\DeviceLink.Tests.PS02\PS02SerialTests.cs(312,0): at DeviceLink.Tests.PS02.PS02SerialTests.Serial_GetIdentification_ShouldReturnAllInfo()&#xD;
[xUnit.net 00:07:51.24]         g:\DeviceLink\tests\DeviceLink.Tests.PS02\PS02SerialTests.cs(326,0): at DeviceLink.Tests.PS02.PS02SerialTests.Serial_GetIdentification_ShouldReturnAllInfo()&#xD;
[xUnit.net 00:07:51.24]         --- End of stack trace from previous location ---&#xD;
[xUnit.net 00:07:51.24]         ----- Inner Stack Trace -----&#xD;
[xUnit.net 00:07:51.24]         g:\DeviceLink\core\DeviceLink.DataLink\Implementations\DirectDataLink.cs(141,0): at DeviceLink.DataLink.DirectDataLink.SendAndReceiveFrameAsync(Byte[] frameData, CancellationToken ct)&#xD;
[xUnit.net 00:07:51.24]         g:\DeviceLink\core\DeviceLink.Session\Implementations\DirectSession.cs(83,0): at DeviceLink.Session.DirectSession.SendAndReceiveAsync(Byte[] request, CancellationToken ct)&#xD;
[xUnit.net 00:07:51.24]       Output:&#xD;
[xUnit.net 00:07:51.24]         串口配置: COM101, 9600bps, 从站地址: 1&#xD;
[xUnit.net 00:07:51.24]         设备已成功打开&#xD;
[xUnit.net 00:07:51.24]         设备已关闭&#xD;
[xUnit.net 00:08:38.18]       DeviceLink.Session.SessionException : 请求失败: 接收超时或未收到有效数据&#xD;
[xUnit.net 00:08:38.18]       ---- DeviceLink.DataLink.FrameTimeoutException : 接收超时或未收到有效数据&#xD;
[xUnit.net 00:08:38.18]       Stack Trace:&#xD;
[xUnit.net 00:08:38.18]         g:\DeviceLink\core\DeviceLink.Session\Implementations\DirectSession.cs(98,0): at DeviceLink.Session.DirectSession.SendAndReceiveAsync(Byte[] request, CancellationToken ct)&#xD;
[xUnit.net 00:08:38.18]         g:\DeviceLink\devices\DeviceLink.Device.PS02\PS02Base.cs(154,0): at DeviceLink.Device.PS02.PS02Base.SendAsync(Command command, CancellationToken ct)&#xD;
[xUnit.net 00:08:38.18]         g:\DeviceLink\core\DeviceLink.DeviceBase\DeviceBase.cs(431,0): at DeviceLink.DeviceBase.DeviceBase.SendForResultAsync[T](Command command, Func`2 decoder, CancellationToken ct)&#xD;
[xUnit.net 00:08:38.18]         g:\DeviceLink\devices\DeviceLink.Device.PS02\PS02Base.cs(342,0): at DeviceLink.Device.PS02.PS02Base.GetPrecisionAsync(CancellationToken ct)&#xD;
[xUnit.net 00:08:38.18]         g:\DeviceLink\tests\DeviceLink.Tests.PS02\PS02SerialTests.cs(529,0): at DeviceLink.Tests.PS02.PS02SerialTests.Serial_GetPrecision_ShouldReturnValue()&#xD;
[xUnit.net 00:08:38.18]         g:\DeviceLink\tests\DeviceLink.Tests.PS02\PS02SerialTests.cs(537,0): at DeviceLink.Tests.PS02.PS02SerialTests.Serial_GetPrecision_ShouldReturnValue()&#xD;
[xUnit.net 00:08:38.18]         --- End of stack trace from previous location ---&#xD;
[xUnit.net 00:08:38.18]         ----- Inner Stack Trace -----&#xD;
[xUnit.net 00:08:38.18]         g:\DeviceLink\core\DeviceLink.DataLink\Implementations\DirectDataLink.cs(141,0): at DeviceLink.DataLink.DirectDataLink.SendAndReceiveFrameAsync(Byte[] frameData, CancellationToken ct)&#xD;
[xUnit.net 00:08:38.18]         g:\DeviceLink\core\DeviceLink.Session\Implementations\DirectSession.cs(83,0): at DeviceLink.Session.DirectSession.SendAndReceiveAsync(Byte[] request, CancellationToken ct)&#xD;
[xUnit.net 00:08:38.18]       Output:&#xD;
[xUnit.net 00:08:38.18]         串口配置: COM101, 9600bps, 从站地址: 1&#xD;
[xUnit.net 00:08:38.18]         设备已成功打开&#xD;
[xUnit.net 00:08:38.18]         设备已关闭&#xD;
[xUnit.net 00:09:25.28]       DeviceLink.Session.SessionException : 请求失败: 接收超时或未收到有效数据&#xD;
[xUnit.net 00:09:25.28]       ---- DeviceLink.DataLink.FrameTimeoutException : 接收超时或未收到有效数据&#xD;
[xUnit.net 00:09:25.28]       Stack Trace:&#xD;
[xUnit.net 00:09:25.28]         g:\DeviceLink\core\DeviceLink.Session\Implementations\DirectSession.cs(98,0): at DeviceLink.Session.DirectSession.SendAndReceiveAsync(Byte[] request, CancellationToken ct)&#xD;
[xUnit.net 00:09:25.28]         g:\DeviceLink\devices\DeviceLink.Device.PS02\PS02Base.cs(154,0): at DeviceLink.Device.PS02.PS02Base.SendAsync(Command command, CancellationToken ct)&#xD;
[xUnit.net 00:09:25.28]         g:\DeviceLink\core\DeviceLink.DeviceBase\DeviceBase.cs(431,0): at DeviceLink.DeviceBase.DeviceBase.SendForResultAsync[T](Command command, Func`2 decoder, CancellationToken ct)&#xD;
[xUnit.net 00:09:25.28]         g:\DeviceLink\devices\DeviceLink.Device.PS02\PS02Base.cs(382,0): at DeviceLink.Device.PS02.PS02Base.GetMigrationRangeAsync(CancellationToken ct)&#xD;
[xUnit.net 00:09:25.28]         g:\DeviceLink\tests\DeviceLink.Tests.PS02\PS02SerialTests.cs(637,0): at DeviceLink.Tests.PS02.PS02SerialTests.Serial_SetMigrationRange_ShouldSucceed()&#xD;
[xUnit.net 00:09:25.28]         g:\DeviceLink\tests\DeviceLink.Tests.PS02\PS02SerialTests.cs(668,0): at DeviceLink.Tests.PS02.PS02SerialTests.Serial_SetMigrationRange_ShouldSucceed()&#xD;
[xUnit.net 00:09:25.28]         --- End of stack trace from previous location ---&#xD;
[xUnit.net 00:09:25.28]         ----- Inner Stack Trace -----&#xD;
[xUnit.net 00:09:25.28]         g:\DeviceLink\core\DeviceLink.DataLink\Implementations\DirectDataLink.cs(141,0): at DeviceLink.DataLink.DirectDataLink.SendAndReceiveFrameAsync(Byte[] frameData, CancellationToken ct)&#xD;
[xUnit.net 00:09:25.28]         g:\DeviceLink\core\DeviceLink.Session\Implementations\DirectSession.cs(83,0): at DeviceLink.Session.DirectSession.SendAndReceiveAsync(Byte[] request, CancellationToken ct)&#xD;
[xUnit.net 00:09:25.28]       Output:&#xD;
[xUnit.net 00:09:25.28]         串口配置: COM101, 9600bps, 从站地址: 1&#xD;
[xUnit.net 00:09:25.28]         设备已成功打开&#xD;
[xUnit.net 00:09:25.28]         设备已关闭&#xD;
[xUnit.net 00:10:34.76]       DeviceLink.Session.SessionException : 请求失败: 接收超时或未收到有效数据&#xD;
[xUnit.net 00:10:34.76]       ---- DeviceLink.DataLink.FrameTimeoutException : 接收超时或未收到有效数据&#xD;
[xUnit.net 00:10:34.76]       Stack Trace:&#xD;
[xUnit.net 00:10:34.76]         g:\DeviceLink\core\DeviceLink.Session\Implementations\DirectSession.cs(98,0): at DeviceLink.Session.DirectSession.SendAndReceiveAsync(Byte[] request, CancellationToken ct)&#xD;
[xUnit.net 00:10:34.76]         g:\DeviceLink\devices\DeviceLink.Device.PS02\PS02Base.cs(154,0): at DeviceLink.Device.PS02.PS02Base.SendAsync(Command command, CancellationToken ct)&#xD;
[xUnit.net 00:10:34.76]         g:\DeviceLink\core\DeviceLink.DeviceBase\DeviceBase.cs(431,0): at DeviceLink.DeviceBase.DeviceBase.SendForResultAsync[T](Command command, Func`2 decoder, CancellationToken ct)&#xD;
[xUnit.net 00:10:34.76]         g:\DeviceLink\devices\DeviceLink.Device.PS02\PS02Base.cs(382,0): at DeviceLink.Device.PS02.PS02Base.GetMigrationRangeAsync(CancellationToken ct)&#xD;
[xUnit.net 00:10:34.76]         g:\DeviceLink\tests\DeviceLink.Tests.PS02\PS02SerialTests.cs(610,0): at DeviceLink.Tests.PS02.PS02SerialTests.Serial_GetMigrationRange_ShouldReturnRange()&#xD;
[xUnit.net 00:10:34.76]         g:\DeviceLink\tests\DeviceLink.Tests.PS02\PS02SerialTests.cs(619,0): at DeviceLink.Tests.PS02.PS02SerialTests.Serial_GetMigrationRange_ShouldReturnRange()&#xD;
[xUnit.net 00:10:34.76]         --- End of stack trace from previous location ---&#xD;
[xUnit.net 00:10:34.76]         ----- Inner Stack Trace -----&#xD;
[xUnit.net 00:10:34.76]         g:\DeviceLink\core\DeviceLink.DataLink\Implementations\DirectDataLink.cs(141,0): at DeviceLink.DataLink.DirectDataLink.SendAndReceiveFrameAsync(Byte[] frameData, CancellationToken ct)&#xD;
[xUnit.net 00:10:34.76]         g:\DeviceLink\core\DeviceLink.Session\Implementations\DirectSession.cs(83,0): at DeviceLink.Session.DirectSession.SendAndReceiveAsync(Byte[] request, CancellationToken ct)&#xD;
[xUnit.net 00:10:34.76]       Output:&#xD;
[xUnit.net 00:10:34.76]         串口配置: COM101, 9600bps, 从站地址: 1&#xD;
[xUnit.net 00:10:34.76]         设备已成功打开&#xD;
[xUnit.net 00:10:34.76]         设备已关闭&#xD;
[xUnit.net 00:11:21.71]       DeviceLink.Session.SessionException : 请求失败: 接收超时或未收到有效数据&#xD;
[xUnit.net 00:11:21.71]       ---- DeviceLink.DataLink.FrameTimeoutException : 接收超时或未收到有效数据&#xD;
[xUnit.net 00:11:21.71]       Stack Trace:&#xD;
[xUnit.net 00:11:21.71]         g:\DeviceLink\core\DeviceLink.Session\Implementations\DirectSession.cs(98,0): at DeviceLink.Session.DirectSession.SendAndReceiveAsync(Byte[] request, CancellationToken ct)&#xD;
[xUnit.net 00:11:21.71]         g:\DeviceLink\devices\DeviceLink.Device.PS02\PS02Base.cs(154,0): at DeviceLink.Device.PS02.PS02Base.SendAsync(Command command, CancellationToken ct)&#xD;
[xUnit.net 00:11:21.71]         g:\DeviceLink\core\DeviceLink.DeviceBase\DeviceBase.cs(431,0): at DeviceLink.DeviceBase.DeviceBase.SendForResultAsync[T](Command command, Func`2 decoder, CancellationToken ct)&#xD;
[xUnit.net 00:11:21.71]         g:\DeviceLink\devices\DeviceLink.Device.PS02\PS02Base.cs(438,0): at DeviceLink.Device.PS02.PS02Base.GetModuleTypeAsync(CancellationToken ct)&#xD;
[xUnit.net 00:11:21.71]         g:\DeviceLink\tests\DeviceLink.Tests.PS02\PS02SerialTests.cs(581,0): at DeviceLink.Tests.PS02.PS02SerialTests.Serial_GetModuleType_ShouldReturnValue()&#xD;
[xUnit.net 00:11:21.71]         g:\DeviceLink\tests\DeviceLink.Tests.PS02\PS02SerialTests.cs(589,0): at DeviceLink.Tests.PS02.PS02SerialTests.Serial_GetModuleType_ShouldReturnValue()&#xD;
[xUnit.net 00:11:21.71]         --- End of stack trace from previous location ---&#xD;
[xUnit.net 00:11:21.71]         ----- Inner Stack Trace -----&#xD;
[xUnit.net 00:11:21.71]         g:\DeviceLink\core\DeviceLink.DataLink\Implementations\DirectDataLink.cs(141,0): at DeviceLink.DataLink.DirectDataLink.SendAndReceiveFrameAsync(Byte[] frameData, CancellationToken ct)&#xD;
[xUnit.net 00:11:21.71]         g:\DeviceLink\core\DeviceLink.Session\Implementations\DirectSession.cs(83,0): at DeviceLink.Session.DirectSession.SendAndReceiveAsync(Byte[] request, CancellationToken ct)&#xD;
[xUnit.net 00:11:21.71]       Output:&#xD;
[xUnit.net 00:11:21.71]         串口配置: COM101, 9600bps, 从站地址: 1&#xD;
[xUnit.net 00:11:21.71]         设备已成功打开&#xD;
[xUnit.net 00:11:21.71]         设备已关闭&#xD;
[xUnit.net 00:12:08.57]       DeviceLink.Session.SessionException : 请求失败: 接收超时或未收到有效数据&#xD;
[xUnit.net 00:12:08.57]       ---- DeviceLink.DataLink.FrameTimeoutException : 接收超时或未收到有效数据&#xD;
[xUnit.net 00:12:08.57]       Stack Trace:&#xD;
[xUnit.net 00:12:08.57]         g:\DeviceLink\core\DeviceLink.Session\Implementations\DirectSession.cs(98,0): at DeviceLink.Session.DirectSession.SendAndReceiveAsync(Byte[] request, CancellationToken ct)&#xD;
[xUnit.net 00:12:08.57]         g:\DeviceLink\devices\DeviceLink.Device.PS02\PS02Base.cs(154,0): at DeviceLink.Device.PS02.PS02Base.SendAsync(Command command, CancellationToken ct)&#xD;
[xUnit.net 00:12:08.57]         g:\DeviceLink\core\DeviceLink.DeviceBase\DeviceBase.cs(431,0): at DeviceLink.DeviceBase.DeviceBase.SendForResultAsync[T](Command command, Func`2 decoder, CancellationToken ct)&#xD;
[xUnit.net 00:12:08.57]         g:\DeviceLink\devices\DeviceLink.Device.PS02\PS02Base.cs(438,0): at DeviceLink.Device.PS02.PS02Base.GetModuleTypeAsync(CancellationToken ct)&#xD;
[xUnit.net 00:12:08.57]         g:\DeviceLink\tests\DeviceLink.Tests.PS02\PS02SerialTests.cs(797,0): at DeviceLink.Tests.PS02.PS02SerialTests.Serial_MultipleReads_ShouldBeConsistent()&#xD;
[xUnit.net 00:12:08.57]         g:\DeviceLink\tests\DeviceLink.Tests.PS02\PS02SerialTests.cs(815,0): at DeviceLink.Tests.PS02.PS02SerialTests.Serial_MultipleReads_ShouldBeConsistent()&#xD;
[xUnit.net 00:12:08.57]         --- End of stack trace from previous location ---&#xD;
[xUnit.net 00:12:08.57]         ----- Inner Stack Trace -----&#xD;
[xUnit.net 00:12:08.57]         g:\DeviceLink\core\DeviceLink.DataLink\Implementations\DirectDataLink.cs(141,0): at DeviceLink.DataLink.DirectDataLink.SendAndReceiveFrameAsync(Byte[] frameData, CancellationToken ct)&#xD;
[xUnit.net 00:12:08.57]         g:\DeviceLink\core\DeviceLink.Session\Implementations\DirectSession.cs(83,0): at DeviceLink.Session.DirectSession.SendAndReceiveAsync(Byte[] request, CancellationToken ct)&#xD;
[xUnit.net 00:12:08.57]       Output:&#xD;
[xUnit.net 00:12:08.57]         串口配置: COM101, 9600bps, 从站地址: 1&#xD;
[xUnit.net 00:12:08.57]         设备已成功打开&#xD;
[xUnit.net 00:12:08.57]         设备已关闭&#xD;
[xUnit.net 00:12:08.57]   Finished:    DeviceLink.Tests.PS02&#xD;
</StdOut>
    </Output>
    <RunInfos>
      <RunInfo computerName="GSL940A" outcome="Error" timestamp="2026-07-07T12:39:16.1574089+08:00">
        <Text>[xUnit.net 00:00:06.05]     DeviceLink.Tests.PS02.PS02Tests.GetPressureAsync_ShouldReturnPressure [FAIL]</Text>
      </RunInfo>
      <RunInfo computerName="GSL940A" outcome="Error" timestamp="2026-07-07T12:39:57.8944401+08:00">
        <Text>[xUnit.net 00:00:47.79]     DeviceLink.Tests.PS02.PS02SerialTests.Serial_GetHardwareVersion_ShouldReturnNonEmpty [FAIL]</Text>
      </RunInfo>
      <RunInfo computerName="GSL940A" outcome="Error" timestamp="2026-07-07T12:40:44.8346647+08:00">
        <Text>[xUnit.net 00:01:34.73]     DeviceLink.Tests.PS02.PS02SerialTests.Serial_GetPressureType_ShouldReturnValidType [FAIL]</Text>
      </RunInfo>
      <RunInfo computerName="GSL940A" outcome="Error" timestamp="2026-07-07T12:41:31.9136168+08:00">
        <Text>[xUnit.net 00:02:21.77]     DeviceLink.Tests.PS02.PS02SerialTests.Serial_GetPressure_ShouldReturnValue [FAIL]</Text>
      </RunInfo>
      <RunInfo computerName="GSL940A" outcome="Error" timestamp="2026-07-07T12:42:18.9212930+08:00">
        <Text>[xUnit.net 00:03:08.78]     DeviceLink.Tests.PS02.PS02SerialTests.Serial_ReadRegister_ShouldReturnValue [FAIL]</Text>
      </RunInfo>
      <RunInfo computerName="GSL940A" outcome="Error" timestamp="2026-07-07T12:43:05.9505290+08:00">
        <Text>[xUnit.net 00:03:55.81]     DeviceLink.Tests.PS02.PS02SerialTests.Serial_GetPressureF40_ShouldReturnValue [FAIL]</Text>
      </RunInfo>
      <RunInfo computerName="GSL940A" outcome="Error" timestamp="2026-07-07T12:43:53.5071208+08:00">
        <Text>[xUnit.net 00:04:43.37]     DeviceLink.Tests.PS02.PS02SerialTests.Serial_GetSerialNumber_ShouldReturnNonEmpty [FAIL]</Text>
      </RunInfo>
      <RunInfo computerName="GSL940A" outcome="Error" timestamp="2026-07-07T12:44:40.3836094+08:00">
        <Text>[xUnit.net 00:05:30.25]     DeviceLink.Tests.PS02.PS02SerialTests.Serial_ReadRegisters_ShouldReturnMultipleValues [FAIL]</Text>
      </RunInfo>
      <RunInfo computerName="GSL940A" outcome="Error" timestamp="2026-07-07T12:45:27.2834266+08:00">
        <Text>[xUnit.net 00:06:17.15]     DeviceLink.Tests.PS02.PS02SerialTests.Serial_GetFirmwareVersion_ShouldReturnNonEmpty [FAIL]</Text>
      </RunInfo>
      <RunInfo computerName="GSL940A" outcome="Error" timestamp="2026-07-07T12:46:14.3192440+08:00">
        <Text>[xUnit.net 00:07:04.19]     DeviceLink.Tests.PS02.PS02SerialTests.Serial_TestConnection_ShouldReturnTrue [FAIL]</Text>
      </RunInfo>
      <RunInfo computerName="GSL940A" outcome="Error" timestamp="2026-07-07T12:47:01.3687652+08:00">
        <Text>[xUnit.net 00:07:51.24]     DeviceLink.Tests.PS02.PS02SerialTests.Serial_GetIdentification_ShouldReturnAllInfo [FAIL]</Text>
      </RunInfo>
      <RunInfo computerName="GSL940A" outcome="Error" timestamp="2026-07-07T12:47:48.3046056+08:00">
        <Text>[xUnit.net 00:08:38.18]     DeviceLink.Tests.PS02.PS02SerialTests.Serial_GetPrecision_ShouldReturnValue [FAIL]</Text>
      </RunInfo>
      <RunInfo computerName="GSL940A" outcome="Error" timestamp="2026-07-07T12:48:35.4057873+08:00">
        <Text>[xUnit.net 00:09:25.28]     DeviceLink.Tests.PS02.PS02SerialTests.Serial_SetMigrationRange_ShouldSucceed [FAIL]</Text>
      </RunInfo>
      <RunInfo computerName="GSL940A" outcome="Error" timestamp="2026-07-07T12:49:44.8821303+08:00">
        <Text>[xUnit.net 00:10:34.76]     DeviceLink.Tests.PS02.PS02SerialTests.Serial_GetMigrationRange_ShouldReturnRange [FAIL]</Text>
      </RunInfo>
      <RunInfo computerName="GSL940A" outcome="Error" timestamp="2026-07-07T12:50:31.8297971+08:00">
        <Text>[xUnit.net 00:11:21.71]     DeviceLink.Tests.PS02.PS02SerialTests.Serial_GetModuleType_ShouldReturnValue [FAIL]</Text>
      </RunInfo>
      <RunInfo computerName="GSL940A" outcome="Error" timestamp="2026-07-07T12:51:18.6833339+08:00">
        <Text>[xUnit.net 00:12:08.57]     DeviceLink.Tests.PS02.PS02SerialTests.Serial_MultipleReads_ShouldBeConsistent [FAIL]</Text>
      </RunInfo>
    </RunInfos>
  </ResultSummary>
</TestRun>