<?xml version="1.0" encoding="utf-8"?>
<TestRun id="db15bfe9-0573-4e4b-9dd3-7e5266c907da" name="gsl940@GSL940A 2026-07-30 13:56:02" runUser="CONST\gsl940" xmlns="http://microsoft.com/schemas/VisualStudio/TeamTest/2010">
  <Times creation="2026-07-30T13:56:02.9059702+08:00" queuing="2026-07-30T13:56:02.9059705+08:00" start="2026-07-30T13:55:57.3934911+08:00" finish="2026-07-30T13:56:02.9140906+08:00" />
  <TestSettings name="default" id="5fb4e3f8-6476-4d3e-ae07-44b4a48a6188">
    <Deployment runDeploymentRoot="gsl940_GSL940A_2026-07-30_13_56_02" />
  </TestSettings>
  <Results>
    <UnitTestResult executionId="dc8f7d8d-adb3-4c83-aafb-6cfe2e3a3332" testId="afba9c64-6f78-08b6-7444-66a7d7faaea8" testName="DeviceLink.Tests.PS02.PS02TcpTests.Tcp_SetOutputProject_MaOut_ShouldSucceed" computerName="GSL940A" duration="00:00:01.2412114" startTime="2026-07-30T13:56:02.7861213+08:00" endTime="2026-07-30T13:56:02.7861427+08:00" testType="13cdc9d9-ddb5-4fa4-a97d-d965ccfc6d4b" outcome="Passed" testListId="8c84fa94-04c1-424b-9868-57a2d4851a1d" relativeResultsDirectory="dc8f7d8d-adb3-4c83-aafb-6cfe2e3a3332">
      <Output>
        <StdOut>TCP 配置: 192.168.41.243:1046, 从站地址: 1&#xD;
TCP 连接 192.168.41.243:1046 成功&#xD;
设备已成功打开&#xD;
已设置电流输出 - 测量OWI模块输出&#xD;
输出项目: 项目:Current, 输出值类型:Zero&#xD;
已设置电流输出 - 测量标准板输出&#xD;
输出项目: 项目:Current, 输出值类型:FullScale&#xD;
已关闭输出&#xD;
电流输出设置测试通过&#xD;
设备已关闭</StdOut>
      </Output>
    </UnitTestResult>
  </Results>
  <TestDefinitions>
    <UnitTest name="DeviceLink.Tests.PS02.PS02TcpTests.Tcp_SetOutputProject_MaOut_ShouldSucceed" storage="g:\ps02item\src\libs\devicelink\tests\devicelink.tests.ps02\bin\debug\net6.0\devicelink.tests.ps02.dll" id="afba9c64-6f78-08b6-7444-66a7d7faaea8">
      <Execution id="dc8f7d8d-adb3-4c83-aafb-6cfe2e3a3332" />
      <TestMethod codeBase="G:\PS02Item\src\libs\DeviceLink\tests\DeviceLink.Tests.PS02\bin\Debug\net6.0\DeviceLink.Tests.PS02.dll" adapterTypeName="executor://xunit/VsTestRunner2/netcoreapp" className="DeviceLink.Tests.PS02.PS02TcpTests" name="Tcp_SetOutputProject_MaOut_ShouldSucceed" />
    </UnitTest>
  </TestDefinitions>
  <TestEntries>
    <TestEntry testId="afba9c64-6f78-08b6-7444-66a7d7faaea8" executionId="dc8f7d8d-adb3-4c83-aafb-6cfe2e3a3332" testListId="8c84fa94-04c1-424b-9868-57a2d4851a1d" />
  </TestEntries>
  <TestLists>
    <TestList name="列表中未列出的结果" id="8c84fa94-04c1-424b-9868-57a2d4851a1d" />
    <TestList name="所有已加载的结果" id="19431567-8539-422a-85d7-44ee4e166bda" />
  </TestLists>
  <ResultSummary outcome="Completed">
    <Counters total="1" executed="1" passed="1" failed="0" error="0" timeout="0" aborted="0" inconclusive="0" passedButRunAborted="0" notRunnable="0" notExecuted="0" disconnected="0" warning="0" completed="0" inProgress="0" pending="0" />
    <Output>
      <StdOut>[xUnit.net 00:00:00.00] xUnit.net VSTest Adapter v2.4.5+1caef2f33e (64-bit .NET 6.0.36)&#xD;
[xUnit.net 00:00:01.70]   Discovering: DeviceLink.Tests.PS02&#xD;
[xUnit.net 00:00:01.86]   Discovered:  DeviceLink.Tests.PS02&#xD;
[xUnit.net 00:00:01.87]   Starting:    DeviceLink.Tests.PS02&#xD;
[xUnit.net 00:00:03.36]   Finished:    DeviceLink.Tests.PS02&#xD;
</StdOut>
    </Output>
  </ResultSummary>
</TestRun>