<?xml version="1.0" encoding="utf-8"?>
<TestRun id="d2e10f50-0e3b-4928-8121-474dc381296a" name="gsl940@GSL940A 2026-07-07 12:18:57" runUser="CONST\gsl940" xmlns="http://microsoft.com/schemas/VisualStudio/TeamTest/2010">
  <Times creation="2026-07-07T12:18:57.4985611+08:00" queuing="2026-07-07T12:18:57.4985615+08:00" start="2026-07-07T12:18:54.9938881+08:00" finish="2026-07-07T12:19:32.4851707+08:00" />
  <TestSettings name="default" id="769ceeca-6845-4e88-bdef-68c491e6b6aa">
    <Deployment runDeploymentRoot="gsl940_GSL940A_2026-07-07_12_18_57" />
  </TestSettings>
  <Results>
    <UnitTestResult executionId="48c58624-4ee3-478e-bfb4-16356997c33f" testId="3e30df0c-96d1-99fa-b2bf-0fdb9da63016" testName="DeviceLink.Tests.PS02.ConverterSerialTests.Converter_FullSequence_ShouldSucceed" computerName="GSL940A" duration="00:00:00.1401533" startTime="2026-07-07T12:19:30.4495483+08:00" endTime="2026-07-07T12:19:30.4495485+08:00" testType="13cdc9d9-ddb5-4fa4-a97d-d965ccfc6d4b" outcome="Passed" testListId="8c84fa94-04c1-424b-9868-57a2d4851a1d" relativeResultsDirectory="48c58624-4ee3-478e-bfb4-16356997c33f">
      <Output>
        <StdOut>串口配置: COM101, 9600bps, 从站地址: 1&#xD;
设备已成功打开&#xD;
=== 开始转接板综合测试 ===&#xD;
[1/5] 固件版本: A20-98 V00.00.00.07&#xD;
[2/5] 硬件版本: A20-98 V00.01&#xD;
[3/5] 扫描结果: NotConnected&#xD;
[4/5] 参数 #0 = 0x00&#xD;
[5/5] 已关闭所有输出&#xD;
=== 转接板综合测试完成 ===&#xD;
设备已关闭</StdOut>
      </Output>
    </UnitTestResult>
    <UnitTestResult executionId="e48686c0-3e2d-46cf-b9c8-89fbb33504dc" testId="a27545b3-bf9e-5f19-4ce2-1a12f0c72e3d" testName="DeviceLink.Tests.PS02.PS02Tests.SetModulePowerAsync_ShouldSucceed" computerName="GSL940A" duration="00:00:00.0375459" startTime="2026-07-07T12:19:04.0501192+08:00" endTime="2026-07-07T12:19:04.0501195+08:00" testType="13cdc9d9-ddb5-4fa4-a97d-d965ccfc6d4b" outcome="Passed" testListId="8c84fa94-04c1-424b-9868-57a2d4851a1d" relativeResultsDirectory="e48686c0-3e2d-46cf-b9c8-89fbb33504dc" />
    <UnitTestResult executionId="c326ddaf-3a11-455d-82e5-2d809eb34c85" testId="0f3987ae-03b4-4a4c-fbe4-a25908020e32" testName="DeviceLink.Tests.PS02.CpplV3FrameStrategyTests.BuildParse_RoundTrip_ShouldPreserveData" computerName="GSL940A" duration="00:00:00.0019641" startTime="2026-07-07T12:18:57.4272255+08:00" endTime="2026-07-07T12:18:57.4272256+08:00" testType="13cdc9d9-ddb5-4fa4-a97d-d965ccfc6d4b" outcome="Passed" testListId="8c84fa94-04c1-424b-9868-57a2d4851a1d" relativeResultsDirectory="c326ddaf-3a11-455d-82e5-2d809eb34c85" />
    <UnitTestResult executionId="5ebc41a6-382c-43a4-8e21-989722425daa" testId="fa46a425-b4a7-1855-0b62-07b247f07e8a" testName="DeviceLink.Tests.PS02.ConverterCommandTests.TryParseFrame_ScanDeviceResponse_ShouldParseCorrectly" computerName="GSL940A" duration="00:00:00.0016865" startTime="2026-07-07T12:18:57.4360093+08:00" endTime="2026-07-07T12:18:57.4360093+08:00" testType="13cdc9d9-ddb5-4fa4-a97d-d965ccfc6d4b" outcome="Passed" testListId="8c84fa94-04c1-424b-9868-57a2d4851a1d" relativeResultsDirectory="5ebc41a6-382c-43a4-8e21-989722425daa" />
    <UnitTestResult executionId="d45bf489-c1c7-4fe0-9e1e-ffc19e615aef" testId="dc5c49aa-01ff-f60d-cca1-e8677fe37801" testName="DeviceLink.Tests.PS02.PS02Tests.GetPressureAsync_ShouldReturnPressure" computerName="GSL940A" duration="00:00:05.0749701" startTime="2026-07-07T12:19:02.6092693+08:00" endTime="2026-07-07T12:19:02.6092695+08:00" testType="13cdc9d9-ddb5-4fa4-a97d-d965ccfc6d4b" outcome="Failed" testListId="8c84fa94-04c1-424b-9868-57a2d4851a1d" relativeResultsDirectory="d45bf489-c1c7-4fe0-9e1e-ffc19e615aef">
      <Output>
        <ErrorInfo>
          <Message>DeviceLink.Session.SessionException : 请求失败: 接收超时或未收到有效数据&#xD;
---- DeviceLink.DataLink.FrameTimeoutException : 接收超时或未收到有效数据</Message>
          <StackTrace>   at DeviceLink.Session.DirectSession.SendAndReceiveAsync(Byte[] request, CancellationToken ct) in g:\DeviceLink\core\DeviceLink.Session\Implementations\DirectSession.cs:line 98&#xD;
   at DeviceLink.Device.PS02.PS02Base.SendAsync(Command command, CancellationToken ct) in g:\DeviceLink\devices\DeviceLink.Device.PS02\PS02Base.cs:line 154&#xD;
   at DeviceLink.DeviceBase.DeviceBase.SendForResultAsync[T](Command command, Func`2 decoder, CancellationToken ct) in g:\DeviceLink\core\DeviceLink.DeviceBase\DeviceBase.cs:line 431&#xD;
   at DeviceLink.Device.PS02.PS02Base.GetPressureAsync(CancellationToken ct) in g:\DeviceLink\devices\DeviceLink.Device.PS02\PS02Base.cs:line 297&#xD;
   at DeviceLink.Tests.PS02.PS02Tests.GetPressureAsync_ShouldReturnPressure() in g:\DeviceLink\tests\DeviceLink.Tests.PS02\PS02Tests.cs:line 148&#xD;
--- End of stack trace from previous location ---&#xD;
----- Inner Stack Trace -----&#xD;
   at DeviceLink.DataLink.DirectDataLink.SendAndReceiveFrameAsync(Byte[] frameData, CancellationToken ct) in g:\DeviceLink\core\DeviceLink.DataLink\Implementations\DirectDataLink.cs:line 141&#xD;
   at DeviceLink.Session.DirectSession.SendAndReceiveAsync(Byte[] request, CancellationToken ct) in g:\DeviceLink\core\DeviceLink.Session\Implementations\DirectSession.cs:line 83</StackTrace>
        </ErrorInfo>
      </Output>
    </UnitTestResult>
    <UnitTestResult executionId="fb4fbafb-2f49-49b7-858f-2e1c638eb567" testId="b5fbbab8-5d80-ffce-98e4-7ffd381c8f3f" testName="DeviceLink.Tests.PS02.PS02Tests.GetIdentificationAsync_ShouldReturnAllInfo" computerName="GSL940A" duration="00:00:00.0933850" startTime="2026-07-07T12:19:02.8108485+08:00" endTime="2026-07-07T12:19:02.8108487+08:00" testType="13cdc9d9-ddb5-4fa4-a97d-d965ccfc6d4b" outcome="Passed" testListId="8c84fa94-04c1-424b-9868-57a2d4851a1d" relativeResultsDirectory="fb4fbafb-2f49-49b7-858f-2e1c638eb567" />
    <UnitTestResult executionId="3169b7ed-9332-442a-8ed5-29d2761beaa1" testId="cfb9c40d-4c07-9351-926c-6cb214345f4f" testName="DeviceLink.Tests.PS02.PS02Tests.GetConverterModelAsync_ShouldReturnModel" computerName="GSL940A" duration="00:00:00.0922333" startTime="2026-07-07T12:18:57.4374414+08:00" endTime="2026-07-07T12:18:57.4374414+08:00" testType="13cdc9d9-ddb5-4fa4-a97d-d965ccfc6d4b" outcome="Passed" testListId="8c84fa94-04c1-424b-9868-57a2d4851a1d" relativeResultsDirectory="3169b7ed-9332-442a-8ed5-29d2761beaa1" />
    <UnitTestResult executionId="cec2e308-28b4-4883-b05d-c0d23a6d90c1" testId="c23e3320-ca14-6a67-fc78-059a5cbde885" testName="DeviceLink.Tests.PS02.PS02Tests.GetPressureAsync_TransportTimeout_ShouldThrow" computerName="GSL940A" duration="00:00:01.0472309" startTime="2026-07-07T12:19:04.0180864+08:00" endTime="2026-07-07T12:19:04.0180866+08:00" testType="13cdc9d9-ddb5-4fa4-a97d-d965ccfc6d4b" outcome="Failed" testListId="8c84fa94-04c1-424b-9868-57a2d4851a1d" relativeResultsDirectory="cec2e308-28b4-4883-b05d-c0d23a6d90c1">
      <Output>
        <ErrorInfo>
          <Message>Assert.Throws() Failure&#xD;
Expected: typeof(System.Threading.Tasks.TaskCanceledException)&#xD;
Actual:   typeof(System.OperationCanceledException): The operation was canceled.&#xD;
---- System.OperationCanceledException : The operation was canceled.</Message>
          <StackTrace>   at System.Threading.CancellationToken.ThrowOperationCanceledException()&#xD;
   at DeviceLink.DataLink.DirectDataLink.ReceiveLoopAsync(CancellationToken ct) in g:\DeviceLink\core\DeviceLink.DataLink\Implementations\DirectDataLink.cs:line 210&#xD;
   at DeviceLink.DataLink.DirectDataLink.SendAndReceiveFrameAsync(Byte[] frameData, CancellationToken ct) in g:\DeviceLink\core\DeviceLink.DataLink\Implementations\DirectDataLink.cs:line 122&#xD;
   at DeviceLink.Session.DirectSession.SendAndReceiveAsync(Byte[] request, CancellationToken ct) in g:\DeviceLink\core\DeviceLink.Session\Implementations\DirectSession.cs:line 83&#xD;
   at DeviceLink.Device.PS02.PS02Base.SendAsync(Command command, CancellationToken ct) in g:\DeviceLink\devices\DeviceLink.Device.PS02\PS02Base.cs:line 154&#xD;
   at DeviceLink.DeviceBase.DeviceBase.SendForResultAsync[T](Command command, Func`2 decoder, CancellationToken ct) in g:\DeviceLink\core\DeviceLink.DeviceBase\DeviceBase.cs:line 431&#xD;
   at DeviceLink.Device.PS02.PS02Base.GetPressureAsync(CancellationToken ct) in g:\DeviceLink\devices\DeviceLink.Device.PS02\PS02Base.cs:line 297&#xD;
----- Inner Stack Trace -----&#xD;
   at System.Threading.CancellationToken.ThrowOperationCanceledException()&#xD;
   at DeviceLink.DataLink.DirectDataLink.ReceiveLoopAsync(CancellationToken ct) in g:\DeviceLink\core\DeviceLink.DataLink\Implementations\DirectDataLink.cs:line 210&#xD;
   at DeviceLink.DataLink.DirectDataLink.SendAndReceiveFrameAsync(Byte[] frameData, CancellationToken ct) in g:\DeviceLink\core\DeviceLink.DataLink\Implementations\DirectDataLink.cs:line 122&#xD;
   at DeviceLink.Session.DirectSession.SendAndReceiveAsync(Byte[] request, CancellationToken ct) in g:\DeviceLink\core\DeviceLink.Session\Implementations\DirectSession.cs:line 83&#xD;
   at DeviceLink.Device.PS02.PS02Base.SendAsync(Command command, CancellationToken ct) in g:\DeviceLink\devices\DeviceLink.Device.PS02\PS02Base.cs:line 154&#xD;
   at DeviceLink.DeviceBase.DeviceBase.SendForResultAsync[T](Command command, Func`2 decoder, CancellationToken ct) in g:\DeviceLink\core\DeviceLink.DeviceBase\DeviceBase.cs:line 431&#xD;
   at DeviceLink.Device.PS02.PS02Base.GetPressureAsync(CancellationToken ct) in g:\DeviceLink\devices\DeviceLink.Device.PS02\PS02Base.cs:line 297</StackTrace>
        </ErrorInfo>
      </Output>
    </UnitTestResult>
    <UnitTestResult executionId="8369ea77-e1b2-47d3-8a52-a67d2416fc85" testId="73745b59-f8cf-b348-0793-4bf5b35cb029" testName="DeviceLink.Tests.PS02.ConverterSerialTests.Converter_SetOutputProject_MaOut_ShouldSucceed" computerName="GSL940A" duration="00:00:01.6104822" startTime="2026-07-07T12:19:32.0600116+08:00" endTime="2026-07-07T12:19:32.0600119+08:00" testType="13cdc9d9-ddb5-4fa4-a97d-d965ccfc6d4b" outcome="Passed" testListId="8c84fa94-04c1-424b-9868-57a2d4851a1d" relativeResultsDirectory="8369ea77-e1b2-47d3-8a52-a67d2416fc85">
      <Output>
        <StdOut>串口配置: COM101, 9600bps, 从站地址: 1&#xD;
设备已成功打开&#xD;
已设置电流输出零点&#xD;
已设置电流输出满量程&#xD;
已关闭输出&#xD;
电流输出测试通过&#xD;
设备已关闭</StdOut>
      </Output>
    </UnitTestResult>
    <UnitTestResult executionId="0399546d-559a-460c-9529-f56f3ed661ed" testId="68cf545e-de0e-e29e-9f6f-de53a5d6ffce" testName="DeviceLink.Tests.PS02.ConverterCommandTests.BuildRawFrame_WithData_ShouldHaveCorrectCrc16" computerName="GSL940A" duration="00:00:00.0019341" startTime="2026-07-07T12:18:57.4268278+08:00" endTime="2026-07-07T12:18:57.4268278+08:00" testType="13cdc9d9-ddb5-4fa4-a97d-d965ccfc6d4b" outcome="Passed" testListId="8c84fa94-04c1-424b-9868-57a2d4851a1d" relativeResultsDirectory="0399546d-559a-460c-9529-f56f3ed661ed" />
    <UnitTestResult executionId="9c8fff3e-3906-49de-8c49-2c1ad0fcc9c8" testId="435ff7a0-a30b-b4c9-64fd-b0b839e73459" testName="DeviceLink.Tests.PS02.CpplV3FrameStrategyTests.TryParseFrame_InvalidCrc8_ShouldReturnFalse" computerName="GSL940A" duration="00:00:00.0001243" startTime="2026-07-07T12:18:57.4334492+08:00" endTime="2026-07-07T12:18:57.4334493+08:00" testType="13cdc9d9-ddb5-4fa4-a97d-d965ccfc6d4b" outcome="Passed" testListId="8c84fa94-04c1-424b-9868-57a2d4851a1d" relativeResultsDirectory="9c8fff3e-3906-49de-8c49-2c1ad0fcc9c8" />
    <UnitTestResult executionId="a6a97244-9fa6-4faf-ac5a-59d70a5debbc" testId="276a1477-d794-8484-1d2b-4d9795a64b18" testName="DeviceLink.Tests.PS02.PS02Tests.GetModuleTypeAsync_ShouldReturnType" computerName="GSL940A" duration="00:00:00.0295692" startTime="2026-07-07T12:19:02.6852373+08:00" endTime="2026-07-07T12:19:02.6852375+08:00" testType="13cdc9d9-ddb5-4fa4-a97d-d965ccfc6d4b" outcome="Passed" testListId="8c84fa94-04c1-424b-9868-57a2d4851a1d" relativeResultsDirectory="a6a97244-9fa6-4faf-ac5a-59d70a5debbc" />
    <UnitTestResult executionId="13f65921-7e61-46d4-81fe-9a3f8d325586" testId="ff7ad0aa-a867-a47e-2c7e-bab7c00600c3" testName="DeviceLink.Tests.PS02.ConverterCommandTests.BuildRawFrame_SetOutputProject_ShouldMatchDocumentSample" computerName="GSL940A" duration="00:00:00.0001973" startTime="2026-07-07T12:18:57.4361281+08:00" endTime="2026-07-07T12:18:57.4361281+08:00" testType="13cdc9d9-ddb5-4fa4-a97d-d965ccfc6d4b" outcome="Passed" testListId="8c84fa94-04c1-424b-9868-57a2d4851a1d" relativeResultsDirectory="13f65921-7e61-46d4-81fe-9a3f8d325586">
      <Output>
        <StdOut>期望: 55 03 23 01 00 36 22 11 10 02 05 02 00 61 00 00 0F 1D&#xD;
实际: 55 03 23 01 00 36 22 11 10 02 05 02 00 61 00 00 0F 1D</StdOut>
      </Output>
    </UnitTestResult>
    <UnitTestResult executionId="fe4c2b41-a3a6-4aee-8b18-2ff9598f4383" testId="6c396934-44a9-e72b-0949-fc79583c128a" testName="DeviceLink.Tests.PS02.ConverterCommandTests.TryParseFrame_ValidResponse_ShouldParseCorrectly" computerName="GSL940A" duration="00:00:00.0003579" startTime="2026-07-07T12:18:57.4360362+08:00" endTime="2026-07-07T12:18:57.4360362+08:00" testType="13cdc9d9-ddb5-4fa4-a97d-d965ccfc6d4b" outcome="Passed" testListId="8c84fa94-04c1-424b-9868-57a2d4851a1d" relativeResultsDirectory="fe4c2b41-a3a6-4aee-8b18-2ff9598f4383" />
    <UnitTestResult executionId="3b67401b-78e0-482b-9270-ede54c31fc6f" testId="b1ea172b-dcce-3431-e9bc-08cd065fdce7" testName="DeviceLink.Tests.PS02.ConverterSerialTests.Converter_SetOutputProject_VOut_ShouldSucceed" computerName="GSL940A" duration="00:00:01.7030974" startTime="2026-07-07T12:18:59.1220612+08:00" endTime="2026-07-07T12:18:59.1220616+08:00" testType="13cdc9d9-ddb5-4fa4-a97d-d965ccfc6d4b" outcome="Passed" testListId="8c84fa94-04c1-424b-9868-57a2d4851a1d" relativeResultsDirectory="3b67401b-78e0-482b-9270-ede54c31fc6f">
      <Output>
        <StdOut>串口配置: COM101, 9600bps, 从站地址: 1&#xD;
设备已成功打开&#xD;
已设置电压输出零点&#xD;
已设置电压输出满量程&#xD;
已关闭输出&#xD;
电压输出测试通过&#xD;
设备已关闭</StdOut>
      </Output>
    </UnitTestResult>
    <UnitTestResult executionId="b26df2b4-68b4-49b5-82bb-dd9146ec16db" testId="cf5257af-73d6-787f-8ae5-0fa5357f2a0b" testName="DeviceLink.Tests.PS02.ConverterSerialTests.Converter_GetFirmwareVersion_ShouldReturnNonEmpty" computerName="GSL940A" duration="00:00:00.1551537" startTime="2026-07-07T12:18:59.2777478+08:00" endTime="2026-07-07T12:18:59.2777481+08:00" testType="13cdc9d9-ddb5-4fa4-a97d-d965ccfc6d4b" outcome="Passed" testListId="8c84fa94-04c1-424b-9868-57a2d4851a1d" relativeResultsDirectory="b26df2b4-68b4-49b5-82bb-dd9146ec16db">
      <Output>
        <StdOut>串口配置: COM101, 9600bps, 从站地址: 1&#xD;
设备已成功打开&#xD;
转接板固件版本: A20-98 V00.00.00.07&#xD;
设备已关闭</StdOut>
      </Output>
    </UnitTestResult>
    <UnitTestResult executionId="35ad9483-5d64-4d74-bb95-cf6a2256d621" testId="780bae86-4665-bc62-c90e-f330fe78055c" testName="DeviceLink.Tests.PS02.PS02Tests.Constructor_WithSettings_ShouldSucceed" computerName="GSL940A" duration="00:00:00.0001881" startTime="2026-07-07T12:19:02.8729696+08:00" endTime="2026-07-07T12:19:02.8729697+08:00" testType="13cdc9d9-ddb5-4fa4-a97d-d965ccfc6d4b" outcome="Passed" testListId="8c84fa94-04c1-424b-9868-57a2d4851a1d" relativeResultsDirectory="35ad9483-5d64-4d74-bb95-cf6a2256d621" />
    <UnitTestResult executionId="25782ee0-8106-4dca-80d3-4113c12cf0a2" testId="652362d7-b167-b7fc-5275-116135052a82" testName="DeviceLink.Tests.PS02.ConverterCommandTests.BuildRawFrame_NoData_ShouldHaveCorrectCrc16" computerName="GSL940A" duration="00:00:00.0001576" startTime="2026-07-07T12:18:57.4360617+08:00" endTime="2026-07-07T12:18:57.4360617+08:00" testType="13cdc9d9-ddb5-4fa4-a97d-d965ccfc6d4b" outcome="Passed" testListId="8c84fa94-04c1-424b-9868-57a2d4851a1d" relativeResultsDirectory="25782ee0-8106-4dca-80d3-4113c12cf0a2" />
    <UnitTestResult executionId="e7ce0e34-0aa5-471e-b90e-78fa4f7f17ee" testId="bc520cf3-74e5-7b58-d11a-55cd996c025a" testName="DeviceLink.Tests.PS02.CpplV3FrameStrategyTests.BuildFrame_WithCustomAddresses_ShouldUseProvidedValues" computerName="GSL940A" duration="00:00:00.0063075" startTime="2026-07-07T12:18:57.3437629+08:00" endTime="2026-07-07T12:18:57.3437848+08:00" testType="13cdc9d9-ddb5-4fa4-a97d-d965ccfc6d4b" outcome="Passed" testListId="8c84fa94-04c1-424b-9868-57a2d4851a1d" relativeResultsDirectory="e7ce0e34-0aa5-471e-b90e-78fa4f7f17ee" />
    <UnitTestResult executionId="d6debc57-4600-480a-b114-0faee519e9f5" testId="4d4fe33d-9d73-5fff-2118-66e9bcef46c6" testName="DeviceLink.Tests.PS02.ConverterSerialTests.Converter_GetHardwareVersion_ShouldReturnNonEmpty" computerName="GSL940A" duration="00:00:00.0770372" startTime="2026-07-07T12:19:30.3092202+08:00" endTime="2026-07-07T12:19:30.3092204+08:00" testType="13cdc9d9-ddb5-4fa4-a97d-d965ccfc6d4b" outcome="Passed" testListId="8c84fa94-04c1-424b-9868-57a2d4851a1d" relativeResultsDirectory="d6debc57-4600-480a-b114-0faee519e9f5">
      <Output>
        <StdOut>串口配置: COM101, 9600bps, 从站地址: 1&#xD;
设备已成功打开&#xD;
转接板硬件版本: A20-98 V00.01&#xD;
设备已关闭</StdOut>
      </Output>
    </UnitTestResult>
    <UnitTestResult executionId="b0a68c01-d683-41aa-8a2d-499172f798b3" testId="56820444-5393-16ed-26e0-504f8866be18" testName="DeviceLink.Tests.PS02.CpplV3FrameStrategyTests.BuildFrame_ShouldContainTargetAddress" computerName="GSL940A" duration="00:00:00.0001407" startTime="2026-07-07T12:18:57.4335755+08:00" endTime="2026-07-07T12:18:57.4335756+08:00" testType="13cdc9d9-ddb5-4fa4-a97d-d965ccfc6d4b" outcome="Passed" testListId="8c84fa94-04c1-424b-9868-57a2d4851a1d" relativeResultsDirectory="b0a68c01-d683-41aa-8a2d-499172f798b3" />
    <UnitTestResult executionId="498ff9b6-a265-4b22-bf35-481952f860e3" testId="5b7f78f9-dfd1-541a-429b-70cfb5ac774f" testName="DeviceLink.Tests.PS02.PS02Tests.ConverterError_ShouldThrowDeviceException" computerName="GSL940A" duration="00:00:00.0321836" startTime="2026-07-07T12:19:02.7174973+08:00" endTime="2026-07-07T12:19:02.7174975+08:00" testType="13cdc9d9-ddb5-4fa4-a97d-d965ccfc6d4b" outcome="Passed" testListId="8c84fa94-04c1-424b-9868-57a2d4851a1d" relativeResultsDirectory="498ff9b6-a265-4b22-bf35-481952f860e3" />
    <UnitTestResult executionId="d50898ca-9cc1-4768-9592-679beccf5362" testId="bd650601-60c3-b196-2791-679b7a280d74" testName="DeviceLink.Tests.PS02.ConverterCommandTests.BuildRawFrame_ReadParameter_ShouldMatchDocumentSample" computerName="GSL940A" duration="00:00:00.0002145" startTime="2026-07-07T12:18:57.4360963+08:00" endTime="2026-07-07T12:18:57.4360963+08:00" testType="13cdc9d9-ddb5-4fa4-a97d-d965ccfc6d4b" outcome="Passed" testListId="8c84fa94-04c1-424b-9868-57a2d4851a1d" relativeResultsDirectory="d50898ca-9cc1-4768-9592-679beccf5362">
      <Output>
        <StdOut>期望: 55 03 23 01 00 36 22 11 01 03 07 00 00 DB FF FF&#xD;
实际: 55 03 23 01 00 36 22 11 01 03 07 00 00 DB FF FF</StdOut>
      </Output>
    </UnitTestResult>
    <UnitTestResult executionId="b0c596f4-d8b4-4d55-b414-168a9596549c" testId="3704c466-a18c-fc63-e597-cc9c8f24da57" testName="DeviceLink.Tests.PS02.CpplV3FrameStrategyTests.TryParseFrame_ValidFrame_ShouldReturnTrue" computerName="GSL940A" duration="00:00:00.0005525" startTime="2026-07-07T12:18:57.4352940+08:00" endTime="2026-07-07T12:18:57.4352941+08:00" testType="13cdc9d9-ddb5-4fa4-a97d-d965ccfc6d4b" outcome="Passed" testListId="8c84fa94-04c1-424b-9868-57a2d4851a1d" relativeResultsDirectory="b0c596f4-d8b4-4d55-b414-168a9596549c" />
    <UnitTestResult executionId="f30bd1af-c9f8-483c-85c2-2f3285f6cd06" testId="88798e95-f743-0f0e-2efd-d1e7df1724ec" testName="DeviceLink.Tests.PS02.PS02Tests.GetPressureTypeAsync_ShouldReturnType" computerName="GSL940A" duration="00:00:00.0309299" startTime="2026-07-07T12:19:02.8727630+08:00" endTime="2026-07-07T12:19:02.8727635+08:00" testType="13cdc9d9-ddb5-4fa4-a97d-d965ccfc6d4b" outcome="Passed" testListId="8c84fa94-04c1-424b-9868-57a2d4851a1d" relativeResultsDirectory="f30bd1af-c9f8-483c-85c2-2f3285f6cd06" />
    <UnitTestResult executionId="3eee4dfa-0d3a-40ba-9561-d0baaca1f53e" testId="f18b8abc-4315-6112-fa31-2efa8c00dc56" testName="DeviceLink.Tests.PS02.CpplV3FrameStrategyTests.BuildFrame_ControlField_ShouldBe0x03" computerName="GSL940A" duration="00:00:00.0001695" startTime="2026-07-07T12:18:57.4334752+08:00" endTime="2026-07-07T12:18:57.4334753+08:00" testType="13cdc9d9-ddb5-4fa4-a97d-d965ccfc6d4b" outcome="Passed" testListId="8c84fa94-04c1-424b-9868-57a2d4851a1d" relativeResultsDirectory="3eee4dfa-0d3a-40ba-9561-d0baaca1f53e" />
    <UnitTestResult executionId="49b1735e-0de6-4697-85e4-801892800ec9" testId="b8fc77e0-c481-8d12-b1ce-31ffa6848b11" testName="DeviceLink.Tests.PS02.CpplV3FrameStrategyTests.BuildFrame_DataLength_ShouldMatchModbusWithCRC" computerName="GSL940A" duration="00:00:00.0001101" startTime="2026-07-07T12:18:57.4335457+08:00" endTime="2026-07-07T12:18:57.4335458+08:00" testType="13cdc9d9-ddb5-4fa4-a97d-d965ccfc6d4b" outcome="Passed" testListId="8c84fa94-04c1-424b-9868-57a2d4851a1d" relativeResultsDirectory="49b1735e-0de6-4697-85e4-801892800ec9" />
    <UnitTestResult executionId="4a534a3d-9a7a-496d-a286-c21aca7774f4" testId="c0b04036-8bed-86cd-3088-e84064c19b32" testName="DeviceLink.Tests.PS02.CpplV3FrameStrategyTests.BuildFrame_ShouldContainFunctionCode" computerName="GSL940A" duration="00:00:00.0001555" startTime="2026-07-07T12:18:57.4353421+08:00" endTime="2026-07-07T12:18:57.4353421+08:00" testType="13cdc9d9-ddb5-4fa4-a97d-d965ccfc6d4b" outcome="Passed" testListId="8c84fa94-04c1-424b-9868-57a2d4851a1d" relativeResultsDirectory="4a534a3d-9a7a-496d-a286-c21aca7774f4" />
    <UnitTestResult executionId="545f4790-964b-44df-a752-574029cce167" testId="2a2cad3b-353e-0f0b-675d-108f46f17001" testName="DeviceLink.Tests.PS02.ConverterCommandTests.BuildRawFrame_ReadHardwareVersion_ShouldMatchDocumentSample" computerName="GSL940A" duration="00:00:00.0002201" startTime="2026-07-07T12:18:57.4359750+08:00" endTime="2026-07-07T12:18:57.4359750+08:00" testType="13cdc9d9-ddb5-4fa4-a97d-d965ccfc6d4b" outcome="Passed" testListId="8c84fa94-04c1-424b-9868-57a2d4851a1d" relativeResultsDirectory="545f4790-964b-44df-a752-574029cce167">
      <Output>
        <StdOut>期望: 55 03 23 01 00 36 22 11 08 01 04 00 00 31 FF FF&#xD;
实际: 55 03 23 01 00 36 22 11 08 01 04 00 00 31 FF FF</StdOut>
      </Output>
    </UnitTestResult>
    <UnitTestResult executionId="7ac3402e-9c75-4f48-9501-5e11497c68d0" testId="e0d5205f-eadf-dcfd-60d3-00d437f9c6f4" testName="DeviceLink.Tests.PS02.CpplV3FrameStrategyTests.BuildFrame_ShouldContainSourceAddress" computerName="GSL940A" duration="00:00:00.0001174" startTime="2026-07-07T12:18:57.4333145+08:00" endTime="2026-07-07T12:18:57.4333146+08:00" testType="13cdc9d9-ddb5-4fa4-a97d-d965ccfc6d4b" outcome="Passed" testListId="8c84fa94-04c1-424b-9868-57a2d4851a1d" relativeResultsDirectory="7ac3402e-9c75-4f48-9501-5e11497c68d0" />
    <UnitTestResult executionId="7a9ae182-272e-47a4-a145-0d56b82919e7" testId="dd303077-300b-622e-292c-fe4305616808" testName="DeviceLink.Tests.PS02.ConverterSerialTests.Converter_ConnectAndDisconnect_ShouldSucceed" computerName="GSL940A" duration="00:00:00.0887344" startTime="2026-07-07T12:18:57.4374082+08:00" endTime="2026-07-07T12:18:57.4374082+08:00" testType="13cdc9d9-ddb5-4fa4-a97d-d965ccfc6d4b" outcome="Passed" testListId="8c84fa94-04c1-424b-9868-57a2d4851a1d" relativeResultsDirectory="7a9ae182-272e-47a4-a145-0d56b82919e7">
      <Output>
        <StdOut>串口配置: COM101, 9600bps, 从站地址: 1&#xD;
设备已成功打开&#xD;
连接测试通过&#xD;
设备已关闭</StdOut>
      </Output>
    </UnitTestResult>
    <UnitTestResult executionId="ed3520f2-2a79-44bb-a210-7f42ad3a8d37" testId="cfcdd11a-f5d8-aeb3-d003-afc89975e5ca" testName="DeviceLink.Tests.PS02.CpplV3FrameStrategyTests.BuildFrame_ShouldContainHeader0x55" computerName="GSL940A" duration="00:00:00.0000870" startTime="2026-07-07T12:18:57.4334237+08:00" endTime="2026-07-07T12:18:57.4334237+08:00" testType="13cdc9d9-ddb5-4fa4-a97d-d965ccfc6d4b" outcome="Passed" testListId="8c84fa94-04c1-424b-9868-57a2d4851a1d" relativeResultsDirectory="ed3520f2-2a79-44bb-a210-7f42ad3a8d37" />
    <UnitTestResult executionId="cefa3422-c593-4e23-883c-aa7a69bf662e" testId="2017317d-25e6-785e-689b-f5f4945a57a3" testName="DeviceLink.Tests.PS02.ConverterCommandTests.BuildRawFrame_ReadFirmwareVersion_ShouldMatchDocumentSample" computerName="GSL940A" duration="00:00:00.0099453" startTime="2026-07-07T12:18:57.4357212+08:00" endTime="2026-07-07T12:18:57.4357215+08:00" testType="13cdc9d9-ddb5-4fa4-a97d-d965ccfc6d4b" outcome="Passed" testListId="8c84fa94-04c1-424b-9868-57a2d4851a1d" relativeResultsDirectory="cefa3422-c593-4e23-883c-aa7a69bf662e">
      <Output>
        <StdOut>期望: 55 03 23 01 00 36 22 11 06 01 02 00 00 1E FF FF&#xD;
实际: 55 03 23 01 00 36 22 11 06 01 02 00 00 1E FF FF</StdOut>
      </Output>
    </UnitTestResult>
    <UnitTestResult executionId="1c07fd46-b698-433a-baff-92792c9fdd0b" testId="1d85191a-ecd6-1e76-be98-43a464d6335f" testName="DeviceLink.Tests.PS02.PS02Tests.GetMigrationRangeAsync_ShouldReturnRange" computerName="GSL940A" duration="00:00:00.0250896" startTime="2026-07-07T12:19:02.6238428+08:00" endTime="2026-07-07T12:19:02.6238430+08:00" testType="13cdc9d9-ddb5-4fa4-a97d-d965ccfc6d4b" outcome="Passed" testListId="8c84fa94-04c1-424b-9868-57a2d4851a1d" relativeResultsDirectory="1c07fd46-b698-433a-baff-92792c9fdd0b" />
    <UnitTestResult executionId="fad6c2af-fb73-4d77-b969-a223fcb78099" testId="32f36806-1f0d-afed-49b8-63fa7d3d8edc" testName="DeviceLink.Tests.PS02.PS02Tests.SetConverterDeviceNumberAsync_ShouldSucceed" computerName="GSL940A" duration="00:00:00.0295265" startTime="2026-07-07T12:19:02.9645810+08:00" endTime="2026-07-07T12:19:02.9645819+08:00" testType="13cdc9d9-ddb5-4fa4-a97d-d965ccfc6d4b" outcome="Passed" testListId="8c84fa94-04c1-424b-9868-57a2d4851a1d" relativeResultsDirectory="fad6c2af-fb73-4d77-b969-a223fcb78099" />
    <UnitTestResult executionId="12b14ea6-4fa0-40c1-be5f-7948ac4cf0da" testId="195e9a01-baab-965c-25cc-b921f9d35e39" testName="DeviceLink.Tests.PS02.ConverterCommandTests.BuildRawFrame_EnableOwi_ShouldMatchDocumentSample" computerName="GSL940A" duration="00:00:00.0076728" startTime="2026-07-07T12:18:57.4372839+08:00" endTime="2026-07-07T12:18:57.4372839+08:00" testType="13cdc9d9-ddb5-4fa4-a97d-d965ccfc6d4b" outcome="Passed" testListId="8c84fa94-04c1-424b-9868-57a2d4851a1d" relativeResultsDirectory="12b14ea6-4fa0-40c1-be5f-7948ac4cf0da">
      <Output>
        <StdOut>期望: 55 03 26 01 00 36 22 11 00 04 0D 0B 00 A8 01 29 80 00 00 01 02 00 01 25 26 53 24&#xD;
实际: 55 03 26 01 00 36 22 11 00 04 0D 0B 00 A8 01 29 80 00 00 01 02 00 01 25 26 53 24&#xD;
Modbus RTU: 01 29 80 00 00 01 02 00 01 25 26</StdOut>
      </Output>
    </UnitTestResult>
    <UnitTestResult executionId="0aa41994-57b5-481a-a9bc-866f6ffde80e" testId="6df1f0fe-beed-ca59-b1c4-2eb1ebeae7ed" testName="DeviceLink.Tests.PS02.CpplV3FrameStrategyTests.BuildFrame_NullData_ShouldThrowArgumentNullException" computerName="GSL940A" duration="00:00:00.0004486" startTime="2026-07-07T12:18:57.4273945+08:00" endTime="2026-07-07T12:18:57.4273946+08:00" testType="13cdc9d9-ddb5-4fa4-a97d-d965ccfc6d4b" outcome="Passed" testListId="8c84fa94-04c1-424b-9868-57a2d4851a1d" relativeResultsDirectory="0aa41994-57b5-481a-a9bc-866f6ffde80e" />
    <UnitTestResult executionId="153a3bd1-517b-4079-8582-6b5fc85820e8" testId="3c873980-36d6-ba19-b1a5-83bea62df9ca" testName="DeviceLink.Tests.PS02.CpplV3FrameStrategyTests.TryParseFrame_TooShort_ShouldReturnFalse" computerName="GSL940A" duration="00:00:00.0001912" startTime="2026-07-07T12:18:57.4273098+08:00" endTime="2026-07-07T12:18:57.4273098+08:00" testType="13cdc9d9-ddb5-4fa4-a97d-d965ccfc6d4b" outcome="Passed" testListId="8c84fa94-04c1-424b-9868-57a2d4851a1d" relativeResultsDirectory="153a3bd1-517b-4079-8582-6b5fc85820e8" />
    <UnitTestResult executionId="ef6c2000-bfec-4142-869b-d9f6616be6ff" testId="2929c0c0-8c1b-6b7e-16e5-5a2108c9e4e2" testName="DeviceLink.Tests.PS02.PS02Tests.CloseMeasurementProjectAsync_ShouldSucceed" computerName="GSL940A" duration="00:00:00.0252023" startTime="2026-07-07T12:19:02.9347458+08:00" endTime="2026-07-07T12:19:02.9347461+08:00" testType="13cdc9d9-ddb5-4fa4-a97d-d965ccfc6d4b" outcome="Passed" testListId="8c84fa94-04c1-424b-9868-57a2d4851a1d" relativeResultsDirectory="ef6c2000-bfec-4142-869b-d9f6616be6ff" />
    <UnitTestResult executionId="4a9b9107-09ce-4269-8c5d-efdc3e5a8217" testId="89a7c726-ca6d-d7b4-43d4-8056c070d198" testName="DeviceLink.Tests.PS02.PS02Tests.SendHeartbeatAsync_ShouldSucceed" computerName="GSL940A" duration="00:00:00.0349801" startTime="2026-07-07T12:19:02.9086196+08:00" endTime="2026-07-07T12:19:02.9086199+08:00" testType="13cdc9d9-ddb5-4fa4-a97d-d965ccfc6d4b" outcome="Passed" testListId="8c84fa94-04c1-424b-9868-57a2d4851a1d" relativeResultsDirectory="4a9b9107-09ce-4269-8c5d-efdc3e5a8217" />
    <UnitTestResult executionId="624987e9-c141-4927-a447-91f6e02e95b5" testId="6e9b3d5e-cc9a-d336-9f60-e1696dd73504" testName="DeviceLink.Tests.PS02.PS02Tests.GetMeasurementProjectAsync_ShouldReturnResult" computerName="GSL940A" duration="00:00:00.0309996" startTime="2026-07-07T12:18:57.5016833+08:00" endTime="2026-07-07T12:18:57.5016836+08:00" testType="13cdc9d9-ddb5-4fa4-a97d-d965ccfc6d4b" outcome="Passed" testListId="8c84fa94-04c1-424b-9868-57a2d4851a1d" relativeResultsDirectory="624987e9-c141-4927-a447-91f6e02e95b5" />
    <UnitTestResult executionId="c5678ac1-8fc5-4ad9-92b3-fe860fc67dbe" testId="419a3a8b-e13d-d7ab-2d97-2ead9a054259" testName="DeviceLink.Tests.PS02.ConverterCommandTests.BuildRawFrame_ScanDevice_ShouldMatchDocumentSample" computerName="GSL940A" duration="00:00:00.0002164" startTime="2026-07-07T12:18:57.4373368+08:00" endTime="2026-07-07T12:18:57.4373368+08:00" testType="13cdc9d9-ddb5-4fa4-a97d-d965ccfc6d4b" outcome="Passed" testListId="8c84fa94-04c1-424b-9868-57a2d4851a1d" relativeResultsDirectory="c5678ac1-8fc5-4ad9-92b3-fe860fc67dbe">
      <Output>
        <StdOut>期望: 55 03 23 01 00 36 22 11 00 03 01 01 00 D1 01 D1 F1&#xD;
实际: 55 03 23 01 00 36 22 11 00 03 01 01 00 D1 01 D1 F1</StdOut>
      </Output>
    </UnitTestResult>
    <UnitTestResult executionId="11bead03-960a-4c15-ab73-3b2b6a853f74" testId="2b9d1fa9-c26d-5654-7674-b26d98339a59" testName="DeviceLink.Tests.PS02.CpplV3FrameStrategyTests.TryParseFrame_NoHeader_ShouldReturnFalse" computerName="GSL940A" duration="00:00:00.0000812" startTime="2026-07-07T12:18:57.4333592+08:00" endTime="2026-07-07T12:18:57.4333593+08:00" testType="13cdc9d9-ddb5-4fa4-a97d-d965ccfc6d4b" outcome="Passed" testListId="8c84fa94-04c1-424b-9868-57a2d4851a1d" relativeResultsDirectory="11bead03-960a-4c15-ab73-3b2b6a853f74" />
    <UnitTestResult executionId="e35208ec-e2e4-476e-98f8-d3016ebda4bd" testId="a16ca6a4-69fd-df95-1393-1ed88b477e36" testName="DeviceLink.Tests.PS02.PS02Tests.GetCalibrationCountAsync_ShouldReturnCount" computerName="GSL940A" duration="00:00:00.0312262" startTime="2026-07-07T12:19:04.0812172+08:00" endTime="2026-07-07T12:19:04.0812175+08:00" testType="13cdc9d9-ddb5-4fa4-a97d-d965ccfc6d4b" outcome="Passed" testListId="8c84fa94-04c1-424b-9868-57a2d4851a1d" relativeResultsDirectory="e35208ec-e2e4-476e-98f8-d3016ebda4bd" />
    <UnitTestResult executionId="92ce577c-dbb9-434b-bd17-9b767dbcc64a" testId="f14213ef-efe7-3412-4a98-c05fe11aa3ee" testName="DeviceLink.Tests.PS02.ConverterSerialTests.Converter_EnableOwiViaConverter_ShouldSucceed" computerName="GSL940A" duration="00:00:30.7383675" startTime="2026-07-07T12:19:30.0192546+08:00" endTime="2026-07-07T12:19:30.0192548+08:00" testType="13cdc9d9-ddb5-4fa4-a97d-d965ccfc6d4b" outcome="Failed" testListId="8c84fa94-04c1-424b-9868-57a2d4851a1d" relativeResultsDirectory="92ce577c-dbb9-434b-bd17-9b767dbcc64a">
      <Output>
        <StdOut>串口配置: COM101, 9600bps, 从站地址: 1&#xD;
设备已成功打开&#xD;
启用 OWI 通信模式结果: False&#xD;
禁用 OWI 通信模式结果: False&#xD;
设备已关闭</StdOut>
        <ErrorInfo>
          <Message>启用 OWI 通信模式应该成功&#xD;
Expected: True&#xD;
Actual:   False</Message>
          <StackTrace>   at DeviceLink.Tests.PS02.ConverterSerialTests.Converter_EnableOwiViaConverter_ShouldSucceed() in g:\DeviceLink\tests\DeviceLink.Tests.PS02\ConverterSerialTests.cs:line 479&#xD;
   at DeviceLink.Tests.PS02.ConverterSerialTests.Converter_EnableOwiViaConverter_ShouldSucceed() in g:\DeviceLink\tests\DeviceLink.Tests.PS02\ConverterSerialTests.cs:line 496&#xD;
--- End of stack trace from previous location ---</StackTrace>
        </ErrorInfo>
      </Output>
    </UnitTestResult>
    <UnitTestResult executionId="45b8c1b2-c02d-44d2-8ed1-d1975c29c817" testId="24c50c1e-75cd-63de-07ad-7c5a1d6ff14e" testName="DeviceLink.Tests.PS02.CpplV3FrameStrategyTests.BuildFrame_SequenceNumber_ShouldIncrement" computerName="GSL940A" duration="00:00:00.0001524" startTime="2026-07-07T12:18:57.4273654+08:00" endTime="2026-07-07T12:18:57.4273655+08:00" testType="13cdc9d9-ddb5-4fa4-a97d-d965ccfc6d4b" outcome="Passed" testListId="8c84fa94-04c1-424b-9868-57a2d4851a1d" relativeResultsDirectory="45b8c1b2-c02d-44d2-8ed1-d1975c29c817" />
    <UnitTestResult executionId="27885a77-8a30-4b41-8b77-99ca3aa629c6" testId="d5601e52-b09f-5005-8a8c-33e5c2ca9815" testName="DeviceLink.Tests.PS02.ConverterCommandTests.TryParseFrame_EnableOwiResponse_ShouldParseCorrectly" computerName="GSL940A" duration="00:00:00.0057689" startTime="2026-07-07T12:18:57.4259078+08:00" endTime="2026-07-07T12:18:57.4259079+08:00" testType="13cdc9d9-ddb5-4fa4-a97d-d965ccfc6d4b" outcome="Passed" testListId="8c84fa94-04c1-424b-9868-57a2d4851a1d" relativeResultsDirectory="27885a77-8a30-4b41-8b77-99ca3aa629c6" />
    <UnitTestResult executionId="2e9137db-37b8-4d2a-b3ab-855c1e9a962f" testId="a7c13fd0-267b-f027-5e87-6c2bf8da2f0f" testName="DeviceLink.Tests.PS02.ConverterSerialTests.Converter_ScanDevice_ShouldReturnInterfaceType" computerName="GSL940A" duration="00:00:00.0797212" startTime="2026-07-07T12:19:30.2320012+08:00" endTime="2026-07-07T12:19:30.2320015+08:00" testType="13cdc9d9-ddb5-4fa4-a97d-d965ccfc6d4b" outcome="Passed" testListId="8c84fa94-04c1-424b-9868-57a2d4851a1d" relativeResultsDirectory="2e9137db-37b8-4d2a-b3ab-855c1e9a962f">
      <Output>
        <StdOut>串口配置: COM101, 9600bps, 从站地址: 1&#xD;
设备已成功打开&#xD;
扫描结果 - 接口类型: NotConnected (0)&#xD;
接口描述: 未连接设备&#xD;
设备已关闭</StdOut>
      </Output>
    </UnitTestResult>
    <UnitTestResult executionId="1bada8fc-6cb4-4792-8902-a3c39ae476b5" testId="b518883d-c17f-dfde-4636-43ef1c4ab6dd" testName="DeviceLink.Tests.PS02.ConverterSerialTests.Converter_DisableAllOutput_ShouldSucceed" computerName="GSL940A" duration="00:00:00.3506304" startTime="2026-07-07T12:19:32.4108413+08:00" endTime="2026-07-07T12:19:32.4108415+08:00" testType="13cdc9d9-ddb5-4fa4-a97d-d965ccfc6d4b" outcome="Passed" testListId="8c84fa94-04c1-424b-9868-57a2d4851a1d" relativeResultsDirectory="1bada8fc-6cb4-4792-8902-a3c39ae476b5">
      <Output>
        <StdOut>串口配置: COM101, 9600bps, 从站地址: 1&#xD;
设备已成功打开&#xD;
已发送关闭所有输出指令&#xD;
输出控制测试通过&#xD;
设备已关闭</StdOut>
      </Output>
    </UnitTestResult>
    <UnitTestResult executionId="669eba59-9146-48c3-88d8-d644fd2f4385" testId="3471258e-3ab1-3229-1999-d76cebda10d4" testName="DeviceLink.Tests.PS02.PS02Tests.GetPrecisionAsync_ShouldReturnPrecision" computerName="GSL940A" duration="00:00:00.0307202" startTime="2026-07-07T12:19:02.8416665+08:00" endTime="2026-07-07T12:19:02.8416668+08:00" testType="13cdc9d9-ddb5-4fa4-a97d-d965ccfc6d4b" outcome="Passed" testListId="8c84fa94-04c1-424b-9868-57a2d4851a1d" relativeResultsDirectory="669eba59-9146-48c3-88d8-d644fd2f4385" />
    <UnitTestResult executionId="2a1c27ae-8855-4bfa-9ae7-99b20cb01019" testId="ae12722d-dc57-59b1-7c18-0e44459d04de" testName="DeviceLink.Tests.PS02.CpplV3FrameStrategyTests.BuildFrame_ShouldHaveCorrectTotalLength" computerName="GSL940A" duration="00:00:00.0000964" startTime="2026-07-07T12:18:57.4333968+08:00" endTime="2026-07-07T12:18:57.4333969+08:00" testType="13cdc9d9-ddb5-4fa4-a97d-d965ccfc6d4b" outcome="Passed" testListId="8c84fa94-04c1-424b-9868-57a2d4851a1d" relativeResultsDirectory="2a1c27ae-8855-4bfa-9ae7-99b20cb01019" />
    <UnitTestResult executionId="8b466d32-8684-4c15-bb0d-c1fbdeae4fc4" testId="63b8e137-cc10-a089-3dc6-8caf422a913c" testName="DeviceLink.Tests.PS02.CpplV3FrameStrategyTests.TryParseFrame_InvalidCrc16_ShouldReturnFalse" computerName="GSL940A" duration="00:00:00.0001323" startTime="2026-07-07T12:18:57.4336004+08:00" endTime="2026-07-07T12:18:57.4336004+08:00" testType="13cdc9d9-ddb5-4fa4-a97d-d965ccfc6d4b" outcome="Passed" testListId="8c84fa94-04c1-424b-9868-57a2d4851a1d" relativeResultsDirectory="8b466d32-8684-4c15-bb0d-c1fbdeae4fc4" />
    <UnitTestResult executionId="c13c87c2-baad-4d68-b378-8f69adb6c98f" testId="2fb004e2-650c-f116-f61c-487f59911977" testName="DeviceLink.Tests.PS02.PS02Tests.Constructor_WithDefaultConfig_ShouldSucceed" computerName="GSL940A" duration="00:00:00.0005247" startTime="2026-07-07T12:19:02.9093774+08:00" endTime="2026-07-07T12:19:02.9093775+08:00" testType="13cdc9d9-ddb5-4fa4-a97d-d965ccfc6d4b" outcome="Passed" testListId="8c84fa94-04c1-424b-9868-57a2d4851a1d" relativeResultsDirectory="c13c87c2-baad-4d68-b378-8f69adb6c98f" />
    <UnitTestResult executionId="d25d808a-7431-4b92-9ebb-ea6069b9cc44" testId="ef3cb433-eebc-26b1-1f51-2183838c5828" testName="DeviceLink.Tests.PS02.PS02Tests.GetSerialNumberAsync_ShouldReturnSerialNumber" computerName="GSL940A" duration="00:00:00.0367887" startTime="2026-07-07T12:18:57.4705646+08:00" endTime="2026-07-07T12:18:57.4705649+08:00" testType="13cdc9d9-ddb5-4fa4-a97d-d965ccfc6d4b" outcome="Passed" testListId="8c84fa94-04c1-424b-9868-57a2d4851a1d" relativeResultsDirectory="d25d808a-7431-4b92-9ebb-ea6069b9cc44" />
    <UnitTestResult executionId="a71d11a4-d6f0-4d93-a3a3-88bf983bbbfa" testId="01d947d2-4434-ca97-44e9-b792118db024" testName="DeviceLink.Tests.PS02.PS02Tests.GetConverterDeviceNumberAsync_ShouldReturnDeviceNumber" computerName="GSL940A" duration="00:00:00.0284905" startTime="2026-07-07T12:19:02.6553509+08:00" endTime="2026-07-07T12:19:02.6553511+08:00" testType="13cdc9d9-ddb5-4fa4-a97d-d965ccfc6d4b" outcome="Passed" testListId="8c84fa94-04c1-424b-9868-57a2d4851a1d" relativeResultsDirectory="a71d11a4-d6f0-4d93-a3a3-88bf983bbbfa" />
    <UnitTestResult executionId="d492b5ad-33ef-4a74-97a9-50881101026d" testId="b75b211e-37b3-d17b-2ffc-f81e26a7f64e" testName="DeviceLink.Tests.PS02.ConverterSerialTests.Converter_ReadParameter_ShouldReturnValidValue" computerName="GSL940A" duration="00:00:00.1350790" startTime="2026-07-07T12:19:30.1526246+08:00" endTime="2026-07-07T12:19:30.1526249+08:00" testType="13cdc9d9-ddb5-4fa4-a97d-d965ccfc6d4b" outcome="Passed" testListId="8c84fa94-04c1-424b-9868-57a2d4851a1d" relativeResultsDirectory="d492b5ad-33ef-4a74-97a9-50881101026d">
      <Output>
        <StdOut>串口配置: COM101, 9600bps, 从站地址: 1&#xD;
设备已成功打开&#xD;
参数 #0 = 0x01 (1)&#xD;
参数 #1 = 0x01 (1)&#xD;
参数读取测试通过&#xD;
设备已关闭</StdOut>
      </Output>
    </UnitTestResult>
    <UnitTestResult executionId="fa177e7d-e960-48ab-b073-8e2c4b09159b" testId="17f397d6-e99b-1e59-db80-f65bd41aa79b" testName="DeviceLink.Tests.PS02.CpplV3FrameStrategyTests.Name_ShouldReturnCpplV3" computerName="GSL940A" duration="00:00:00.0014792" startTime="2026-07-07T12:18:57.4273384+08:00" endTime="2026-07-07T12:18:57.4273384+08:00" testType="13cdc9d9-ddb5-4fa4-a97d-d965ccfc6d4b" outcome="Passed" testListId="8c84fa94-04c1-424b-9868-57a2d4851a1d" relativeResultsDirectory="fa177e7d-e960-48ab-b073-8e2c4b09159b" />
    <UnitTestResult executionId="f9f5a64e-ff5f-4115-9b35-f01c3ca7fcc9" testId="098016dc-c895-7cde-221a-00a993166906" testName="DeviceLink.Tests.PS02.ConverterCommandTests.BuildRawFrame_SequenceNumber_ShouldIncrement" computerName="GSL940A" duration="00:00:00.0001459" startTime="2026-07-07T12:18:57.4272815+08:00" endTime="2026-07-07T12:18:57.4272816+08:00" testType="13cdc9d9-ddb5-4fa4-a97d-d965ccfc6d4b" outcome="Passed" testListId="8c84fa94-04c1-424b-9868-57a2d4851a1d" relativeResultsDirectory="f9f5a64e-ff5f-4115-9b35-f01c3ca7fcc9" />
  </Results>
  <TestDefinitions>
    <UnitTest name="DeviceLink.Tests.PS02.ConverterCommandTests.BuildRawFrame_ReadFirmwareVersion_ShouldMatchDocumentSample" storage="g:\devicelink\tests\devicelink.tests.ps02\bin\debug\net6.0\devicelink.tests.ps02.dll" id="2017317d-25e6-785e-689b-f5f4945a57a3">
      <Execution id="cefa3422-c593-4e23-883c-aa7a69bf662e" />
      <TestMethod codeBase="g:\DeviceLink\tests\DeviceLink.Tests.PS02\bin\Debug\net6.0\DeviceLink.Tests.PS02.dll" adapterTypeName="executor://xunit/VsTestRunner2/netcoreapp" className="DeviceLink.Tests.PS02.ConverterCommandTests" name="BuildRawFrame_ReadFirmwareVersion_ShouldMatchDocumentSample" />
    </UnitTest>
    <UnitTest name="DeviceLink.Tests.PS02.ConverterSerialTests.Converter_DisableAllOutput_ShouldSucceed" storage="g:\devicelink\tests\devicelink.tests.ps02\bin\debug\net6.0\devicelink.tests.ps02.dll" id="b518883d-c17f-dfde-4636-43ef1c4ab6dd">
      <Execution id="1bada8fc-6cb4-4792-8902-a3c39ae476b5" />
      <TestMethod codeBase="g:\DeviceLink\tests\DeviceLink.Tests.PS02\bin\Debug\net6.0\DeviceLink.Tests.PS02.dll" adapterTypeName="executor://xunit/VsTestRunner2/netcoreapp" className="DeviceLink.Tests.PS02.ConverterSerialTests" name="Converter_DisableAllOutput_ShouldSucceed" />
    </UnitTest>
    <UnitTest name="DeviceLink.Tests.PS02.CpplV3FrameStrategyTests.BuildFrame_ControlField_ShouldBe0x03" storage="g:\devicelink\tests\devicelink.tests.ps02\bin\debug\net6.0\devicelink.tests.ps02.dll" id="f18b8abc-4315-6112-fa31-2efa8c00dc56">
      <Execution id="3eee4dfa-0d3a-40ba-9561-d0baaca1f53e" />
      <TestMethod codeBase="g:\DeviceLink\tests\DeviceLink.Tests.PS02\bin\Debug\net6.0\DeviceLink.Tests.PS02.dll" adapterTypeName="executor://xunit/VsTestRunner2/netcoreapp" className="DeviceLink.Tests.PS02.CpplV3FrameStrategyTests" name="BuildFrame_ControlField_ShouldBe0x03" />
    </UnitTest>
    <UnitTest name="DeviceLink.Tests.PS02.CpplV3FrameStrategyTests.BuildFrame_ShouldHaveCorrectTotalLength" storage="g:\devicelink\tests\devicelink.tests.ps02\bin\debug\net6.0\devicelink.tests.ps02.dll" id="ae12722d-dc57-59b1-7c18-0e44459d04de">
      <Execution id="2a1c27ae-8855-4bfa-9ae7-99b20cb01019" />
      <TestMethod codeBase="g:\DeviceLink\tests\DeviceLink.Tests.PS02\bin\Debug\net6.0\DeviceLink.Tests.PS02.dll" adapterTypeName="executor://xunit/VsTestRunner2/netcoreapp" className="DeviceLink.Tests.PS02.CpplV3FrameStrategyTests" name="BuildFrame_ShouldHaveCorrectTotalLength" />
    </UnitTest>
    <UnitTest name="DeviceLink.Tests.PS02.CpplV3FrameStrategyTests.BuildFrame_NullData_ShouldThrowArgumentNullException" storage="g:\devicelink\tests\devicelink.tests.ps02\bin\debug\net6.0\devicelink.tests.ps02.dll" id="6df1f0fe-beed-ca59-b1c4-2eb1ebeae7ed">
      <Execution id="0aa41994-57b5-481a-a9bc-866f6ffde80e" />
      <TestMethod codeBase="g:\DeviceLink\tests\DeviceLink.Tests.PS02\bin\Debug\net6.0\DeviceLink.Tests.PS02.dll" adapterTypeName="executor://xunit/VsTestRunner2/netcoreapp" className="DeviceLink.Tests.PS02.CpplV3FrameStrategyTests" name="BuildFrame_NullData_ShouldThrowArgumentNullException" />
    </UnitTest>
    <UnitTest name="DeviceLink.Tests.PS02.PS02Tests.SetModulePowerAsync_ShouldSucceed" storage="g:\devicelink\tests\devicelink.tests.ps02\bin\debug\net6.0\devicelink.tests.ps02.dll" id="a27545b3-bf9e-5f19-4ce2-1a12f0c72e3d">
      <Execution id="e48686c0-3e2d-46cf-b9c8-89fbb33504dc" />
      <TestMethod codeBase="g:\DeviceLink\tests\DeviceLink.Tests.PS02\bin\Debug\net6.0\DeviceLink.Tests.PS02.dll" adapterTypeName="executor://xunit/VsTestRunner2/netcoreapp" className="DeviceLink.Tests.PS02.PS02Tests" name="SetModulePowerAsync_ShouldSucceed" />
    </UnitTest>
    <UnitTest name="DeviceLink.Tests.PS02.PS02Tests.GetConverterDeviceNumberAsync_ShouldReturnDeviceNumber" storage="g:\devicelink\tests\devicelink.tests.ps02\bin\debug\net6.0\devicelink.tests.ps02.dll" id="01d947d2-4434-ca97-44e9-b792118db024">
      <Execution id="a71d11a4-d6f0-4d93-a3a3-88bf983bbbfa" />
      <TestMethod codeBase="g:\DeviceLink\tests\DeviceLink.Tests.PS02\bin\Debug\net6.0\DeviceLink.Tests.PS02.dll" adapterTypeName="executor://xunit/VsTestRunner2/netcoreapp" className="DeviceLink.Tests.PS02.PS02Tests" name="GetConverterDeviceNumberAsync_ShouldReturnDeviceNumber" />
    </UnitTest>
    <UnitTest name="DeviceLink.Tests.PS02.ConverterCommandTests.TryParseFrame_EnableOwiResponse_ShouldParseCorrectly" storage="g:\devicelink\tests\devicelink.tests.ps02\bin\debug\net6.0\devicelink.tests.ps02.dll" id="d5601e52-b09f-5005-8a8c-33e5c2ca9815">
      <Execution id="27885a77-8a30-4b41-8b77-99ca3aa629c6" />
      <TestMethod codeBase="g:\DeviceLink\tests\DeviceLink.Tests.PS02\bin\Debug\net6.0\DeviceLink.Tests.PS02.dll" adapterTypeName="executor://xunit/VsTestRunner2/netcoreapp" className="DeviceLink.Tests.PS02.ConverterCommandTests" name="TryParseFrame_EnableOwiResponse_ShouldParseCorrectly" />
    </UnitTest>
    <UnitTest name="DeviceLink.Tests.PS02.PS02Tests.GetPressureAsync_ShouldReturnPressure" storage="g:\devicelink\tests\devicelink.tests.ps02\bin\debug\net6.0\devicelink.tests.ps02.dll" id="dc5c49aa-01ff-f60d-cca1-e8677fe37801">
      <Execution id="d45bf489-c1c7-4fe0-9e1e-ffc19e615aef" />
      <TestMethod codeBase="g:\DeviceLink\tests\DeviceLink.Tests.PS02\bin\Debug\net6.0\DeviceLink.Tests.PS02.dll" adapterTypeName="executor://xunit/VsTestRunner2/netcoreapp" className="DeviceLink.Tests.PS02.PS02Tests" name="GetPressureAsync_ShouldReturnPressure" />
    </UnitTest>
    <UnitTest name="DeviceLink.Tests.PS02.ConverterCommandTests.TryParseFrame_ScanDeviceResponse_ShouldParseCorrectly" storage="g:\devicelink\tests\devicelink.tests.ps02\bin\debug\net6.0\devicelink.tests.ps02.dll" id="fa46a425-b4a7-1855-0b62-07b247f07e8a">
      <Execution id="5ebc41a6-382c-43a4-8e21-989722425daa" />
      <TestMethod codeBase="g:\DeviceLink\tests\DeviceLink.Tests.PS02\bin\Debug\net6.0\DeviceLink.Tests.PS02.dll" adapterTypeName="executor://xunit/VsTestRunner2/netcoreapp" className="DeviceLink.Tests.PS02.ConverterCommandTests" name="TryParseFrame_ScanDeviceResponse_ShouldParseCorrectly" />
    </UnitTest>
    <UnitTest name="DeviceLink.Tests.PS02.PS02Tests.GetPressureAsync_TransportTimeout_ShouldThrow" storage="g:\devicelink\tests\devicelink.tests.ps02\bin\debug\net6.0\devicelink.tests.ps02.dll" id="c23e3320-ca14-6a67-fc78-059a5cbde885">
      <Execution id="cec2e308-28b4-4883-b05d-c0d23a6d90c1" />
      <TestMethod codeBase="g:\DeviceLink\tests\DeviceLink.Tests.PS02\bin\Debug\net6.0\DeviceLink.Tests.PS02.dll" adapterTypeName="executor://xunit/VsTestRunner2/netcoreapp" className="DeviceLink.Tests.PS02.PS02Tests" name="GetPressureAsync_TransportTimeout_ShouldThrow" />
    </UnitTest>
    <UnitTest name="DeviceLink.Tests.PS02.ConverterCommandTests.BuildRawFrame_ReadHardwareVersion_ShouldMatchDocumentSample" storage="g:\devicelink\tests\devicelink.tests.ps02\bin\debug\net6.0\devicelink.tests.ps02.dll" id="2a2cad3b-353e-0f0b-675d-108f46f17001">
      <Execution id="545f4790-964b-44df-a752-574029cce167" />
      <TestMethod codeBase="g:\DeviceLink\tests\DeviceLink.Tests.PS02\bin\Debug\net6.0\DeviceLink.Tests.PS02.dll" adapterTypeName="executor://xunit/VsTestRunner2/netcoreapp" className="DeviceLink.Tests.PS02.ConverterCommandTests" name="BuildRawFrame_ReadHardwareVersion_ShouldMatchDocumentSample" />
    </UnitTest>
    <UnitTest name="DeviceLink.Tests.PS02.ConverterCommandTests.BuildRawFrame_WithData_ShouldHaveCorrectCrc16" storage="g:\devicelink\tests\devicelink.tests.ps02\bin\debug\net6.0\devicelink.tests.ps02.dll" id="68cf545e-de0e-e29e-9f6f-de53a5d6ffce">
      <Execution id="0399546d-559a-460c-9529-f56f3ed661ed" />
      <TestMethod codeBase="g:\DeviceLink\tests\DeviceLink.Tests.PS02\bin\Debug\net6.0\DeviceLink.Tests.PS02.dll" adapterTypeName="executor://xunit/VsTestRunner2/netcoreapp" className="DeviceLink.Tests.PS02.ConverterCommandTests" name="BuildRawFrame_WithData_ShouldHaveCorrectCrc16" />
    </UnitTest>
    <UnitTest name="DeviceLink.Tests.PS02.ConverterSerialTests.Converter_ScanDevice_ShouldReturnInterfaceType" storage="g:\devicelink\tests\devicelink.tests.ps02\bin\debug\net6.0\devicelink.tests.ps02.dll" id="a7c13fd0-267b-f027-5e87-6c2bf8da2f0f">
      <Execution id="2e9137db-37b8-4d2a-b3ab-855c1e9a962f" />
      <TestMethod codeBase="g:\DeviceLink\tests\DeviceLink.Tests.PS02\bin\Debug\net6.0\DeviceLink.Tests.PS02.dll" adapterTypeName="executor://xunit/VsTestRunner2/netcoreapp" className="DeviceLink.Tests.PS02.ConverterSerialTests" name="Converter_ScanDevice_ShouldReturnInterfaceType" />
    </UnitTest>
    <UnitTest name="DeviceLink.Tests.PS02.ConverterSerialTests.Converter_ConnectAndDisconnect_ShouldSucceed" storage="g:\devicelink\tests\devicelink.tests.ps02\bin\debug\net6.0\devicelink.tests.ps02.dll" id="dd303077-300b-622e-292c-fe4305616808">
      <Execution id="7a9ae182-272e-47a4-a145-0d56b82919e7" />
      <TestMethod codeBase="g:\DeviceLink\tests\DeviceLink.Tests.PS02\bin\Debug\net6.0\DeviceLink.Tests.PS02.dll" adapterTypeName="executor://xunit/VsTestRunner2/netcoreapp" className="DeviceLink.Tests.PS02.ConverterSerialTests" name="Converter_ConnectAndDisconnect_ShouldSucceed" />
    </UnitTest>
    <UnitTest name="DeviceLink.Tests.PS02.ConverterSerialTests.Converter_ReadParameter_ShouldReturnValidValue" storage="g:\devicelink\tests\devicelink.tests.ps02\bin\debug\net6.0\devicelink.tests.ps02.dll" id="b75b211e-37b3-d17b-2ffc-f81e26a7f64e">
      <Execution id="d492b5ad-33ef-4a74-97a9-50881101026d" />
      <TestMethod codeBase="g:\DeviceLink\tests\DeviceLink.Tests.PS02\bin\Debug\net6.0\DeviceLink.Tests.PS02.dll" adapterTypeName="executor://xunit/VsTestRunner2/netcoreapp" className="DeviceLink.Tests.PS02.ConverterSerialTests" name="Converter_ReadParameter_ShouldReturnValidValue" />
    </UnitTest>
    <UnitTest name="DeviceLink.Tests.PS02.PS02Tests.GetPressureTypeAsync_ShouldReturnType" storage="g:\devicelink\tests\devicelink.tests.ps02\bin\debug\net6.0\devicelink.tests.ps02.dll" id="88798e95-f743-0f0e-2efd-d1e7df1724ec">
      <Execution id="f30bd1af-c9f8-483c-85c2-2f3285f6cd06" />
      <TestMethod codeBase="g:\DeviceLink\tests\DeviceLink.Tests.PS02\bin\Debug\net6.0\DeviceLink.Tests.PS02.dll" adapterTypeName="executor://xunit/VsTestRunner2/netcoreapp" className="DeviceLink.Tests.PS02.PS02Tests" name="GetPressureTypeAsync_ShouldReturnType" />
    </UnitTest>
    <UnitTest name="DeviceLink.Tests.PS02.PS02Tests.GetCalibrationCountAsync_ShouldReturnCount" storage="g:\devicelink\tests\devicelink.tests.ps02\bin\debug\net6.0\devicelink.tests.ps02.dll" id="a16ca6a4-69fd-df95-1393-1ed88b477e36">
      <Execution id="e35208ec-e2e4-476e-98f8-d3016ebda4bd" />
      <TestMethod codeBase="g:\DeviceLink\tests\DeviceLink.Tests.PS02\bin\Debug\net6.0\DeviceLink.Tests.PS02.dll" adapterTypeName="executor://xunit/VsTestRunner2/netcoreapp" className="DeviceLink.Tests.PS02.PS02Tests" name="GetCalibrationCountAsync_ShouldReturnCount" />
    </UnitTest>
    <UnitTest name="DeviceLink.Tests.PS02.CpplV3FrameStrategyTests.BuildFrame_WithCustomAddresses_ShouldUseProvidedValues" storage="g:\devicelink\tests\devicelink.tests.ps02\bin\debug\net6.0\devicelink.tests.ps02.dll" id="bc520cf3-74e5-7b58-d11a-55cd996c025a">
      <Execution id="e7ce0e34-0aa5-471e-b90e-78fa4f7f17ee" />
      <TestMethod codeBase="g:\DeviceLink\tests\DeviceLink.Tests.PS02\bin\Debug\net6.0\DeviceLink.Tests.PS02.dll" adapterTypeName="executor://xunit/VsTestRunner2/netcoreapp" className="DeviceLink.Tests.PS02.CpplV3FrameStrategyTests" name="BuildFrame_WithCustomAddresses_ShouldUseProvidedValues" />
    </UnitTest>
    <UnitTest name="DeviceLink.Tests.PS02.PS02Tests.ConverterError_ShouldThrowDeviceException" storage="g:\devicelink\tests\devicelink.tests.ps02\bin\debug\net6.0\devicelink.tests.ps02.dll" id="5b7f78f9-dfd1-541a-429b-70cfb5ac774f">
      <Execution id="498ff9b6-a265-4b22-bf35-481952f860e3" />
      <TestMethod codeBase="g:\DeviceLink\tests\DeviceLink.Tests.PS02\bin\Debug\net6.0\DeviceLink.Tests.PS02.dll" adapterTypeName="executor://xunit/VsTestRunner2/netcoreapp" className="DeviceLink.Tests.PS02.PS02Tests" name="ConverterError_ShouldThrowDeviceException" />
    </UnitTest>
    <UnitTest name="DeviceLink.Tests.PS02.PS02Tests.GetMigrationRangeAsync_ShouldReturnRange" storage="g:\devicelink\tests\devicelink.tests.ps02\bin\debug\net6.0\devicelink.tests.ps02.dll" id="1d85191a-ecd6-1e76-be98-43a464d6335f">
      <Execution id="1c07fd46-b698-433a-baff-92792c9fdd0b" />
      <TestMethod codeBase="g:\DeviceLink\tests\DeviceLink.Tests.PS02\bin\Debug\net6.0\DeviceLink.Tests.PS02.dll" adapterTypeName="executor://xunit/VsTestRunner2/netcoreapp" className="DeviceLink.Tests.PS02.PS02Tests" name="GetMigrationRangeAsync_ShouldReturnRange" />
    </UnitTest>
    <UnitTest name="DeviceLink.Tests.PS02.ConverterCommandTests.BuildRawFrame_SequenceNumber_ShouldIncrement" storage="g:\devicelink\tests\devicelink.tests.ps02\bin\debug\net6.0\devicelink.tests.ps02.dll" id="098016dc-c895-7cde-221a-00a993166906">
      <Execution id="f9f5a64e-ff5f-4115-9b35-f01c3ca7fcc9" />
      <TestMethod codeBase="g:\DeviceLink\tests\DeviceLink.Tests.PS02\bin\Debug\net6.0\DeviceLink.Tests.PS02.dll" adapterTypeName="executor://xunit/VsTestRunner2/netcoreapp" className="DeviceLink.Tests.PS02.ConverterCommandTests" name="BuildRawFrame_SequenceNumber_ShouldIncrement" />
    </UnitTest>
    <UnitTest name="DeviceLink.Tests.PS02.ConverterCommandTests.TryParseFrame_ValidResponse_ShouldParseCorrectly" storage="g:\devicelink\tests\devicelink.tests.ps02\bin\debug\net6.0\devicelink.tests.ps02.dll" id="6c396934-44a9-e72b-0949-fc79583c128a">
      <Execution id="fe4c2b41-a3a6-4aee-8b18-2ff9598f4383" />
      <TestMethod codeBase="g:\DeviceLink\tests\DeviceLink.Tests.PS02\bin\Debug\net6.0\DeviceLink.Tests.PS02.dll" adapterTypeName="executor://xunit/VsTestRunner2/netcoreapp" className="DeviceLink.Tests.PS02.ConverterCommandTests" name="TryParseFrame_ValidResponse_ShouldParseCorrectly" />
    </UnitTest>
    <UnitTest name="DeviceLink.Tests.PS02.ConverterSerialTests.Converter_SetOutputProject_VOut_ShouldSucceed" storage="g:\devicelink\tests\devicelink.tests.ps02\bin\debug\net6.0\devicelink.tests.ps02.dll" id="b1ea172b-dcce-3431-e9bc-08cd065fdce7">
      <Execution id="3b67401b-78e0-482b-9270-ede54c31fc6f" />
      <TestMethod codeBase="g:\DeviceLink\tests\DeviceLink.Tests.PS02\bin\Debug\net6.0\DeviceLink.Tests.PS02.dll" adapterTypeName="executor://xunit/VsTestRunner2/netcoreapp" className="DeviceLink.Tests.PS02.ConverterSerialTests" name="Converter_SetOutputProject_VOut_ShouldSucceed" />
    </UnitTest>
    <UnitTest name="DeviceLink.Tests.PS02.ConverterCommandTests.BuildRawFrame_ReadParameter_ShouldMatchDocumentSample" storage="g:\devicelink\tests\devicelink.tests.ps02\bin\debug\net6.0\devicelink.tests.ps02.dll" id="bd650601-60c3-b196-2791-679b7a280d74">
      <Execution id="d50898ca-9cc1-4768-9592-679beccf5362" />
      <TestMethod codeBase="g:\DeviceLink\tests\DeviceLink.Tests.PS02\bin\Debug\net6.0\DeviceLink.Tests.PS02.dll" adapterTypeName="executor://xunit/VsTestRunner2/netcoreapp" className="DeviceLink.Tests.PS02.ConverterCommandTests" name="BuildRawFrame_ReadParameter_ShouldMatchDocumentSample" />
    </UnitTest>
    <UnitTest name="DeviceLink.Tests.PS02.ConverterCommandTests.BuildRawFrame_NoData_ShouldHaveCorrectCrc16" storage="g:\devicelink\tests\devicelink.tests.ps02\bin\debug\net6.0\devicelink.tests.ps02.dll" id="652362d7-b167-b7fc-5275-116135052a82">
      <Execution id="25782ee0-8106-4dca-80d3-4113c12cf0a2" />
      <TestMethod codeBase="g:\DeviceLink\tests\DeviceLink.Tests.PS02\bin\Debug\net6.0\DeviceLink.Tests.PS02.dll" adapterTypeName="executor://xunit/VsTestRunner2/netcoreapp" className="DeviceLink.Tests.PS02.ConverterCommandTests" name="BuildRawFrame_NoData_ShouldHaveCorrectCrc16" />
    </UnitTest>
    <UnitTest name="DeviceLink.Tests.PS02.CpplV3FrameStrategyTests.TryParseFrame_InvalidCrc16_ShouldReturnFalse" storage="g:\devicelink\tests\devicelink.tests.ps02\bin\debug\net6.0\devicelink.tests.ps02.dll" id="63b8e137-cc10-a089-3dc6-8caf422a913c">
      <Execution id="8b466d32-8684-4c15-bb0d-c1fbdeae4fc4" />
      <TestMethod codeBase="g:\DeviceLink\tests\DeviceLink.Tests.PS02\bin\Debug\net6.0\DeviceLink.Tests.PS02.dll" adapterTypeName="executor://xunit/VsTestRunner2/netcoreapp" className="DeviceLink.Tests.PS02.CpplV3FrameStrategyTests" name="TryParseFrame_InvalidCrc16_ShouldReturnFalse" />
    </UnitTest>
    <UnitTest name="DeviceLink.Tests.PS02.PS02Tests.SendHeartbeatAsync_ShouldSucceed" storage="g:\devicelink\tests\devicelink.tests.ps02\bin\debug\net6.0\devicelink.tests.ps02.dll" id="89a7c726-ca6d-d7b4-43d4-8056c070d198">
      <Execution id="4a9b9107-09ce-4269-8c5d-efdc3e5a8217" />
      <TestMethod codeBase="g:\DeviceLink\tests\DeviceLink.Tests.PS02\bin\Debug\net6.0\DeviceLink.Tests.PS02.dll" adapterTypeName="executor://xunit/VsTestRunner2/netcoreapp" className="DeviceLink.Tests.PS02.PS02Tests" name="SendHeartbeatAsync_ShouldSucceed" />
    </UnitTest>
    <UnitTest name="DeviceLink.Tests.PS02.CpplV3FrameStrategyTests.BuildFrame_ShouldContainSourceAddress" storage="g:\devicelink\tests\devicelink.tests.ps02\bin\debug\net6.0\devicelink.tests.ps02.dll" id="e0d5205f-eadf-dcfd-60d3-00d437f9c6f4">
      <Execution id="7ac3402e-9c75-4f48-9501-5e11497c68d0" />
      <TestMethod codeBase="g:\DeviceLink\tests\DeviceLink.Tests.PS02\bin\Debug\net6.0\DeviceLink.Tests.PS02.dll" adapterTypeName="executor://xunit/VsTestRunner2/netcoreapp" className="DeviceLink.Tests.PS02.CpplV3FrameStrategyTests" name="BuildFrame_ShouldContainSourceAddress" />
    </UnitTest>
    <UnitTest name="DeviceLink.Tests.PS02.PS02Tests.SetConverterDeviceNumberAsync_ShouldSucceed" storage="g:\devicelink\tests\devicelink.tests.ps02\bin\debug\net6.0\devicelink.tests.ps02.dll" id="32f36806-1f0d-afed-49b8-63fa7d3d8edc">
      <Execution id="fad6c2af-fb73-4d77-b969-a223fcb78099" />
      <TestMethod codeBase="g:\DeviceLink\tests\DeviceLink.Tests.PS02\bin\Debug\net6.0\DeviceLink.Tests.PS02.dll" adapterTypeName="executor://xunit/VsTestRunner2/netcoreapp" className="DeviceLink.Tests.PS02.PS02Tests" name="SetConverterDeviceNumberAsync_ShouldSucceed" />
    </UnitTest>
    <UnitTest name="DeviceLink.Tests.PS02.PS02Tests.Constructor_WithSettings_ShouldSucceed" storage="g:\devicelink\tests\devicelink.tests.ps02\bin\debug\net6.0\devicelink.tests.ps02.dll" id="780bae86-4665-bc62-c90e-f330fe78055c">
      <Execution id="35ad9483-5d64-4d74-bb95-cf6a2256d621" />
      <TestMethod codeBase="g:\DeviceLink\tests\DeviceLink.Tests.PS02\bin\Debug\net6.0\DeviceLink.Tests.PS02.dll" adapterTypeName="executor://xunit/VsTestRunner2/netcoreapp" className="DeviceLink.Tests.PS02.PS02Tests" name="Constructor_WithSettings_ShouldSucceed" />
    </UnitTest>
    <UnitTest name="DeviceLink.Tests.PS02.CpplV3FrameStrategyTests.BuildFrame_ShouldContainHeader0x55" storage="g:\devicelink\tests\devicelink.tests.ps02\bin\debug\net6.0\devicelink.tests.ps02.dll" id="cfcdd11a-f5d8-aeb3-d003-afc89975e5ca">
      <Execution id="ed3520f2-2a79-44bb-a210-7f42ad3a8d37" />
      <TestMethod codeBase="g:\DeviceLink\tests\DeviceLink.Tests.PS02\bin\Debug\net6.0\DeviceLink.Tests.PS02.dll" adapterTypeName="executor://xunit/VsTestRunner2/netcoreapp" className="DeviceLink.Tests.PS02.CpplV3FrameStrategyTests" name="BuildFrame_ShouldContainHeader0x55" />
    </UnitTest>
    <UnitTest name="DeviceLink.Tests.PS02.CpplV3FrameStrategyTests.TryParseFrame_InvalidCrc8_ShouldReturnFalse" storage="g:\devicelink\tests\devicelink.tests.ps02\bin\debug\net6.0\devicelink.tests.ps02.dll" id="435ff7a0-a30b-b4c9-64fd-b0b839e73459">
      <Execution id="9c8fff3e-3906-49de-8c49-2c1ad0fcc9c8" />
      <TestMethod codeBase="g:\DeviceLink\tests\DeviceLink.Tests.PS02\bin\Debug\net6.0\DeviceLink.Tests.PS02.dll" adapterTypeName="executor://xunit/VsTestRunner2/netcoreapp" className="DeviceLink.Tests.PS02.CpplV3FrameStrategyTests" name="TryParseFrame_InvalidCrc8_ShouldReturnFalse" />
    </UnitTest>
    <UnitTest name="DeviceLink.Tests.PS02.CpplV3FrameStrategyTests.BuildFrame_DataLength_ShouldMatchModbusWithCRC" storage="g:\devicelink\tests\devicelink.tests.ps02\bin\debug\net6.0\devicelink.tests.ps02.dll" id="b8fc77e0-c481-8d12-b1ce-31ffa6848b11">
      <Execution id="49b1735e-0de6-4697-85e4-801892800ec9" />
      <TestMethod codeBase="g:\DeviceLink\tests\DeviceLink.Tests.PS02\bin\Debug\net6.0\DeviceLink.Tests.PS02.dll" adapterTypeName="executor://xunit/VsTestRunner2/netcoreapp" className="DeviceLink.Tests.PS02.CpplV3FrameStrategyTests" name="BuildFrame_DataLength_ShouldMatchModbusWithCRC" />
    </UnitTest>
    <UnitTest name="DeviceLink.Tests.PS02.CpplV3FrameStrategyTests.BuildParse_RoundTrip_ShouldPreserveData" storage="g:\devicelink\tests\devicelink.tests.ps02\bin\debug\net6.0\devicelink.tests.ps02.dll" id="0f3987ae-03b4-4a4c-fbe4-a25908020e32">
      <Execution id="c326ddaf-3a11-455d-82e5-2d809eb34c85" />
      <TestMethod codeBase="g:\DeviceLink\tests\DeviceLink.Tests.PS02\bin\Debug\net6.0\DeviceLink.Tests.PS02.dll" adapterTypeName="executor://xunit/VsTestRunner2/netcoreapp" className="DeviceLink.Tests.PS02.CpplV3FrameStrategyTests" name="BuildParse_RoundTrip_ShouldPreserveData" />
    </UnitTest>
    <UnitTest name="DeviceLink.Tests.PS02.CpplV3FrameStrategyTests.TryParseFrame_ValidFrame_ShouldReturnTrue" storage="g:\devicelink\tests\devicelink.tests.ps02\bin\debug\net6.0\devicelink.tests.ps02.dll" id="3704c466-a18c-fc63-e597-cc9c8f24da57">
      <Execution id="b0c596f4-d8b4-4d55-b414-168a9596549c" />
      <TestMethod codeBase="g:\DeviceLink\tests\DeviceLink.Tests.PS02\bin\Debug\net6.0\DeviceLink.Tests.PS02.dll" adapterTypeName="executor://xunit/VsTestRunner2/netcoreapp" className="DeviceLink.Tests.PS02.CpplV3FrameStrategyTests" name="TryParseFrame_ValidFrame_ShouldReturnTrue" />
    </UnitTest>
    <UnitTest name="DeviceLink.Tests.PS02.CpplV3FrameStrategyTests.TryParseFrame_NoHeader_ShouldReturnFalse" storage="g:\devicelink\tests\devicelink.tests.ps02\bin\debug\net6.0\devicelink.tests.ps02.dll" id="2b9d1fa9-c26d-5654-7674-b26d98339a59">
      <Execution id="11bead03-960a-4c15-ab73-3b2b6a853f74" />
      <TestMethod codeBase="g:\DeviceLink\tests\DeviceLink.Tests.PS02\bin\Debug\net6.0\DeviceLink.Tests.PS02.dll" adapterTypeName="executor://xunit/VsTestRunner2/netcoreapp" className="DeviceLink.Tests.PS02.CpplV3FrameStrategyTests" name="TryParseFrame_NoHeader_ShouldReturnFalse" />
    </UnitTest>
    <UnitTest name="DeviceLink.Tests.PS02.PS02Tests.GetPrecisionAsync_ShouldReturnPrecision" storage="g:\devicelink\tests\devicelink.tests.ps02\bin\debug\net6.0\devicelink.tests.ps02.dll" id="3471258e-3ab1-3229-1999-d76cebda10d4">
      <Execution id="669eba59-9146-48c3-88d8-d644fd2f4385" />
      <TestMethod codeBase="g:\DeviceLink\tests\DeviceLink.Tests.PS02\bin\Debug\net6.0\DeviceLink.Tests.PS02.dll" adapterTypeName="executor://xunit/VsTestRunner2/netcoreapp" className="DeviceLink.Tests.PS02.PS02Tests" name="GetPrecisionAsync_ShouldReturnPrecision" />
    </UnitTest>
    <UnitTest name="DeviceLink.Tests.PS02.PS02Tests.GetSerialNumberAsync_ShouldReturnSerialNumber" storage="g:\devicelink\tests\devicelink.tests.ps02\bin\debug\net6.0\devicelink.tests.ps02.dll" id="ef3cb433-eebc-26b1-1f51-2183838c5828">
      <Execution id="d25d808a-7431-4b92-9ebb-ea6069b9cc44" />
      <TestMethod codeBase="g:\DeviceLink\tests\DeviceLink.Tests.PS02\bin\Debug\net6.0\DeviceLink.Tests.PS02.dll" adapterTypeName="executor://xunit/VsTestRunner2/netcoreapp" className="DeviceLink.Tests.PS02.PS02Tests" name="GetSerialNumberAsync_ShouldReturnSerialNumber" />
    </UnitTest>
    <UnitTest name="DeviceLink.Tests.PS02.ConverterCommandTests.BuildRawFrame_EnableOwi_ShouldMatchDocumentSample" storage="g:\devicelink\tests\devicelink.tests.ps02\bin\debug\net6.0\devicelink.tests.ps02.dll" id="195e9a01-baab-965c-25cc-b921f9d35e39">
      <Execution id="12b14ea6-4fa0-40c1-be5f-7948ac4cf0da" />
      <TestMethod codeBase="g:\DeviceLink\tests\DeviceLink.Tests.PS02\bin\Debug\net6.0\DeviceLink.Tests.PS02.dll" adapterTypeName="executor://xunit/VsTestRunner2/netcoreapp" className="DeviceLink.Tests.PS02.ConverterCommandTests" name="BuildRawFrame_EnableOwi_ShouldMatchDocumentSample" />
    </UnitTest>
    <UnitTest name="DeviceLink.Tests.PS02.ConverterSerialTests.Converter_FullSequence_ShouldSucceed" storage="g:\devicelink\tests\devicelink.tests.ps02\bin\debug\net6.0\devicelink.tests.ps02.dll" id="3e30df0c-96d1-99fa-b2bf-0fdb9da63016">
      <Execution id="48c58624-4ee3-478e-bfb4-16356997c33f" />
      <TestMethod codeBase="g:\DeviceLink\tests\DeviceLink.Tests.PS02\bin\Debug\net6.0\DeviceLink.Tests.PS02.dll" adapterTypeName="executor://xunit/VsTestRunner2/netcoreapp" className="DeviceLink.Tests.PS02.ConverterSerialTests" name="Converter_FullSequence_ShouldSucceed" />
    </UnitTest>
    <UnitTest name="DeviceLink.Tests.PS02.ConverterSerialTests.Converter_GetFirmwareVersion_ShouldReturnNonEmpty" storage="g:\devicelink\tests\devicelink.tests.ps02\bin\debug\net6.0\devicelink.tests.ps02.dll" id="cf5257af-73d6-787f-8ae5-0fa5357f2a0b">
      <Execution id="b26df2b4-68b4-49b5-82bb-dd9146ec16db" />
      <TestMethod codeBase="g:\DeviceLink\tests\DeviceLink.Tests.PS02\bin\Debug\net6.0\DeviceLink.Tests.PS02.dll" adapterTypeName="executor://xunit/VsTestRunner2/netcoreapp" className="DeviceLink.Tests.PS02.ConverterSerialTests" name="Converter_GetFirmwareVersion_ShouldReturnNonEmpty" />
    </UnitTest>
    <UnitTest name="DeviceLink.Tests.PS02.ConverterCommandTests.BuildRawFrame_SetOutputProject_ShouldMatchDocumentSample" storage="g:\devicelink\tests\devicelink.tests.ps02\bin\debug\net6.0\devicelink.tests.ps02.dll" id="ff7ad0aa-a867-a47e-2c7e-bab7c00600c3">
      <Execution id="13f65921-7e61-46d4-81fe-9a3f8d325586" />
      <TestMethod codeBase="g:\DeviceLink\tests\DeviceLink.Tests.PS02\bin\Debug\net6.0\DeviceLink.Tests.PS02.dll" adapterTypeName="executor://xunit/VsTestRunner2/netcoreapp" className="DeviceLink.Tests.PS02.ConverterCommandTests" name="BuildRawFrame_SetOutputProject_ShouldMatchDocumentSample" />
    </UnitTest>
    <UnitTest name="DeviceLink.Tests.PS02.ConverterSerialTests.Converter_EnableOwiViaConverter_ShouldSucceed" storage="g:\devicelink\tests\devicelink.tests.ps02\bin\debug\net6.0\devicelink.tests.ps02.dll" id="f14213ef-efe7-3412-4a98-c05fe11aa3ee">
      <Execution id="92ce577c-dbb9-434b-bd17-9b767dbcc64a" />
      <TestMethod codeBase="g:\DeviceLink\tests\DeviceLink.Tests.PS02\bin\Debug\net6.0\DeviceLink.Tests.PS02.dll" adapterTypeName="executor://xunit/VsTestRunner2/netcoreapp" className="DeviceLink.Tests.PS02.ConverterSerialTests" name="Converter_EnableOwiViaConverter_ShouldSucceed" />
    </UnitTest>
    <UnitTest name="DeviceLink.Tests.PS02.PS02Tests.GetMeasurementProjectAsync_ShouldReturnResult" storage="g:\devicelink\tests\devicelink.tests.ps02\bin\debug\net6.0\devicelink.tests.ps02.dll" id="6e9b3d5e-cc9a-d336-9f60-e1696dd73504">
      <Execution id="624987e9-c141-4927-a447-91f6e02e95b5" />
      <TestMethod codeBase="g:\DeviceLink\tests\DeviceLink.Tests.PS02\bin\Debug\net6.0\DeviceLink.Tests.PS02.dll" adapterTypeName="executor://xunit/VsTestRunner2/netcoreapp" className="DeviceLink.Tests.PS02.PS02Tests" name="GetMeasurementProjectAsync_ShouldReturnResult" />
    </UnitTest>
    <UnitTest name="DeviceLink.Tests.PS02.CpplV3FrameStrategyTests.BuildFrame_SequenceNumber_ShouldIncrement" storage="g:\devicelink\tests\devicelink.tests.ps02\bin\debug\net6.0\devicelink.tests.ps02.dll" id="24c50c1e-75cd-63de-07ad-7c5a1d6ff14e">
      <Execution id="45b8c1b2-c02d-44d2-8ed1-d1975c29c817" />
      <TestMethod codeBase="g:\DeviceLink\tests\DeviceLink.Tests.PS02\bin\Debug\net6.0\DeviceLink.Tests.PS02.dll" adapterTypeName="executor://xunit/VsTestRunner2/netcoreapp" className="DeviceLink.Tests.PS02.CpplV3FrameStrategyTests" name="BuildFrame_SequenceNumber_ShouldIncrement" />
    </UnitTest>
    <UnitTest name="DeviceLink.Tests.PS02.PS02Tests.GetIdentificationAsync_ShouldReturnAllInfo" storage="g:\devicelink\tests\devicelink.tests.ps02\bin\debug\net6.0\devicelink.tests.ps02.dll" id="b5fbbab8-5d80-ffce-98e4-7ffd381c8f3f">
      <Execution id="fb4fbafb-2f49-49b7-858f-2e1c638eb567" />
      <TestMethod codeBase="g:\DeviceLink\tests\DeviceLink.Tests.PS02\bin\Debug\net6.0\DeviceLink.Tests.PS02.dll" adapterTypeName="executor://xunit/VsTestRunner2/netcoreapp" className="DeviceLink.Tests.PS02.PS02Tests" name="GetIdentificationAsync_ShouldReturnAllInfo" />
    </UnitTest>
    <UnitTest name="DeviceLink.Tests.PS02.ConverterCommandTests.BuildRawFrame_ScanDevice_ShouldMatchDocumentSample" storage="g:\devicelink\tests\devicelink.tests.ps02\bin\debug\net6.0\devicelink.tests.ps02.dll" id="419a3a8b-e13d-d7ab-2d97-2ead9a054259">
      <Execution id="c5678ac1-8fc5-4ad9-92b3-fe860fc67dbe" />
      <TestMethod codeBase="g:\DeviceLink\tests\DeviceLink.Tests.PS02\bin\Debug\net6.0\DeviceLink.Tests.PS02.dll" adapterTypeName="executor://xunit/VsTestRunner2/netcoreapp" className="DeviceLink.Tests.PS02.ConverterCommandTests" name="BuildRawFrame_ScanDevice_ShouldMatchDocumentSample" />
    </UnitTest>
    <UnitTest name="DeviceLink.Tests.PS02.ConverterSerialTests.Converter_SetOutputProject_MaOut_ShouldSucceed" storage="g:\devicelink\tests\devicelink.tests.ps02\bin\debug\net6.0\devicelink.tests.ps02.dll" id="73745b59-f8cf-b348-0793-4bf5b35cb029">
      <Execution id="8369ea77-e1b2-47d3-8a52-a67d2416fc85" />
      <TestMethod codeBase="g:\DeviceLink\tests\DeviceLink.Tests.PS02\bin\Debug\net6.0\DeviceLink.Tests.PS02.dll" adapterTypeName="executor://xunit/VsTestRunner2/netcoreapp" className="DeviceLink.Tests.PS02.ConverterSerialTests" name="Converter_SetOutputProject_MaOut_ShouldSucceed" />
    </UnitTest>
    <UnitTest name="DeviceLink.Tests.PS02.PS02Tests.GetConverterModelAsync_ShouldReturnModel" storage="g:\devicelink\tests\devicelink.tests.ps02\bin\debug\net6.0\devicelink.tests.ps02.dll" id="cfb9c40d-4c07-9351-926c-6cb214345f4f">
      <Execution id="3169b7ed-9332-442a-8ed5-29d2761beaa1" />
      <TestMethod codeBase="g:\DeviceLink\tests\DeviceLink.Tests.PS02\bin\Debug\net6.0\DeviceLink.Tests.PS02.dll" adapterTypeName="executor://xunit/VsTestRunner2/netcoreapp" className="DeviceLink.Tests.PS02.PS02Tests" name="GetConverterModelAsync_ShouldReturnModel" />
    </UnitTest>
    <UnitTest name="DeviceLink.Tests.PS02.CpplV3FrameStrategyTests.Name_ShouldReturnCpplV3" storage="g:\devicelink\tests\devicelink.tests.ps02\bin\debug\net6.0\devicelink.tests.ps02.dll" id="17f397d6-e99b-1e59-db80-f65bd41aa79b">
      <Execution id="fa177e7d-e960-48ab-b073-8e2c4b09159b" />
      <TestMethod codeBase="g:\DeviceLink\tests\DeviceLink.Tests.PS02\bin\Debug\net6.0\DeviceLink.Tests.PS02.dll" adapterTypeName="executor://xunit/VsTestRunner2/netcoreapp" className="DeviceLink.Tests.PS02.CpplV3FrameStrategyTests" name="Name_ShouldReturnCpplV3" />
    </UnitTest>
    <UnitTest name="DeviceLink.Tests.PS02.CpplV3FrameStrategyTests.TryParseFrame_TooShort_ShouldReturnFalse" storage="g:\devicelink\tests\devicelink.tests.ps02\bin\debug\net6.0\devicelink.tests.ps02.dll" id="3c873980-36d6-ba19-b1a5-83bea62df9ca">
      <Execution id="153a3bd1-517b-4079-8582-6b5fc85820e8" />
      <TestMethod codeBase="g:\DeviceLink\tests\DeviceLink.Tests.PS02\bin\Debug\net6.0\DeviceLink.Tests.PS02.dll" adapterTypeName="executor://xunit/VsTestRunner2/netcoreapp" className="DeviceLink.Tests.PS02.CpplV3FrameStrategyTests" name="TryParseFrame_TooShort_ShouldReturnFalse" />
    </UnitTest>
    <UnitTest name="DeviceLink.Tests.PS02.CpplV3FrameStrategyTests.BuildFrame_ShouldContainFunctionCode" storage="g:\devicelink\tests\devicelink.tests.ps02\bin\debug\net6.0\devicelink.tests.ps02.dll" id="c0b04036-8bed-86cd-3088-e84064c19b32">
      <Execution id="4a534a3d-9a7a-496d-a286-c21aca7774f4" />
      <TestMethod codeBase="g:\DeviceLink\tests\DeviceLink.Tests.PS02\bin\Debug\net6.0\DeviceLink.Tests.PS02.dll" adapterTypeName="executor://xunit/VsTestRunner2/netcoreapp" className="DeviceLink.Tests.PS02.CpplV3FrameStrategyTests" name="BuildFrame_ShouldContainFunctionCode" />
    </UnitTest>
    <UnitTest name="DeviceLink.Tests.PS02.PS02Tests.CloseMeasurementProjectAsync_ShouldSucceed" storage="g:\devicelink\tests\devicelink.tests.ps02\bin\debug\net6.0\devicelink.tests.ps02.dll" id="2929c0c0-8c1b-6b7e-16e5-5a2108c9e4e2">
      <Execution id="ef6c2000-bfec-4142-869b-d9f6616be6ff" />
      <TestMethod codeBase="g:\DeviceLink\tests\DeviceLink.Tests.PS02\bin\Debug\net6.0\DeviceLink.Tests.PS02.dll" adapterTypeName="executor://xunit/VsTestRunner2/netcoreapp" className="DeviceLink.Tests.PS02.PS02Tests" name="CloseMeasurementProjectAsync_ShouldSucceed" />
    </UnitTest>
    <UnitTest name="DeviceLink.Tests.PS02.CpplV3FrameStrategyTests.BuildFrame_ShouldContainTargetAddress" storage="g:\devicelink\tests\devicelink.tests.ps02\bin\debug\net6.0\devicelink.tests.ps02.dll" id="56820444-5393-16ed-26e0-504f8866be18">
      <Execution id="b0a68c01-d683-41aa-8a2d-499172f798b3" />
      <TestMethod codeBase="g:\DeviceLink\tests\DeviceLink.Tests.PS02\bin\Debug\net6.0\DeviceLink.Tests.PS02.dll" adapterTypeName="executor://xunit/VsTestRunner2/netcoreapp" className="DeviceLink.Tests.PS02.CpplV3FrameStrategyTests" name="BuildFrame_ShouldContainTargetAddress" />
    </UnitTest>
    <UnitTest name="DeviceLink.Tests.PS02.ConverterSerialTests.Converter_GetHardwareVersion_ShouldReturnNonEmpty" storage="g:\devicelink\tests\devicelink.tests.ps02\bin\debug\net6.0\devicelink.tests.ps02.dll" id="4d4fe33d-9d73-5fff-2118-66e9bcef46c6">
      <Execution id="d6debc57-4600-480a-b114-0faee519e9f5" />
      <TestMethod codeBase="g:\DeviceLink\tests\DeviceLink.Tests.PS02\bin\Debug\net6.0\DeviceLink.Tests.PS02.dll" adapterTypeName="executor://xunit/VsTestRunner2/netcoreapp" className="DeviceLink.Tests.PS02.ConverterSerialTests" name="Converter_GetHardwareVersion_ShouldReturnNonEmpty" />
    </UnitTest>
    <UnitTest name="DeviceLink.Tests.PS02.PS02Tests.GetModuleTypeAsync_ShouldReturnType" storage="g:\devicelink\tests\devicelink.tests.ps02\bin\debug\net6.0\devicelink.tests.ps02.dll" id="276a1477-d794-8484-1d2b-4d9795a64b18">
      <Execution id="a6a97244-9fa6-4faf-ac5a-59d70a5debbc" />
      <TestMethod codeBase="g:\DeviceLink\tests\DeviceLink.Tests.PS02\bin\Debug\net6.0\DeviceLink.Tests.PS02.dll" adapterTypeName="executor://xunit/VsTestRunner2/netcoreapp" className="DeviceLink.Tests.PS02.PS02Tests" name="GetModuleTypeAsync_ShouldReturnType" />
    </UnitTest>
    <UnitTest name="DeviceLink.Tests.PS02.PS02Tests.Constructor_WithDefaultConfig_ShouldSucceed" storage="g:\devicelink\tests\devicelink.tests.ps02\bin\debug\net6.0\devicelink.tests.ps02.dll" id="2fb004e2-650c-f116-f61c-487f59911977">
      <Execution id="c13c87c2-baad-4d68-b378-8f69adb6c98f" />
      <TestMethod codeBase="g:\DeviceLink\tests\DeviceLink.Tests.PS02\bin\Debug\net6.0\DeviceLink.Tests.PS02.dll" adapterTypeName="executor://xunit/VsTestRunner2/netcoreapp" className="DeviceLink.Tests.PS02.PS02Tests" name="Constructor_WithDefaultConfig_ShouldSucceed" />
    </UnitTest>
  </TestDefinitions>
  <TestEntries>
    <TestEntry testId="3e30df0c-96d1-99fa-b2bf-0fdb9da63016" executionId="48c58624-4ee3-478e-bfb4-16356997c33f" testListId="8c84fa94-04c1-424b-9868-57a2d4851a1d" />
    <TestEntry testId="a27545b3-bf9e-5f19-4ce2-1a12f0c72e3d" executionId="e48686c0-3e2d-46cf-b9c8-89fbb33504dc" testListId="8c84fa94-04c1-424b-9868-57a2d4851a1d" />
    <TestEntry testId="0f3987ae-03b4-4a4c-fbe4-a25908020e32" executionId="c326ddaf-3a11-455d-82e5-2d809eb34c85" testListId="8c84fa94-04c1-424b-9868-57a2d4851a1d" />
    <TestEntry testId="fa46a425-b4a7-1855-0b62-07b247f07e8a" executionId="5ebc41a6-382c-43a4-8e21-989722425daa" testListId="8c84fa94-04c1-424b-9868-57a2d4851a1d" />
    <TestEntry testId="dc5c49aa-01ff-f60d-cca1-e8677fe37801" executionId="d45bf489-c1c7-4fe0-9e1e-ffc19e615aef" testListId="8c84fa94-04c1-424b-9868-57a2d4851a1d" />
    <TestEntry testId="b5fbbab8-5d80-ffce-98e4-7ffd381c8f3f" executionId="fb4fbafb-2f49-49b7-858f-2e1c638eb567" testListId="8c84fa94-04c1-424b-9868-57a2d4851a1d" />
    <TestEntry testId="cfb9c40d-4c07-9351-926c-6cb214345f4f" executionId="3169b7ed-9332-442a-8ed5-29d2761beaa1" testListId="8c84fa94-04c1-424b-9868-57a2d4851a1d" />
    <TestEntry testId="c23e3320-ca14-6a67-fc78-059a5cbde885" executionId="cec2e308-28b4-4883-b05d-c0d23a6d90c1" testListId="8c84fa94-04c1-424b-9868-57a2d4851a1d" />
    <TestEntry testId="73745b59-f8cf-b348-0793-4bf5b35cb029" executionId="8369ea77-e1b2-47d3-8a52-a67d2416fc85" testListId="8c84fa94-04c1-424b-9868-57a2d4851a1d" />
    <TestEntry testId="68cf545e-de0e-e29e-9f6f-de53a5d6ffce" executionId="0399546d-559a-460c-9529-f56f3ed661ed" testListId="8c84fa94-04c1-424b-9868-57a2d4851a1d" />
    <TestEntry testId="435ff7a0-a30b-b4c9-64fd-b0b839e73459" executionId="9c8fff3e-3906-49de-8c49-2c1ad0fcc9c8" testListId="8c84fa94-04c1-424b-9868-57a2d4851a1d" />
    <TestEntry testId="276a1477-d794-8484-1d2b-4d9795a64b18" executionId="a6a97244-9fa6-4faf-ac5a-59d70a5debbc" testListId="8c84fa94-04c1-424b-9868-57a2d4851a1d" />
    <TestEntry testId="ff7ad0aa-a867-a47e-2c7e-bab7c00600c3" executionId="13f65921-7e61-46d4-81fe-9a3f8d325586" testListId="8c84fa94-04c1-424b-9868-57a2d4851a1d" />
    <TestEntry testId="6c396934-44a9-e72b-0949-fc79583c128a" executionId="fe4c2b41-a3a6-4aee-8b18-2ff9598f4383" testListId="8c84fa94-04c1-424b-9868-57a2d4851a1d" />
    <TestEntry testId="b1ea172b-dcce-3431-e9bc-08cd065fdce7" executionId="3b67401b-78e0-482b-9270-ede54c31fc6f" testListId="8c84fa94-04c1-424b-9868-57a2d4851a1d" />
    <TestEntry testId="cf5257af-73d6-787f-8ae5-0fa5357f2a0b" executionId="b26df2b4-68b4-49b5-82bb-dd9146ec16db" testListId="8c84fa94-04c1-424b-9868-57a2d4851a1d" />
    <TestEntry testId="780bae86-4665-bc62-c90e-f330fe78055c" executionId="35ad9483-5d64-4d74-bb95-cf6a2256d621" testListId="8c84fa94-04c1-424b-9868-57a2d4851a1d" />
    <TestEntry testId="652362d7-b167-b7fc-5275-116135052a82" executionId="25782ee0-8106-4dca-80d3-4113c12cf0a2" testListId="8c84fa94-04c1-424b-9868-57a2d4851a1d" />
    <TestEntry testId="bc520cf3-74e5-7b58-d11a-55cd996c025a" executionId="e7ce0e34-0aa5-471e-b90e-78fa4f7f17ee" testListId="8c84fa94-04c1-424b-9868-57a2d4851a1d" />
    <TestEntry testId="4d4fe33d-9d73-5fff-2118-66e9bcef46c6" executionId="d6debc57-4600-480a-b114-0faee519e9f5" testListId="8c84fa94-04c1-424b-9868-57a2d4851a1d" />
    <TestEntry testId="56820444-5393-16ed-26e0-504f8866be18" executionId="b0a68c01-d683-41aa-8a2d-499172f798b3" testListId="8c84fa94-04c1-424b-9868-57a2d4851a1d" />
    <TestEntry testId="5b7f78f9-dfd1-541a-429b-70cfb5ac774f" executionId="498ff9b6-a265-4b22-bf35-481952f860e3" testListId="8c84fa94-04c1-424b-9868-57a2d4851a1d" />
    <TestEntry testId="bd650601-60c3-b196-2791-679b7a280d74" executionId="d50898ca-9cc1-4768-9592-679beccf5362" testListId="8c84fa94-04c1-424b-9868-57a2d4851a1d" />
    <TestEntry testId="3704c466-a18c-fc63-e597-cc9c8f24da57" executionId="b0c596f4-d8b4-4d55-b414-168a9596549c" testListId="8c84fa94-04c1-424b-9868-57a2d4851a1d" />
    <TestEntry testId="88798e95-f743-0f0e-2efd-d1e7df1724ec" executionId="f30bd1af-c9f8-483c-85c2-2f3285f6cd06" testListId="8c84fa94-04c1-424b-9868-57a2d4851a1d" />
    <TestEntry testId="f18b8abc-4315-6112-fa31-2efa8c00dc56" executionId="3eee4dfa-0d3a-40ba-9561-d0baaca1f53e" testListId="8c84fa94-04c1-424b-9868-57a2d4851a1d" />
    <TestEntry testId="b8fc77e0-c481-8d12-b1ce-31ffa6848b11" executionId="49b1735e-0de6-4697-85e4-801892800ec9" testListId="8c84fa94-04c1-424b-9868-57a2d4851a1d" />
    <TestEntry testId="c0b04036-8bed-86cd-3088-e84064c19b32" executionId="4a534a3d-9a7a-496d-a286-c21aca7774f4" testListId="8c84fa94-04c1-424b-9868-57a2d4851a1d" />
    <TestEntry testId="2a2cad3b-353e-0f0b-675d-108f46f17001" executionId="545f4790-964b-44df-a752-574029cce167" testListId="8c84fa94-04c1-424b-9868-57a2d4851a1d" />
    <TestEntry testId="e0d5205f-eadf-dcfd-60d3-00d437f9c6f4" executionId="7ac3402e-9c75-4f48-9501-5e11497c68d0" testListId="8c84fa94-04c1-424b-9868-57a2d4851a1d" />
    <TestEntry testId="dd303077-300b-622e-292c-fe4305616808" executionId="7a9ae182-272e-47a4-a145-0d56b82919e7" testListId="8c84fa94-04c1-424b-9868-57a2d4851a1d" />
    <TestEntry testId="cfcdd11a-f5d8-aeb3-d003-afc89975e5ca" executionId="ed3520f2-2a79-44bb-a210-7f42ad3a8d37" testListId="8c84fa94-04c1-424b-9868-57a2d4851a1d" />
    <TestEntry testId="2017317d-25e6-785e-689b-f5f4945a57a3" executionId="cefa3422-c593-4e23-883c-aa7a69bf662e" testListId="8c84fa94-04c1-424b-9868-57a2d4851a1d" />
    <TestEntry testId="1d85191a-ecd6-1e76-be98-43a464d6335f" executionId="1c07fd46-b698-433a-baff-92792c9fdd0b" testListId="8c84fa94-04c1-424b-9868-57a2d4851a1d" />
    <TestEntry testId="32f36806-1f0d-afed-49b8-63fa7d3d8edc" executionId="fad6c2af-fb73-4d77-b969-a223fcb78099" testListId="8c84fa94-04c1-424b-9868-57a2d4851a1d" />
    <TestEntry testId="195e9a01-baab-965c-25cc-b921f9d35e39" executionId="12b14ea6-4fa0-40c1-be5f-7948ac4cf0da" testListId="8c84fa94-04c1-424b-9868-57a2d4851a1d" />
    <TestEntry testId="6df1f0fe-beed-ca59-b1c4-2eb1ebeae7ed" executionId="0aa41994-57b5-481a-a9bc-866f6ffde80e" testListId="8c84fa94-04c1-424b-9868-57a2d4851a1d" />
    <TestEntry testId="3c873980-36d6-ba19-b1a5-83bea62df9ca" executionId="153a3bd1-517b-4079-8582-6b5fc85820e8" testListId="8c84fa94-04c1-424b-9868-57a2d4851a1d" />
    <TestEntry testId="2929c0c0-8c1b-6b7e-16e5-5a2108c9e4e2" executionId="ef6c2000-bfec-4142-869b-d9f6616be6ff" testListId="8c84fa94-04c1-424b-9868-57a2d4851a1d" />
    <TestEntry testId="89a7c726-ca6d-d7b4-43d4-8056c070d198" executionId="4a9b9107-09ce-4269-8c5d-efdc3e5a8217" testListId="8c84fa94-04c1-424b-9868-57a2d4851a1d" />
    <TestEntry testId="6e9b3d5e-cc9a-d336-9f60-e1696dd73504" executionId="624987e9-c141-4927-a447-91f6e02e95b5" testListId="8c84fa94-04c1-424b-9868-57a2d4851a1d" />
    <TestEntry testId="419a3a8b-e13d-d7ab-2d97-2ead9a054259" executionId="c5678ac1-8fc5-4ad9-92b3-fe860fc67dbe" testListId="8c84fa94-04c1-424b-9868-57a2d4851a1d" />
    <TestEntry testId="2b9d1fa9-c26d-5654-7674-b26d98339a59" executionId="11bead03-960a-4c15-ab73-3b2b6a853f74" testListId="8c84fa94-04c1-424b-9868-57a2d4851a1d" />
    <TestEntry testId="a16ca6a4-69fd-df95-1393-1ed88b477e36" executionId="e35208ec-e2e4-476e-98f8-d3016ebda4bd" testListId="8c84fa94-04c1-424b-9868-57a2d4851a1d" />
    <TestEntry testId="f14213ef-efe7-3412-4a98-c05fe11aa3ee" executionId="92ce577c-dbb9-434b-bd17-9b767dbcc64a" testListId="8c84fa94-04c1-424b-9868-57a2d4851a1d" />
    <TestEntry testId="24c50c1e-75cd-63de-07ad-7c5a1d6ff14e" executionId="45b8c1b2-c02d-44d2-8ed1-d1975c29c817" testListId="8c84fa94-04c1-424b-9868-57a2d4851a1d" />
    <TestEntry testId="d5601e52-b09f-5005-8a8c-33e5c2ca9815" executionId="27885a77-8a30-4b41-8b77-99ca3aa629c6" testListId="8c84fa94-04c1-424b-9868-57a2d4851a1d" />
    <TestEntry testId="a7c13fd0-267b-f027-5e87-6c2bf8da2f0f" executionId="2e9137db-37b8-4d2a-b3ab-855c1e9a962f" testListId="8c84fa94-04c1-424b-9868-57a2d4851a1d" />
    <TestEntry testId="b518883d-c17f-dfde-4636-43ef1c4ab6dd" executionId="1bada8fc-6cb4-4792-8902-a3c39ae476b5" testListId="8c84fa94-04c1-424b-9868-57a2d4851a1d" />
    <TestEntry testId="3471258e-3ab1-3229-1999-d76cebda10d4" executionId="669eba59-9146-48c3-88d8-d644fd2f4385" testListId="8c84fa94-04c1-424b-9868-57a2d4851a1d" />
    <TestEntry testId="ae12722d-dc57-59b1-7c18-0e44459d04de" executionId="2a1c27ae-8855-4bfa-9ae7-99b20cb01019" testListId="8c84fa94-04c1-424b-9868-57a2d4851a1d" />
    <TestEntry testId="63b8e137-cc10-a089-3dc6-8caf422a913c" executionId="8b466d32-8684-4c15-bb0d-c1fbdeae4fc4" testListId="8c84fa94-04c1-424b-9868-57a2d4851a1d" />
    <TestEntry testId="2fb004e2-650c-f116-f61c-487f59911977" executionId="c13c87c2-baad-4d68-b378-8f69adb6c98f" testListId="8c84fa94-04c1-424b-9868-57a2d4851a1d" />
    <TestEntry testId="ef3cb433-eebc-26b1-1f51-2183838c5828" executionId="d25d808a-7431-4b92-9ebb-ea6069b9cc44" testListId="8c84fa94-04c1-424b-9868-57a2d4851a1d" />
    <TestEntry testId="01d947d2-4434-ca97-44e9-b792118db024" executionId="a71d11a4-d6f0-4d93-a3a3-88bf983bbbfa" testListId="8c84fa94-04c1-424b-9868-57a2d4851a1d" />
    <TestEntry testId="b75b211e-37b3-d17b-2ffc-f81e26a7f64e" executionId="d492b5ad-33ef-4a74-97a9-50881101026d" testListId="8c84fa94-04c1-424b-9868-57a2d4851a1d" />
    <TestEntry testId="17f397d6-e99b-1e59-db80-f65bd41aa79b" executionId="fa177e7d-e960-48ab-b073-8e2c4b09159b" testListId="8c84fa94-04c1-424b-9868-57a2d4851a1d" />
    <TestEntry testId="098016dc-c895-7cde-221a-00a993166906" executionId="f9f5a64e-ff5f-4115-9b35-f01c3ca7fcc9" testListId="8c84fa94-04c1-424b-9868-57a2d4851a1d" />
  </TestEntries>
  <TestLists>
    <TestList name="列表中未列出的结果" id="8c84fa94-04c1-424b-9868-57a2d4851a1d" />
    <TestList name="所有已加载的结果" id="19431567-8539-422a-85d7-44ee4e166bda" />
  </TestLists>
  <ResultSummary outcome="Failed">
    <Counters total="58" executed="58" passed="55" failed="3" error="0" timeout="0" aborted="0" inconclusive="0" passedButRunAborted="0" notRunnable="0" notExecuted="0" disconnected="0" warning="0" completed="0" inProgress="0" pending="0" />
    <Output>
      <StdOut>[xUnit.net 00:00:00.00] xUnit.net VSTest Adapter v2.4.5+1caef2f33e (64-bit .NET 6.0.36)&#xD;
[xUnit.net 00:00:00.79]   Discovering: DeviceLink.Tests.PS02&#xD;
[xUnit.net 00:00:00.87]   Discovered:  DeviceLink.Tests.PS02&#xD;
[xUnit.net 00:00:00.88]   Starting:    DeviceLink.Tests.PS02&#xD;
[xUnit.net 00:00:06.23]       DeviceLink.Session.SessionException : 请求失败: 接收超时或未收到有效数据&#xD;
[xUnit.net 00:00:06.23]       ---- DeviceLink.DataLink.FrameTimeoutException : 接收超时或未收到有效数据&#xD;
[xUnit.net 00:00:06.23]       Stack Trace:&#xD;
[xUnit.net 00:00:06.23]         g:\DeviceLink\core\DeviceLink.Session\Implementations\DirectSession.cs(98,0): at DeviceLink.Session.DirectSession.SendAndReceiveAsync(Byte[] request, CancellationToken ct)&#xD;
[xUnit.net 00:00:06.23]         g:\DeviceLink\devices\DeviceLink.Device.PS02\PS02Base.cs(154,0): at DeviceLink.Device.PS02.PS02Base.SendAsync(Command command, CancellationToken ct)&#xD;
[xUnit.net 00:00:06.23]         g:\DeviceLink\core\DeviceLink.DeviceBase\DeviceBase.cs(431,0): at DeviceLink.DeviceBase.DeviceBase.SendForResultAsync[T](Command command, Func`2 decoder, CancellationToken ct)&#xD;
[xUnit.net 00:00:06.23]         g:\DeviceLink\devices\DeviceLink.Device.PS02\PS02Base.cs(297,0): at DeviceLink.Device.PS02.PS02Base.GetPressureAsync(CancellationToken ct)&#xD;
[xUnit.net 00:00:06.23]         g:\DeviceLink\tests\DeviceLink.Tests.PS02\PS02Tests.cs(148,0): at DeviceLink.Tests.PS02.PS02Tests.GetPressureAsync_ShouldReturnPressure()&#xD;
[xUnit.net 00:00:06.23]         --- End of stack trace from previous location ---&#xD;
[xUnit.net 00:00:06.23]         ----- Inner Stack Trace -----&#xD;
[xUnit.net 00:00:06.23]         g:\DeviceLink\core\DeviceLink.DataLink\Implementations\DirectDataLink.cs(141,0): at DeviceLink.DataLink.DirectDataLink.SendAndReceiveFrameAsync(Byte[] frameData, CancellationToken ct)&#xD;
[xUnit.net 00:00:06.23]         g:\DeviceLink\core\DeviceLink.Session\Implementations\DirectSession.cs(83,0): at DeviceLink.Session.DirectSession.SendAndReceiveAsync(Byte[] request, CancellationToken ct)&#xD;
[xUnit.net 00:00:07.63]       Assert.Throws() Failure&#xD;
[xUnit.net 00:00:07.63]       Expected: typeof(System.Threading.Tasks.TaskCanceledException)&#xD;
[xUnit.net 00:00:07.64]       Actual:   typeof(System.OperationCanceledException): The operation was canceled.&#xD;
[xUnit.net 00:00:07.64]       ---- System.OperationCanceledException : The operation was canceled.&#xD;
[xUnit.net 00:00:07.64]       Stack Trace:&#xD;
[xUnit.net 00:00:07.64]            at System.Threading.CancellationToken.ThrowOperationCanceledException()&#xD;
[xUnit.net 00:00:07.64]         g:\DeviceLink\core\DeviceLink.DataLink\Implementations\DirectDataLink.cs(210,0): at DeviceLink.DataLink.DirectDataLink.ReceiveLoopAsync(CancellationToken ct)&#xD;
[xUnit.net 00:00:07.64]         g:\DeviceLink\core\DeviceLink.DataLink\Implementations\DirectDataLink.cs(122,0): at DeviceLink.DataLink.DirectDataLink.SendAndReceiveFrameAsync(Byte[] frameData, CancellationToken ct)&#xD;
[xUnit.net 00:00:07.64]         g:\DeviceLink\core\DeviceLink.Session\Implementations\DirectSession.cs(83,0): at DeviceLink.Session.DirectSession.SendAndReceiveAsync(Byte[] request, CancellationToken ct)&#xD;
[xUnit.net 00:00:07.64]         g:\DeviceLink\devices\DeviceLink.Device.PS02\PS02Base.cs(154,0): at DeviceLink.Device.PS02.PS02Base.SendAsync(Command command, CancellationToken ct)&#xD;
[xUnit.net 00:00:07.64]         g:\DeviceLink\core\DeviceLink.DeviceBase\DeviceBase.cs(431,0): at DeviceLink.DeviceBase.DeviceBase.SendForResultAsync[T](Command command, Func`2 decoder, CancellationToken ct)&#xD;
[xUnit.net 00:00:07.64]         g:\DeviceLink\devices\DeviceLink.Device.PS02\PS02Base.cs(297,0): at DeviceLink.Device.PS02.PS02Base.GetPressureAsync(CancellationToken ct)&#xD;
[xUnit.net 00:00:07.64]         ----- Inner Stack Trace -----&#xD;
[xUnit.net 00:00:07.64]            at System.Threading.CancellationToken.ThrowOperationCanceledException()&#xD;
[xUnit.net 00:00:07.64]         g:\DeviceLink\core\DeviceLink.DataLink\Implementations\DirectDataLink.cs(210,0): at DeviceLink.DataLink.DirectDataLink.ReceiveLoopAsync(CancellationToken ct)&#xD;
[xUnit.net 00:00:07.64]         g:\DeviceLink\core\DeviceLink.DataLink\Implementations\DirectDataLink.cs(122,0): at DeviceLink.DataLink.DirectDataLink.SendAndReceiveFrameAsync(Byte[] frameData, CancellationToken ct)&#xD;
[xUnit.net 00:00:07.64]         g:\DeviceLink\core\DeviceLink.Session\Implementations\DirectSession.cs(83,0): at DeviceLink.Session.DirectSession.SendAndReceiveAsync(Byte[] request, CancellationToken ct)&#xD;
[xUnit.net 00:00:07.64]         g:\DeviceLink\devices\DeviceLink.Device.PS02\PS02Base.cs(154,0): at DeviceLink.Device.PS02.PS02Base.SendAsync(Command command, CancellationToken ct)&#xD;
[xUnit.net 00:00:07.64]         g:\DeviceLink\core\DeviceLink.DeviceBase\DeviceBase.cs(431,0): at DeviceLink.DeviceBase.DeviceBase.SendForResultAsync[T](Command command, Func`2 decoder, CancellationToken ct)&#xD;
[xUnit.net 00:00:07.64]         g:\DeviceLink\devices\DeviceLink.Device.PS02\PS02Base.cs(297,0): at DeviceLink.Device.PS02.PS02Base.GetPressureAsync(CancellationToken ct)&#xD;
[xUnit.net 00:00:33.64]       启用 OWI 通信模式应该成功&#xD;
[xUnit.net 00:00:33.64]       Expected: True&#xD;
[xUnit.net 00:00:33.64]       Actual:   False&#xD;
[xUnit.net 00:00:33.64]       Stack Trace:&#xD;
[xUnit.net 00:00:33.64]         g:\DeviceLink\tests\DeviceLink.Tests.PS02\ConverterSerialTests.cs(479,0): at DeviceLink.Tests.PS02.ConverterSerialTests.Converter_EnableOwiViaConverter_ShouldSucceed()&#xD;
[xUnit.net 00:00:33.64]         g:\DeviceLink\tests\DeviceLink.Tests.PS02\ConverterSerialTests.cs(496,0): at DeviceLink.Tests.PS02.ConverterSerialTests.Converter_EnableOwiViaConverter_ShouldSucceed()&#xD;
[xUnit.net 00:00:33.64]         --- End of stack trace from previous location ---&#xD;
[xUnit.net 00:00:33.64]       Output:&#xD;
[xUnit.net 00:00:33.64]         串口配置: COM101, 9600bps, 从站地址: 1&#xD;
[xUnit.net 00:00:33.64]         设备已成功打开&#xD;
[xUnit.net 00:00:33.64]         启用 OWI 通信模式结果: False&#xD;
[xUnit.net 00:00:33.64]         禁用 OWI 通信模式结果: False&#xD;
[xUnit.net 00:00:33.64]         设备已关闭&#xD;
[xUnit.net 00:00:36.04]   Finished:    DeviceLink.Tests.PS02&#xD;
</StdOut>
    </Output>
    <RunInfos>
      <RunInfo computerName="GSL940A" outcome="Error" timestamp="2026-07-07T12:19:02.6037329+08:00">
        <Text>[xUnit.net 00:00:06.22]     DeviceLink.Tests.PS02.PS02Tests.GetPressureAsync_ShouldReturnPressure [FAIL]</Text>
      </RunInfo>
      <RunInfo computerName="GSL940A" outcome="Error" timestamp="2026-07-07T12:19:04.0140776+08:00">
        <Text>[xUnit.net 00:00:07.63]     DeviceLink.Tests.PS02.PS02Tests.GetPressureAsync_TransportTimeout_ShouldThrow [FAIL]</Text>
      </RunInfo>
      <RunInfo computerName="GSL940A" outcome="Error" timestamp="2026-07-07T12:19:30.0171935+08:00">
        <Text>[xUnit.net 00:00:33.64]     DeviceLink.Tests.PS02.ConverterSerialTests.Converter_EnableOwiViaConverter_ShouldSucceed [FAIL]</Text>
      </RunInfo>
    </RunInfos>
  </ResultSummary>
</TestRun>