<?xml version="1.0" encoding="utf-8"?>
<TestRun id="27faf8e8-49d3-4668-8f27-c202e404881d" name="gsl940@GSL940A 2026-07-07 12:18:38" runUser="CONST\gsl940" xmlns="http://microsoft.com/schemas/VisualStudio/TeamTest/2010">
  <Times creation="2026-07-07T12:18:38.5556373+08:00" queuing="2026-07-07T12:18:38.5556377+08:00" start="2026-07-07T12:18:33.8990012+08:00" finish="2026-07-07T12:18:38.5656363+08:00" />
  <TestSettings name="default" id="05fdf630-24d9-4aba-b0ba-d4d62fedbceb">
    <Deployment runDeploymentRoot="gsl940_GSL940A_2026-07-07_12_18_38" />
  </TestSettings>
  <Results>
    <UnitTestResult executionId="4ee4fad3-30cd-4677-af0f-2defb6fedf65" testId="cfb9c40d-4c07-9351-926c-6cb214345f4f" testName="DeviceLink.Tests.PS02.PS02Tests.GetConverterModelAsync_ShouldReturnModel" computerName="GSL940A" duration="00:00:00.0639841" startTime="2026-07-07T12:18:38.4491502+08:00" endTime="2026-07-07T12:18:38.4491726+08:00" testType="13cdc9d9-ddb5-4fa4-a97d-d965ccfc6d4b" outcome="Passed" testListId="8c84fa94-04c1-424b-9868-57a2d4851a1d" relativeResultsDirectory="4ee4fad3-30cd-4677-af0f-2defb6fedf65" />
  </Results>
  <TestDefinitions>
    <UnitTest name="DeviceLink.Tests.PS02.PS02Tests.GetConverterModelAsync_ShouldReturnModel" storage="g:\devicelink\tests\devicelink.tests.ps02\bin\debug\net6.0\devicelink.tests.ps02.dll" id="cfb9c40d-4c07-9351-926c-6cb214345f4f">
      <Execution id="4ee4fad3-30cd-4677-af0f-2defb6fedf65" />
      <TestMethod codeBase="g:\DeviceLink\tests\DeviceLink.Tests.PS02\bin\Debug\net6.0\DeviceLink.Tests.PS02.dll" adapterTypeName="executor://xunit/VsTestRunner2/netcoreapp" className="DeviceLink.Tests.PS02.PS02Tests" name="GetConverterModelAsync_ShouldReturnModel" />
    </UnitTest>
  </TestDefinitions>
  <TestEntries>
    <TestEntry testId="cfb9c40d-4c07-9351-926c-6cb214345f4f" executionId="4ee4fad3-30cd-4677-af0f-2defb6fedf65" testListId="8c84fa94-04c1-424b-9868-57a2d4851a1d" />
  </TestEntries>
  <TestLists>
    <TestList name="列表中未列出的结果" id="8c84fa94-04c1-424b-9868-57a2d4851a1d" />
    <TestList name="所有已加载的结果" id="19431567-8539-422a-85d7-44ee4e166bda" />
  </TestLists>
  <ResultSummary outcome="Completed">
    <Counters total="1" executed="1" passed="1" failed="0" error="0" timeout="0" aborted="0" inconclusive="0" passedButRunAborted="0" notRunnable="0" notExecuted="0" disconnected="0" warning="0" completed="0" inProgress="0" pending="0" />
    <Output>
      <StdOut>[xUnit.net 00:00:00.01] xUnit.net VSTest Adapter v2.4.5+1caef2f33e (64-bit .NET 6.0.36)&#xD;
[xUnit.net 00:00:00.95]   Discovering: DeviceLink.Tests.PS02&#xD;
[xUnit.net 00:00:01.02]   Discovered:  DeviceLink.Tests.PS02&#xD;
[xUnit.net 00:00:01.03]   Starting:    DeviceLink.Tests.PS02&#xD;
[xUnit.net 00:00:01.18]   Finished:    DeviceLink.Tests.PS02&#xD;
</StdOut>
    </Output>
  </ResultSummary>
</TestRun>